✅ Sent via telegram. Message ID: 2326
✅ Sent via telegram. Message ID: 2367
✅ Sent via telegram. Message ID: 2378
✅ Sent via telegram. Message ID: 2394
✅ Sent via telegram. Message ID: 2405
[main a048440] auto: daily commit
 14 files changed, 1068 deletions(-)
 delete mode 100644 src/routes/api/cron-errors.tsx
 delete mode 100644 src/routes/api/cron-toggle.tsx
 delete mode 100644 src/routes/api/crons.tsx
 delete mode 100644 src/routes/api/dispatch.tsx
 delete mode 100644 src/routes/api/incidents-auto-resolve.tsx
 delete mode 100644 src/routes/api/incidents-create.tsx
 delete mode 100644 src/routes/api/incidents-resolve.tsx
 delete mode 100644 src/routes/api/incidents-status.tsx
 delete mode 100644 src/routes/api/incidents-timeline.tsx
 delete mode 100644 src/routes/api/incidents-update.tsx
 delete mode 100644 src/routes/api/remediate.tsx
 delete mode 100644 src/routes/api/retry-policy.tsx
 delete mode 100644 src/routes/api/save-tasks.tsx
 delete mode 100644 src/routes/api/tasks-add.tsx
✅ Sent via telegram. Message ID: 2437
[main 775aea4] auto: daily commit
 4 files changed, 749 insertions(+)
 create mode 100644 src/lib/server-data/station-memory.ts
 create mode 100644 src/routes/station-memory.tsx
✅ Sent via telegram. Message ID: 2446
[main 52a6bc1] auto: daily commit
 3 files changed, 30 insertions(+), 22 deletions(-)
✅ Sent via telegram. Message ID: 2468
✅ Sent via telegram. Message ID: 2536
