2026-06-18 08:52:04 [GW-HEAL] Checking for gateway crash loop...
2026-06-18 08:52:04 [GW-HEAL] Found 1 error source(s) in last 10 min
2026-06-18 08:52:04 [GW-HEAL] Below threshold (3) — no action
2026-06-18 09:07:23 [GW-HEAL] Checking for gateway crash loop...
2026-06-18 09:07:23 [GW-HEAL] Found 1 error source(s) in last 10 min
2026-06-18 09:07:23 [GW-HEAL] Below threshold (3) — no action
2026-06-18 12:09:06 [GW-HEAL] Checking for gateway crash loop...
2026-06-18 12:09:06 [GW-HEAL] Found 5 error source(s) in last 10 min
2026-06-18 12:09:06 [GW-HEAL] THRESHOLD EXCEEDED — initiating gateway restart
2026-06-18 12:09:06 [GW-HEAL] Restarting gateway via launchctl...
2026-06-18 22:14:31 [GW-HEAL] Checking for gateway crash loop...
2026-06-18 22:14:31 [GW-HEAL] Found 2 error source(s) in last 10 min
2026-06-18 22:14:31 [GW-HEAL] Below threshold (3) — no action
2026-06-19 00:42:14 [GW-HEAL] Checking for gateway crash loop...
2026-06-19 00:42:14 [GW-HEAL] Found 1 error source(s) in last 10 min
2026-06-19 00:42:14 [GW-HEAL] Below threshold (3) — no action
2026-06-20 07:27:32 [GW-HEAL] Checking for gateway crash loop...
2026-06-20 07:27:32 [GW-HEAL] Found 4 error source(s) in last 10 min
2026-06-20 07:27:32 [GW-HEAL] THRESHOLD EXCEEDED — initiating gateway restart
2026-06-20 07:27:32 [GW-HEAL] Restarting gateway via launchctl...
2026-06-23 03:16:44 [GW-HEAL] Checking for gateway crash loop...
2026-06-23 03:16:44 [GW-HEAL] Found 3 error source(s) in last 10 min
2026-06-23 03:16:44 [GW-HEAL] THRESHOLD EXCEEDED — initiating gateway restart
2026-06-23 03:16:44 [GW-HEAL] Restarting gateway via launchctl...
2026-06-24 02:36:54 [GW-HEAL] Checking for gateway crash loop...
2026-06-24 02:36:54 [GW-HEAL] Found 5 error source(s) in last 10 min
2026-06-24 02:36:54 [GW-HEAL] THRESHOLD EXCEEDED — initiating gateway restart
2026-06-24 02:36:54 [GW-HEAL] Restarting gateway via launchctl...
2026-06-24 03:12:05 [GW-HEAL] Checking for gateway crash loop...
2026-06-24 03:12:05 [GW-HEAL] Found 3 error source(s) in last 10 min
2026-06-24 03:12:05 [GW-HEAL] THRESHOLD EXCEEDED — initiating gateway restart
2026-06-24 03:12:05 [GW-HEAL] Restarting gateway via launchctl...
2026-06-24 04:47:40 [GW-HEAL] Checking for gateway crash loop...
2026-06-24 04:47:40 [GW-HEAL] Found 4 error source(s) in last 10 min
2026-06-24 04:47:40 [GW-HEAL] THRESHOLD EXCEEDED — initiating gateway restart
2026-06-24 04:47:40 [GW-HEAL] Restarting gateway via launchctl...
2026-06-24 05:14:50 [GW-HEAL] Checking for gateway crash loop...
2026-06-24 05:14:50 [GW-HEAL] Found 3 error source(s) in last 10 min
2026-06-24 05:14:50 [GW-HEAL] THRESHOLD EXCEEDED — initiating gateway restart
2026-06-24 05:14:50 [GW-HEAL] Restarting gateway via launchctl...
2026-06-26 20:56:46 [GW-HEAL] Checking for gateway crash loop...
2026-06-26 20:56:46 [GW-HEAL] Found 3 error source(s) in last 10 min
2026-06-26 20:56:46 [GW-HEAL] THRESHOLD EXCEEDED — initiating gateway restart
2026-06-26 20:56:46 [GW-HEAL] Restarting gateway via launchctl...
2026-06-27 16:27:40 [GW-HEAL] Checking for gateway crash loop...
2026-06-27 16:27:40 [GW-HEAL] Found 6 error source(s) in last 10 min
2026-06-27 16:27:40 [GW-HEAL] THRESHOLD EXCEEDED — initiating gateway restart
2026-06-27 16:27:40 [GW-HEAL] Restarting gateway via launchctl...
2026-06-29 12:57:10 [GW-HEAL] Checking for gateway crash loop...
2026-06-29 12:57:10 [GW-HEAL] Found 2 error source(s) in last 10 min
2026-06-29 12:57:10 [GW-HEAL] Below threshold (3) — no action
