[2026-05-14 23:03:21] === Maintenance run started ===
[2026-05-14 23:03:21] Running mount check...
[2026-05-14 23:03:21] Mount check: OK
[2026-05-14 23:03:21] Running disk monitor...
OK: 35GB free
[2026-05-14 23:03:21] === Maintenance run complete ===
[2026-05-14 23:03:33] === Maintenance run started ===
[2026-05-14 23:03:33] Running mount check...
[2026-05-14 23:03:33] Mount check: OK
[2026-05-14 23:03:33] Running disk monitor...
OK: 35GB free
[2026-05-14 23:03:33] === Maintenance run complete ===
[2026-05-15 05:03:21] === Maintenance run started ===
[2026-05-15 05:03:21] Running mount check...
[2026-05-15 05:03:21] Mount check: FAILED — skipping backup
[2026-05-15 11:03:21] === Maintenance run started ===
[2026-05-15 11:03:21] Running mount check...
[2026-05-15 11:03:21] Mount check: FAILED — skipping backup
[2026-05-15 17:03:22] === Maintenance run started ===
[2026-05-15 17:03:22] Running mount check...
[2026-05-15 17:03:22] Mount check: FAILED — skipping backup
[2026-05-15 23:03:22] === Maintenance run started ===
[2026-05-15 23:03:22] Running mount check...
[2026-05-15 23:03:22] Mount check: FAILED — skipping backup
[2026-05-16 05:03:22] === Maintenance run started ===
[2026-05-16 05:03:22] Running mount check...
[2026-05-16 05:03:22] Mount check: FAILED — skipping backup
[2026-05-16 11:03:22] === Maintenance run started ===
[2026-05-16 11:03:22] Running mount check...
[2026-05-16 11:03:22] Mount check: FAILED — skipping backup
