$ vite dev --host --port "3000"
The plugin "vite-tsconfig-paths" is detected. Vite now supports tsconfig paths resolution natively via the resolve.tsconfigPaths option. You can remove the plugin and set resolve.tsconfigPaths: true in your Vite config instead.
7:52:05 PM [vite] (client) Re-optimizing dependencies because vite config has changed

  VITE v8.0.13  ready in 522 ms

  ➜  Local:   http://localhost:3000/
  ➜  Network: http://192.168.68.64:3000/
7:52:08 PM [vite] (ssr) connected.
df: getattrlist failed for /Volumes/.timemachine/MyCloud-1E4N74._smb._tcp.local./DE5D0DE8-95EA-4D43-B25D-6AD88293637F/TimeMachineBackup: Permission denied
df: getattrlist failed for /Volumes/.timemachine/MyCloud-1E4N74._smb._tcp.local./DE5D0DE8-95EA-4D43-B25D-6AD88293637F/TimeMachineBackup: Permission denied
df: getattrlist failed for /Volumes/.timemachine/MyCloud-1E4N74._smb._tcp.local./DE5D0DE8-95EA-4D43-B25D-6AD88293637F/TimeMachineBackup: Permission denied
df: getattrlist failed for /Volumes/.timemachine/MyCloud-1E4N74._smb._tcp.local./DE5D0DE8-95EA-4D43-B25D-6AD88293637F/TimeMachineBackup: Permission denied
df: getattrlist failed for /Volumes/.timemachine/MyCloud-1E4N74._smb._tcp.local./DE5D0DE8-95EA-4D43-B25D-6AD88293637F/TimeMachineBackup: Permission denied
df: getattrlist failed for /Volumes/.timemachine/MyCloud-1E4N74._smb._tcp.local./DE5D0DE8-95EA-4D43-B25D-6AD88293637F/TimeMachineBackup: Permission denied
df: getattrlist failed for /Volumes/.timemachine/MyCloud-1E4N74._smb._tcp.local./DE5D0DE8-95EA-4D43-B25D-6AD88293637F/TimeMachineBackup: Permission denied
df: getattrlist failed for /Volumes/.timemachine/MyCloud-1E4N74._smb._tcp.local./DE5D0DE8-95EA-4D43-B25D-6AD88293637F/TimeMachineBackup: Permission denied
df: getattrlist failed for /Volumes/.timemachine/MyCloud-1E4N74._smb._tcp.local./DE5D0DE8-95EA-4D43-B25D-6AD88293637F/TimeMachineBackup: Permission denied
df: getattrlist failed for /Volumes/.timemachine/MyCloud-1E4N74._smb._tcp.local./DE5D0DE8-95EA-4D43-B25D-6AD88293637F/TimeMachineBackup: Permission denied
df: getattrlist failed for /Volumes/.timemachine/MyCloud-1E4N74._smb._tcp.local./DE5D0DE8-95EA-4D43-B25D-6AD88293637F/TimeMachineBackup: Permission denied
df: getattrlist failed for /Volumes/.timemachine/MyCloud-1E4N74._smb._tcp.local./DE5D0DE8-95EA-4D43-B25D-6AD88293637F/TimeMachineBackup: Permission denied
df: getattrlist failed for /Volumes/.timemachine/MyCloud-1E4N74._smb._tcp.local./DE5D0DE8-95EA-4D43-B25D-6AD88293637F/TimeMachineBackup: Permission denied
df: getattrlist failed for /Volumes/.timemachine/MyCloud-1E4N74._smb._tcp.local./DE5D0DE8-95EA-4D43-B25D-6AD88293637F/TimeMachineBackup: Permission denied
df: getattrlist failed for /Volumes/.timemachine/MyCloud-1E4N74._smb._tcp.local./DE5D0DE8-95EA-4D43-B25D-6AD88293637F/TimeMachineBackup: Permission denied
df: getattrlist failed for /Volumes/.timemachine/MyCloud-1E4N74._smb._tcp.local./DE5D0DE8-95EA-4D43-B25D-6AD88293637F/TimeMachineBackup: Permission denied
df: getattrlist failed for /Volumes/.timemachine/MyCloud-1E4N74._smb._tcp.local./DE5D0DE8-95EA-4D43-B25D-6AD88293637F/TimeMachineBackup: Permission denied
df: getattrlist failed for /Volumes/.timemachine/MyCloud-1E4N74._smb._tcp.local./DE5D0DE8-95EA-4D43-B25D-6AD88293637F/TimeMachineBackup: Permission denied
df: getattrlist failed for /Volumes/.timemachine/MyCloud-1E4N74._smb._tcp.local./DE5D0DE8-95EA-4D43-B25D-6AD88293637F/TimeMachineBackup: Permission denied
df: getattrlist failed for /Volumes/.timemachine/MyCloud-1E4N74._smb._tcp.local./DE5D0DE8-95EA-4D43-B25D-6AD88293637F/TimeMachineBackup: Permission denied
df: getattrlist failed for /Volumes/.timemachine/MyCloud-1E4N74._smb._tcp.local./DE5D0DE8-95EA-4D43-B25D-6AD88293637F/TimeMachineBackup: Permission denied
df: getattrlist failed for /Volumes/.timemachine/MyCloud-1E4N74._smb._tcp.local./DE5D0DE8-95EA-4D43-B25D-6AD88293637F/TimeMachineBackup: Permission denied
[tasks loader] Loaded 281 tasks
8:34:01 PM [vite] (client) ✨ new dependencies optimized: @tanstack/router-core, @tanstack/router-core/isServer, @tanstack/router-core/ssr/client, seroval
[tasks loader] Loaded 281 tasks
[tasks loader] Loaded 281 tasks
df: getattrlist failed for /Volumes/.timemachine/MyCloud-1E4N74._smb._tcp.local./DE5D0DE8-95EA-4D43-B25D-6AD88293637F/TimeMachineBackup: Permission denied
[api/tasks/add] Added task: undefined
error: script "dev" was terminated by signal SIGKILL (Forced quit)
Port 3000 is in use, trying another one...
8:43:13 AM [vite] (client) Re-optimizing dependencies because vite config has changed

  VITE v8.0.13  ready in 602 ms

  ➜  Local:   http://localhost:3001/
  ➜  Network: http://192.168.68.64:3001/
7:36:00 AM [vite] (ssr) connected.
7:36:52 AM [vite] (client) Re-optimizing dependencies because lockfile has changed

  VITE v8.0.13  ready in 493 ms

  ➜  Local:   http://localhost:3000/
  ➜  Network: http://192.168.68.64:3000/
7:37:03 AM [vite] (ssr) connected.
7:37:43 AM [vite] (client) Re-optimizing dependencies because vite config has changed

  VITE v8.0.13  ready in 624 ms

  ➜  Local:   http://localhost:3000/
  ➜  Network: http://192.168.68.64:3000/
7:37:55 AM [vite] (client) Re-optimizing dependencies because vite config has changed

  VITE v8.0.13  ready in 636 ms

  ➜  Local:   http://localhost:3000/
  ➜  Network: http://192.168.68.64:3000/

  VITE v8.0.13  ready in 407 ms

  ➜  Local:   http://localhost:3000/
  ➜  Network: http://192.168.68.64:3000/
7:39:12 AM [vite] (client) Re-optimizing dependencies because vite config has changed

  VITE v8.0.13  ready in 425 ms

  ➜  Local:   http://localhost:3000/
  ➜  Network: http://192.168.68.64:3000/

  VITE v8.0.13  ready in 401 ms

  ➜  Local:   http://localhost:3000/
  ➜  Network: http://192.168.68.64:3000/
7:41:23 AM [vite] (client) Re-optimizing dependencies because vite config has changed

  VITE v8.0.13  ready in 638 ms

  ➜  Local:   http://localhost:3000/
  ➜  Network: http://192.168.68.64:3000/

  VITE v8.0.13  ready in 612 ms

  ➜  Local:   http://localhost:3000/
  ➜  Network: http://192.168.68.64:3000/
7:42:25 AM [vite] (client) Re-optimizing dependencies because vite config has changed

  VITE v8.0.13  ready in 637 ms

  ➜  Local:   http://localhost:3000/
  ➜  Network: http://192.168.68.64:3000/

  VITE v8.0.13  ready in 401 ms

  ➜  Local:   http://localhost:3000/
  ➜  Network: http://192.168.68.64:3000/

  VITE v8.0.13  ready in 411 ms

  ➜  Local:   http://localhost:3000/
  ➜  Network: http://192.168.68.64:3000/
7:43:52 AM [vite] (ssr) connected.
[dashboard/loader] predictions loaded: {
  riskItems: 0,
  hasAutoHeal: true,
}
[dashboard/loader] predictions loaded: {
  riskItems: 0,
  hasAutoHeal: true,
}
[dashboard/loader] predictions loaded: {
  riskItems: 0,
  hasAutoHeal: true,
}
8:03:54 AM [vite] (client) ✨ new dependencies optimized: @tanstack/router-core, @tanstack/router-core/isServer, @tanstack/router-core/ssr/client, seroval
[api/save-tasks] Merged 284 client + 0 disk-only = 284 total
[api/save-tasks] Merged 284 client + 0 disk-only = 284 total
8:15:00 AM [vite] (client) hmr update /src/styles.css?direct, /src/routes/memory.tsx, /src/routes/memory.tsx?tsr-split=component
8:15:00 AM [vite] (ssr) page reload src/routes/memory.tsx
8:15:00 AM [vite] (ssr) program reload
8:15:23 AM [vite] (client) hmr update /src/styles.css?direct, /src/routes/memory.tsx, /src/routes/memory.tsx?tsr-split=component
8:15:23 AM [vite] (ssr) page reload src/routes/memory.tsx
8:15:23 AM [vite] (ssr) program reload
[dashboard/loader] predictions loaded: {
  riskItems: 0,
  hasAutoHeal: true,
}
8:16:29 AM [vite] (client) hmr update /src/styles.css?direct, /src/components/AppSidebar.tsx
8:16:29 AM [vite] (ssr) page reload src/components/AppSidebar.tsx
8:16:29 AM [vite] (ssr) program reload
8:17:29 AM [vite] (client) hmr update /src/styles.css?direct, /src/components/IncidentDetailsDrawer.tsx
8:18:05 AM [vite] (client) hmr update /src/styles.css?direct, /src/routes/tasks.tsx, /src/routes/tasks.tsx?tsr-split=component, /src/routes/tasks.tsx?tsr-split=errorComponent
8:18:05 AM [vite] (ssr) page reload src/routes/tasks.tsx
8:18:05 AM [vite] (ssr) program reload
8:19:05 AM [vite] (client) hmr update /src/styles.css?direct
8:19:05 AM [vite] (ssr) hmr update /src/lib/server-data/agent-status.ts?tss-serverfn-split, /src/lib/server-data/tasks.ts?tss-serverfn-split, /src/lib/server-data/incidents.ts?tss-serverfn-split, /src/lib/server-data/system.ts?tss-serverfn-split, /src/lib/server-data/activity.ts?tss-serverfn-split, /src/lib/server-data/openclaw-status.ts?tss-serverfn-split, /src/lib/server-data/memory.ts?tss-serverfn-split
8:19:05 AM [vite] (ssr) hot updated: /src/lib/server-data/agent-status.ts?tss-serverfn-split
8:19:05 AM [vite] (ssr) hot updated: /src/lib/server-data/tasks.ts?tss-serverfn-split
8:19:05 AM [vite] (ssr) hot updated: /src/lib/server-data/incidents.ts?tss-serverfn-split
8:19:05 AM [vite] (ssr) hot updated: /src/lib/server-data/system.ts?tss-serverfn-split
8:19:05 AM [vite] (ssr) hot updated: /src/lib/server-data/activity.ts?tss-serverfn-split
8:19:05 AM [vite] (ssr) hot updated: /src/lib/server-data/openclaw-status.ts?tss-serverfn-split
8:19:05 AM [vite] (ssr) hot updated: /src/lib/server-data/memory.ts?tss-serverfn-split
[dashboard/loader] predictions loaded: {
  riskItems: 0,
  hasAutoHeal: true,
}
[dashboard/loader] predictions loaded: {
  riskItems: 0,
  hasAutoHeal: true,
}
[dashboard/loader] predictions loaded: {
  riskItems: 0,
  hasAutoHeal: true,
}
[dashboard/loader] predictions loaded: {
  riskItems: 0,
  hasAutoHeal: true,
}
[dashboard/loader] predictions loaded: {
  riskItems: 0,
  hasAutoHeal: true,
}
[dashboard/loader] predictions loaded: {
  riskItems: 0,
  hasAutoHeal: true,
}
[dashboard/loader] predictions loaded: {
  riskItems: 0,
  hasAutoHeal: true,
}
[tasks loader] Loaded 284 tasks
[dashboard/loader] predictions loaded: {
  riskItems: 0,
  hasAutoHeal: true,
}
[tasks loader] Loaded 284 tasks
[tasks loader] Loaded 284 tasks
[dashboard/loader] predictions loaded: {
  riskItems: 0,
  hasAutoHeal: true,
}
[dashboard/loader] predictions loaded: {
  riskItems: 0,
  hasAutoHeal: true,
}
[dashboard/loader] predictions loaded: {
  riskItems: 0,
  hasAutoHeal: true,
}
[dashboard/loader] predictions loaded: {
  riskItems: 0,
  hasAutoHeal: true,
}
[dashboard/loader] predictions loaded: {
  riskItems: 0,
  hasAutoHeal: true,
}
[dashboard/loader] predictions loaded: {
  riskItems: 0,
  hasAutoHeal: true,
}
[dashboard/loader] predictions loaded: {
  riskItems: 0,
  hasAutoHeal: true,
}
3:49:20 PM [vite] (client) hmr update /src/styles.css?direct, /src/routes/station-memory.tsx, /src/routes/station-memory.tsx?tsr-split=component, /src/routes/memory.tsx, /src/routes/memory.tsx?tsr-split=component
3:49:20 PM [vite] (ssr) page reload src/lib/server-data/station-memory.ts
3:49:20 PM [vite] (ssr) program reload
3:49:50 PM [vite] (client) hmr update /src/styles.css?direct, /src/routes/station-memory.tsx, /src/routes/station-memory.tsx?tsr-split=component, /src/routes/memory.tsx, /src/routes/memory.tsx?tsr-split=component
3:49:50 PM [vite] (ssr) page reload src/lib/server-data/station-memory.ts
3:49:50 PM [vite] (ssr) program reload
3:52:31 PM [vite] (client) hmr update /src/styles.css?direct, /src/routes/station-memory.tsx, /src/routes/station-memory.tsx?tsr-split=component, /src/routes/memory.tsx, /src/routes/memory.tsx?tsr-split=component
3:52:31 PM [vite] (ssr) page reload src/lib/server-data/station-memory.ts
3:52:31 PM [vite] (ssr) program reload
[dashboard/loader] predictions loaded: {
  riskItems: 0,
  hasAutoHeal: true,
}
[dashboard/loader] predictions loaded: {
  riskItems: 0,
  hasAutoHeal: true,
}
[dashboard/loader] predictions loaded: {
  riskItems: 0,
  hasAutoHeal: true,
}
[dashboard/loader] predictions loaded: {
  riskItems: 0,
  hasAutoHeal: true,
}
[dashboard/loader] predictions loaded: {
  riskItems: 0,
  hasAutoHeal: true,
}
[dashboard/loader] predictions loaded: {
  riskItems: 0,
  hasAutoHeal: true,
}
[tasks loader] Loaded 284 tasks
[tasks loader] Loaded 284 tasks
7:02:41 PM [vite] (client) hmr update /src/styles.css?direct, /src/routes/station-memory.tsx, /src/routes/station-memory.tsx?tsr-split=component, /src/routes/memory.tsx, /src/routes/memory.tsx?tsr-split=component
7:02:41 PM [vite] (ssr) page reload src/lib/server-data/station-memory.ts
7:02:41 PM [vite] (ssr) program reload
7:05:05 PM [vite] vite.config.ts changed, restarting server...
7:05:38 PM [vite] vite.config.ts changed, restarting server...
7:05:38 PM [vite] server restarted.

  ➜  Local:   http://localhost:3000/
  ➜  Network: http://192.168.68.64:3000/
7:05:44 PM [vite] (ssr) connected.
7:08:16 PM [vite] (ssr) page reload src/server.ts
7:08:16 PM [vite] (ssr) program reload
7:10:51 PM [vite] (ssr) page reload src/server.ts
7:10:51 PM [vite] (ssr) program reload
7:11:47 PM [vite] (ssr) page reload src/server.ts
7:11:47 PM [vite] (ssr) program reload
7:14:54 PM [vite] (ssr) page reload src/server.ts
7:14:54 PM [vite] (ssr) program reload
7:16:20 PM [vite] (client) Re-optimizing dependencies because vite config has changed

  VITE v8.0.13  ready in 503 ms

  ➜  Local:   http://localhost:3000/
  ➜  Network: http://192.168.68.64:3000/

  VITE v8.0.13  ready in 394 ms

  ➜  Local:   http://localhost:3000/
  ➜  Network: http://192.168.68.64:3000/
7:18:22 PM [vite] (ssr) connected.
7:20:03 PM [vite] (ssr) page reload src/lib/server-data/station-memory.ts
7:20:03 PM [vite] (ssr) program reload
7:20:10 PM [vite] (ssr) page reload src/lib/server-data/station-memory.ts
7:20:21 PM [vite] (ssr) page reload src/lib/server-data/station-memory.ts
[dashboard/loader] predictions loaded: {
  riskItems: 0,
  hasAutoHeal: true,
}
[dashboard/loader] predictions loaded: {
  riskItems: 0,
  hasAutoHeal: true,
}
[dashboard/loader] predictions loaded: {
  riskItems: 0,
  hasAutoHeal: true,
}
[dashboard/loader] predictions loaded: {
  riskItems: 0,
  hasAutoHeal: true,
}
[dashboard/loader] predictions loaded: {
  riskItems: 0,
  hasAutoHeal: true,
}
[dashboard/loader] predictions loaded: {
  riskItems: 0,
  hasAutoHeal: true,
}
10:21:48 PM [vite] (client) ✨ new dependencies optimized: @tanstack/router-core, @tanstack/router-core/isServer, @tanstack/router-core/ssr/client, seroval
[dashboard/loader] predictions loaded: {
  riskItems: 0,
  hasAutoHeal: true,
}
[tasks loader] Loaded 284 tasks
[dashboard/loader] predictions loaded: {
  riskItems: 0,
  hasAutoHeal: true,
}
[api/save-tasks] Merged 108 client + 1 disk-only = 109 total
[api/save-tasks] Merged 108 client + 1 disk-only = 109 total
[dashboard/loader] predictions loaded: {
  riskItems: 0,
  hasAutoHeal: true,
}
[api/save-tasks] Merged 108 client + 1 disk-only = 109 total
[api/save-tasks] Merged 108 client + 1 disk-only = 109 total
[dashboard/loader] predictions loaded: {
  riskItems: 0,
  hasAutoHeal: true,
}
11:19:04 PM [vite] (client) hmr update /src/styles.css?direct, /src/routes/station-memory.tsx
11:19:04 PM [vite] (ssr) page reload src/routes/station-memory.tsx
11:19:04 PM [vite] (ssr) program reload
11:19:06 PM [vite] (client) page reload src/routeTree.gen.ts
11:19:06 PM [vite] (ssr) page reload src/routeTree.gen.ts
11:19:06 PM [vite] (ssr) program reload
[tasks loader] Loaded 109 tasks
[dashboard/loader] predictions loaded: {
  riskItems: 0,
  hasAutoHeal: true,
}
[dashboard/loader] predictions loaded: {
  riskItems: 0,
  hasAutoHeal: true,
}
[tasks loader] Loaded 109 tasks
[dashboard/loader] predictions loaded: {
  riskItems: 0,
  hasAutoHeal: true,
}
[dashboard/loader] predictions loaded: {
  riskItems: 0,
  hasAutoHeal: true,
}
[dashboard/loader] predictions loaded: {
  riskItems: 0,
  hasAutoHeal: true,
}
[dashboard/loader] predictions loaded: {
  riskItems: 0,
  hasAutoHeal: true,
}
[dashboard/loader] predictions loaded: {
  riskItems: 0,
  hasAutoHeal: true,
}
[dashboard/loader] predictions loaded: {
  riskItems: 0,
  hasAutoHeal: true,
}
[dashboard/loader] predictions loaded: {
  riskItems: 0,
  hasAutoHeal: true,
}
[dashboard/loader] predictions loaded: {
  riskItems: 0,
  hasAutoHeal: true,
}
[dashboard/loader] predictions loaded: {
  riskItems: 0,
  hasAutoHeal: true,
}
[dashboard/loader] predictions loaded: {
  riskItems: 0,
  hasAutoHeal: true,
}
[dashboard/loader] predictions loaded: {
  riskItems: 0,
  hasAutoHeal: true,
}
[dashboard/loader] predictions loaded: {
  riskItems: 0,
  hasAutoHeal: true,
}
[dashboard/loader] predictions loaded: {
  riskItems: 0,
  hasAutoHeal: true,
}
[dashboard/loader] predictions loaded: {
  riskItems: 0,
  hasAutoHeal: true,
}
[dashboard/loader] predictions loaded: {
  riskItems: 0,
  hasAutoHeal: true,
}
[dashboard/loader] predictions loaded: {
  riskItems: 0,
  hasAutoHeal: true,
}
[dashboard/loader] predictions loaded: {
  riskItems: 0,
  hasAutoHeal: true,
}
[dashboard/loader] predictions loaded: {
  riskItems: 0,
  hasAutoHeal: true,
}
[dashboard/loader] predictions loaded: {
  riskItems: 0,
  hasAutoHeal: true,
}
8:44:00 AM [vite] (client) hmr update /src/styles.css?direct, /src/routes/memory.tsx
8:44:00 AM [vite] (ssr) page reload src/lib/server-data/memory.ts
8:44:00 AM [vite] (ssr) program reload
8:44:22 AM [vite] (client) hmr update /src/styles.css?direct, /src/routes/memory.tsx, /src/routes/memory.tsx?tsr-split=component
8:44:22 AM [vite] (ssr) page reload src/routes/memory.tsx
8:45:21 AM [vite] (client) hmr update /src/styles.css?direct, /src/routes/memory.tsx, /src/routes/memory.tsx?tsr-split=component
8:45:21 AM [vite] (ssr) page reload src/routes/memory.tsx
8:46:26 AM [vite] (client) hmr update /src/styles.css?direct, /src/routes/memory.tsx, /src/routes/memory.tsx?tsr-split=component
8:46:26 AM [vite] (ssr) page reload src/routes/memory.tsx
[dashboard/loader] predictions loaded: {
  riskItems: 0,
  hasAutoHeal: true,
}
8:47:47 AM [vite] (client) hmr update /src/styles.css?direct, /src/routes/memory.tsx, /src/routes/memory.tsx?tsr-split=component
8:47:47 AM [vite] (ssr) page reload src/routes/memory.tsx
8:47:47 AM [vite] (ssr) program reload
[tasks loader] Loaded 110 tasks
[dashboard/loader] predictions loaded: {
  riskItems: 0,
  hasAutoHeal: true,
}
[dashboard/loader] predictions loaded: {
  riskItems: 0,
  hasAutoHeal: true,
}
[dashboard/loader] predictions loaded: {
  riskItems: 0,
  hasAutoHeal: true,
}
[dashboard/loader] predictions loaded: {
  riskItems: 0,
  hasAutoHeal: true,
}
[dashboard/loader] predictions loaded: {
  riskItems: 0,
  hasAutoHeal: true,
}
[dashboard/loader] predictions loaded: {
  riskItems: 0,
  hasAutoHeal: true,
}
[dashboard/loader] predictions loaded: {
  riskItems: 0,
  hasAutoHeal: true,
}
[dashboard/loader] predictions loaded: {
  riskItems: 0,
  hasAutoHeal: true,
}
[tasks loader] Loaded 110 tasks
[dashboard/loader] predictions loaded: {
  riskItems: 0,
  hasAutoHeal: true,
}
[dashboard/loader] predictions loaded: {
  riskItems: 0,
  hasAutoHeal: true,
}
[tasks loader] Loaded 110 tasks
[dashboard/loader] predictions loaded: {
  riskItems: 0,
  hasAutoHeal: true,
}
[dashboard/loader] predictions loaded: {
  riskItems: 0,
  hasAutoHeal: true,
}
[dashboard/loader] predictions loaded: {
  riskItems: 0,
  hasAutoHeal: true,
}
[dashboard/loader] predictions loaded: {
  riskItems: 0,
  hasAutoHeal: true,
}
[dashboard/loader] predictions loaded: {
  riskItems: 0,
  hasAutoHeal: true,
}
[dashboard/loader] predictions loaded: {
  riskItems: 0,
  hasAutoHeal: true,
}
[dashboard/loader] predictions loaded: {
  riskItems: 0,
  hasAutoHeal: true,
}
[dashboard/loader] predictions loaded: {
  riskItems: 0,
  hasAutoHeal: true,
}
[dashboard/loader] predictions loaded: {
  riskItems: 0,
  hasAutoHeal: true,
}
[dashboard/loader] predictions loaded: {
  riskItems: 0,
  hasAutoHeal: true,
}
[dashboard/loader] predictions loaded: {
  riskItems: 0,
  hasAutoHeal: true,
}
[dashboard/loader] predictions loaded: {
  riskItems: 0,
  hasAutoHeal: true,
}
[dashboard/loader] predictions loaded: {
  riskItems: 0,
  hasAutoHeal: true,
}
[dashboard/loader] predictions loaded: {
  riskItems: 0,
  hasAutoHeal: true,
}
[dashboard/loader] predictions loaded: {
  riskItems: 0,
  hasAutoHeal: true,
}
[dashboard/loader] predictions loaded: {
  riskItems: 0,
  hasAutoHeal: true,
}
[dashboard/loader] predictions loaded: {
  riskItems: 0,
  hasAutoHeal: true,
}
[dashboard/loader] predictions loaded: {
  riskItems: 0,
  hasAutoHeal: true,
}
[dashboard/loader] predictions loaded: {
  riskItems: 0,
  hasAutoHeal: true,
}
[dashboard/loader] predictions loaded: {
  riskItems: 0,
  hasAutoHeal: true,
}
[dashboard/loader] predictions loaded: {
  riskItems: 0,
  hasAutoHeal: true,
}
[dashboard/loader] predictions loaded: {
  riskItems: 0,
  hasAutoHeal: true,
}
[dashboard/loader] predictions loaded: {
  riskItems: 0,
  hasAutoHeal: true,
}
[tasks loader] Loaded 110 tasks
[dashboard/loader] predictions loaded: {
  riskItems: 0,
  hasAutoHeal: true,
}
[dashboard/loader] predictions loaded: {
  riskItems: 0,
  hasAutoHeal: true,
}
[dashboard/loader] predictions loaded: {
  riskItems: 0,
  hasAutoHeal: true,
}
[dashboard/loader] predictions loaded: {
  riskItems: 0,
  hasAutoHeal: true,
}
[dashboard/loader] predictions loaded: {
  riskItems: 0,
  hasAutoHeal: true,
}
[dashboard/loader] predictions loaded: {
  riskItems: 0,
  hasAutoHeal: true,
}
[dashboard/loader] predictions loaded: {
  riskItems: 0,
  hasAutoHeal: true,
}
[dashboard/loader] predictions loaded: {
  riskItems: 0,
  hasAutoHeal: true,
}
[dashboard/loader] predictions loaded: {
  riskItems: 0,
  hasAutoHeal: true,
}
[dashboard/loader] predictions loaded: {
  riskItems: 0,
  hasAutoHeal: true,
}
[dashboard/loader] predictions loaded: {
  riskItems: 0,
  hasAutoHeal: true,
}
[dashboard/loader] predictions loaded: {
  riskItems: 0,
  hasAutoHeal: true,
}
[dashboard/loader] predictions loaded: {
  riskItems: 0,
  hasAutoHeal: true,
}
[dashboard/loader] predictions loaded: {
  riskItems: 0,
  hasAutoHeal: true,
}
[dashboard/loader] predictions loaded: {
  riskItems: 0,
  hasAutoHeal: true,
}
[dashboard/loader] predictions loaded: {
  riskItems: 0,
  hasAutoHeal: true,
}
[dashboard/loader] predictions loaded: {
  riskItems: 0,
  hasAutoHeal: true,
}
[dashboard/loader] predictions loaded: {
  riskItems: 0,
  hasAutoHeal: true,
}
[dashboard/loader] predictions loaded: {
  riskItems: 0,
  hasAutoHeal: true,
}
[dashboard/loader] predictions loaded: {
  riskItems: 0,
  hasAutoHeal: true,
}
[dashboard/loader] predictions loaded: {
  riskItems: 0,
  hasAutoHeal: true,
}
[dashboard/loader] predictions loaded: {
  riskItems: 0,
  hasAutoHeal: true,
}
[dashboard/loader] predictions loaded: {
  riskItems: 0,
  hasAutoHeal: true,
}
[dashboard/loader] predictions loaded: {
  riskItems: 0,
  hasAutoHeal: true,
}
[dashboard/loader] predictions loaded: {
  riskItems: 0,
  hasAutoHeal: true,
}
[dashboard/loader] predictions loaded: {
  riskItems: 0,
  hasAutoHeal: true,
}
[dashboard/loader] predictions loaded: {
  riskItems: 0,
  hasAutoHeal: true,
}
[dashboard/loader] predictions loaded: {
  riskItems: 0,
  hasAutoHeal: true,
}
[dashboard/loader] predictions loaded: {
  riskItems: 0,
  hasAutoHeal: true,
}
[dashboard/loader] predictions loaded: {
  riskItems: 0,
  hasAutoHeal: true,
}
[dashboard/loader] predictions loaded: {
  riskItems: 0,
  hasAutoHeal: true,
}
[dashboard/loader] predictions loaded: {
  riskItems: 0,
  hasAutoHeal: true,
}
[dashboard/loader] predictions loaded: {
  riskItems: 0,
  hasAutoHeal: true,
}
[dashboard/loader] predictions loaded: {
  riskItems: 0,
  hasAutoHeal: true,
}
[dashboard/loader] predictions loaded: {
  riskItems: 0,
  hasAutoHeal: true,
}
[dashboard/loader] predictions loaded: {
  riskItems: 0,
  hasAutoHeal: true,
}
[dashboard/loader] predictions loaded: {
  riskItems: 0,
  hasAutoHeal: true,
}
[dashboard/loader] predictions loaded: {
  riskItems: 0,
  hasAutoHeal: true,
}
[dashboard/loader] predictions loaded: {
  riskItems: 0,
  hasAutoHeal: true,
}
[dashboard/loader] predictions loaded: {
  riskItems: 0,
  hasAutoHeal: true,
}
[dashboard/loader] predictions loaded: {
  riskItems: 0,
  hasAutoHeal: true,
}
[dashboard/loader] predictions loaded: {
  riskItems: 0,
  hasAutoHeal: true,
}
[dashboard/loader] predictions loaded: {
  riskItems: 0,
  hasAutoHeal: true,
}
[dashboard/loader] predictions loaded: {
  riskItems: 0,
  hasAutoHeal: true,
}
[dashboard/loader] predictions loaded: {
  riskItems: 0,
  hasAutoHeal: true,
}
[dashboard/loader] predictions loaded: {
  riskItems: 0,
  hasAutoHeal: true,
}
[dashboard/loader] predictions loaded: {
  riskItems: 0,
  hasAutoHeal: true,
}
[dashboard/loader] predictions loaded: {
  riskItems: 0,
  hasAutoHeal: true,
}
[dashboard/loader] predictions loaded: {
  riskItems: 0,
  hasAutoHeal: true,
}
[dashboard/loader] predictions loaded: {
  riskItems: 0,
  hasAutoHeal: true,
}
[dashboard/loader] predictions loaded: {
  riskItems: 0,
  hasAutoHeal: true,
}
[dashboard/loader] predictions loaded: {
  riskItems: 0,
  hasAutoHeal: true,
}
[dashboard/loader] predictions loaded: {
  riskItems: 0,
  hasAutoHeal: true,
}
[dashboard/loader] predictions loaded: {
  riskItems: 0,
  hasAutoHeal: true,
}

  VITE v8.0.13  ready in 820 ms

  ➜  Local:   http://localhost:3000/
  ➜  Network: http://192.168.68.64:3000/
12:47:21 AM [vite] (ssr) connected.
[tasks loader] Loaded 110 tasks
[dashboard/loader] predictions loaded: {
  riskItems: 0,
  hasAutoHeal: true,
}
[dashboard/loader] predictions loaded: {
  riskItems: 0,
  hasAutoHeal: true,
}
[dashboard/loader] predictions loaded: {
  riskItems: 0,
  hasAutoHeal: true,
}
[dashboard/loader] predictions loaded: {
  riskItems: 0,
  hasAutoHeal: true,
}
[dashboard/loader] predictions loaded: {
  riskItems: 0,
  hasAutoHeal: true,
}
[dashboard/loader] predictions loaded: {
  riskItems: 0,
  hasAutoHeal: true,
}
[dashboard/loader] predictions loaded: {
  riskItems: 0,
  hasAutoHeal: true,
}
[dashboard/loader] predictions loaded: {
  riskItems: 0,
  hasAutoHeal: true,
}
[dashboard/loader] predictions loaded: {
  riskItems: 0,
  hasAutoHeal: true,
}
[dashboard/loader] predictions loaded: {
  riskItems: 0,
  hasAutoHeal: true,
}
[dashboard/loader] predictions loaded: {
  riskItems: 0,
  hasAutoHeal: true,
}
[dashboard/loader] predictions loaded: {
  riskItems: 0,
  hasAutoHeal: true,
}
[dashboard/loader] predictions loaded: {
  riskItems: 0,
  hasAutoHeal: true,
}
[tasks loader] Loaded 110 tasks
[api/save-tasks] Merged 110 client + 0 disk-only = 110 total
[api/save-tasks] Merged 110 client + 0 disk-only = 110 total
[api/save-tasks] Merged 110 client + 0 disk-only = 110 total
[api/save-tasks] Merged 110 client + 0 disk-only = 110 total
[dashboard/loader] predictions loaded: {
  riskItems: 0,
  hasAutoHeal: true,
}
7:56:14 AM [vite] (client) hmr update /src/styles.css?direct, /src/routes/memory.tsx, /src/routes/memory.tsx?tsr-split=component
7:56:14 AM [vite] (ssr) page reload src/lib/server-data/station-memory.ts
7:56:14 AM [vite] (ssr) program reload
7:58:00 AM [vite] (client) hmr update /src/styles.css?direct, /src/routes/memory.tsx, /src/routes/memory.tsx?tsr-split=component
7:58:00 AM [vite] (ssr) page reload src/lib/server-data/station-memory.ts
7:58:00 AM [vite] (ssr) program reload

  VITE v8.0.13  ready in 839 ms

  ➜  Local:   http://localhost:3000/
  ➜  Network: http://192.168.68.64:3000/
7:58:55 AM [vite] (ssr) connected.
8:00:11 AM [vite] (client) Re-optimizing dependencies because vite config has changed

  VITE v8.0.13  ready in 720 ms

  ➜  Local:   http://localhost:3000/
  ➜  Network: http://192.168.68.64:3000/
Port 3000 is in use, trying another one...
8:00:21 AM [vite] (client) Re-optimizing dependencies because vite config has changed

  VITE v8.0.13  ready in 435 ms

  ➜  Local:   http://localhost:3001/
  ➜  Network: http://192.168.68.64:3001/
Port 3000 is in use, trying another one...
1:17:40 PM [vite] (client) Re-optimizing dependencies because vite config has changed

  VITE v8.0.13  ready in 2341 ms

  ➜  Local:   http://localhost:3001/
  ➜  Network: http://192.168.68.64:3001/
Port 3000 is in use, trying another one...
Port 3001 is in use, trying another one...
8:34:56 PM [vite] (client) Re-optimizing dependencies because vite config has changed

  VITE v8.0.13  ready in 943 ms

  ➜  Local:   http://localhost:3002/
  ➜  Network: http://192.168.68.64:3002/
Port 3000 is in use, trying another one...
Port 3001 is in use, trying another one...

  VITE v8.0.13  ready in 1277 ms

  ➜  Local:   http://localhost:3002/
  ➜  Network: http://192.168.68.64:3002/
9:21:33 PM [vite] (client) Re-optimizing dependencies because vite config has changed

  VITE v8.0.13  ready in 878 ms

  ➜  Local:   http://localhost:3000/
  ➜  Network: http://192.168.68.64:3000/

  VITE v8.0.13  ready in 572 ms

  ➜  Local:   http://localhost:3000/
  ➜  Network: http://192.168.68.64:3000/
Port 3000 is in use, trying another one...
9:21:53 PM [vite] (client) Re-optimizing dependencies because vite config has changed

  VITE v8.0.13  ready in 526 ms

  ➜  Local:   http://localhost:3001/
  ➜  Network: http://192.168.68.64:3001/
Port 3000 is in use, trying another one...
10:46:36 PM [vite] (client) Re-optimizing dependencies because vite config has changed

  VITE v8.0.13  ready in 688 ms

  ➜  Local:   http://localhost:3001/
  ➜  Network: http://192.168.68.64:3001/
Port 3000 is in use, trying another one...
11:59:53 PM [vite] (client) Re-optimizing dependencies because vite config has changed

  VITE v8.0.13  ready in 533 ms

  ➜  Local:   http://localhost:3001/
  ➜  Network: http://192.168.68.64:3001/
Port 3000 is in use, trying another one...
1:33:56 AM [vite] (client) Re-optimizing dependencies because vite config has changed

  VITE v8.0.13  ready in 735 ms

  ➜  Local:   http://localhost:3001/
  ➜  Network: http://192.168.68.64:3001/
Port 3000 is in use, trying another one...
7:57:14 AM [vite] (client) Re-optimizing dependencies because vite config has changed

  VITE v8.0.13  ready in 4258 ms

  ➜  Local:   http://localhost:3001/
  ➜  Network: http://192.168.68.64:3001/
Port 3000 is in use, trying another one...

  VITE v8.0.13  ready in 861 ms

  ➜  Local:   http://localhost:3001/
  ➜  Network: http://192.168.68.64:3001/
Port 3000 is in use, trying another one...

  VITE v8.0.13  ready in 427 ms

  ➜  Local:   http://localhost:3001/
  ➜  Network: http://192.168.68.64:3001/
3:15:18 PM [vite] (ssr) connected.
[dashboard/loader] predictions loaded: {
  riskItems: 3,
  hasAutoHeal: true,
}
[dashboard/loader] predictions loaded: {
  riskItems: 3,
  hasAutoHeal: true,
}
[dashboard/loader] predictions loaded: {
  riskItems: 3,
  hasAutoHeal: true,
}
[dashboard/loader] predictions loaded: {
  riskItems: 3,
  hasAutoHeal: true,
}
[dashboard/loader] predictions loaded: {
  riskItems: 3,
  hasAutoHeal: true,
}
[dashboard/loader] predictions loaded: {
  riskItems: 3,
  hasAutoHeal: true,
}
[dashboard/loader] predictions loaded: {
  riskItems: 3,
  hasAutoHeal: true,
}
[dashboard/loader] predictions loaded: {
  riskItems: 3,
  hasAutoHeal: true,
}
[dashboard/loader] predictions loaded: {
  riskItems: 3,
  hasAutoHeal: true,
}
[dashboard/loader] predictions loaded: {
  riskItems: 3,
  hasAutoHeal: true,
}
[dashboard/loader] predictions loaded: {
  riskItems: 3,
  hasAutoHeal: true,
}
[dashboard/loader] predictions loaded: {
  riskItems: 3,
  hasAutoHeal: true,
}
[dashboard/loader] predictions loaded: {
  riskItems: 3,
  hasAutoHeal: true,
}
[dashboard/loader] predictions loaded: {
  riskItems: 3,
  hasAutoHeal: true,
}
[dashboard/loader] predictions loaded: {
  riskItems: 3,
  hasAutoHeal: true,
}

  VITE v8.0.13  ready in 625 ms

  ➜  Local:   http://localhost:3000/
  ➜  Network: http://192.168.68.64:3000/
4:49:41 PM [vite] (ssr) connected.
[dashboard/loader] predictions loaded: {
  riskItems: 3,
  hasAutoHeal: true,
}
[dashboard/loader] predictions loaded: {
  riskItems: 3,
  hasAutoHeal: true,
}
4:52:54 PM [vite] (ssr) page reload src/routes/tasks.tsx
4:52:54 PM [vite] (ssr) program reload
4:53:43 PM [vite] (ssr) page reload src/components/Dashboard.tsx
4:53:55 PM [vite] (ssr) page reload src/components/Dashboard.tsx
4:54:21 PM [vite] (ssr) page reload src/components/Dashboard.tsx
4:54:28 PM [vite] (ssr) page reload src/components/Dashboard.tsx
4:54:53 PM [vite] (ssr) page reload src/components/Dashboard.tsx
4:55:00 PM [vite] (ssr) page reload src/components/Dashboard.tsx
4:55:18 PM [vite] (ssr) page reload src/components/Dashboard.tsx
4:55:33 PM [vite] (ssr) page reload src/components/Dashboard.tsx
4:55:48 PM [vite] (ssr) page reload src/components/Dashboard.tsx
4:56:45 PM [vite] (ssr) page reload src/components/Dashboard.tsx
4:57:06 PM [vite] (ssr) page reload src/components/Dashboard.tsx
4:57:17 PM [vite] (ssr) page reload src/components/Dashboard.tsx

  VITE v8.0.13  ready in 457 ms

  ➜  Local:   http://localhost:3000/
  ➜  Network: http://192.168.68.64:3000/
4:58:38 PM [vite] (ssr) connected.
[dashboard/loader] predictions loaded: {
  riskItems: 3,
  hasAutoHeal: true,
}
[dashboard/loader] predictions loaded: {
  riskItems: 3,
  hasAutoHeal: true,
}
[dashboard/loader] predictions loaded: {
  riskItems: 3,
  hasAutoHeal: true,
}
[dashboard/loader] predictions loaded: {
  riskItems: 3,
  hasAutoHeal: true,
}
[dashboard/loader] predictions loaded: {
  riskItems: 3,
  hasAutoHeal: true,
}
[dashboard/loader] predictions loaded: {
  riskItems: 3,
  hasAutoHeal: true,
}
5:04:17 PM [vite] (client) ✨ new dependencies optimized: @tanstack/router-core, @tanstack/router-core/isServer, @tanstack/router-core/ssr/client, seroval
[api/save-tasks] Merged 129 client + 0 disk-only = 129 total
[dashboard/loader] predictions loaded: {
  riskItems: 3,
  hasAutoHeal: true,
}
[dashboard/loader] predictions loaded: {
  riskItems: 3,
  hasAutoHeal: true,
}
[dashboard/loader] predictions loaded: {
  riskItems: 3,
  hasAutoHeal: true,
}
[dashboard/loader] predictions loaded: {
  riskItems: 3,
  hasAutoHeal: true,
}
[dashboard/loader] predictions loaded: {
  riskItems: 3,
  hasAutoHeal: true,
}
[dashboard/loader] predictions loaded: {
  riskItems: 3,
  hasAutoHeal: true,
}
[dashboard/loader] predictions loaded: {
  riskItems: 3,
  hasAutoHeal: true,
}
[dashboard/loader] predictions loaded: {
  riskItems: 3,
  hasAutoHeal: true,
}
[dashboard/loader] predictions loaded: {
  riskItems: 3,
  hasAutoHeal: true,
}
[dashboard/loader] predictions loaded: {
  riskItems: 3,
  hasAutoHeal: true,
}
[dashboard/loader] predictions loaded: {
  riskItems: 3,
  hasAutoHeal: true,
}
[dashboard/loader] predictions loaded: {
  riskItems: 3,
  hasAutoHeal: true,
}
[dashboard/loader] predictions loaded: {
  riskItems: 3,
  hasAutoHeal: true,
}
[dashboard/loader] predictions loaded: {
  riskItems: 3,
  hasAutoHeal: true,
}
[dashboard/loader] predictions loaded: {
  riskItems: 3,
  hasAutoHeal: true,
}
[dashboard/loader] predictions loaded: {
  riskItems: 3,
  hasAutoHeal: true,
}
[dashboard/loader] predictions loaded: {
  riskItems: 3,
  hasAutoHeal: true,
}
[dashboard/loader] predictions loaded: {
  riskItems: 3,
  hasAutoHeal: true,
}
[dashboard/loader] predictions loaded: {
  riskItems: 3,
  hasAutoHeal: true,
}
[dashboard/loader] predictions loaded: {
  riskItems: 3,
  hasAutoHeal: true,
}
[tasks loader] Loaded 137 tasks
[dashboard/loader] predictions loaded: {
  riskItems: 3,
  hasAutoHeal: true,
}
[dashboard/loader] predictions loaded: {
  riskItems: 3,
  hasAutoHeal: true,
}
[dashboard/loader] predictions loaded: {
  riskItems: 3,
  hasAutoHeal: true,
}
[dashboard/loader] predictions loaded: {
  riskItems: 3,
  hasAutoHeal: true,
}
[dashboard/loader] predictions loaded: {
  riskItems: 3,
  hasAutoHeal: true,
}
[dashboard/loader] predictions loaded: {
  riskItems: 3,
  hasAutoHeal: true,
}
[dashboard/loader] predictions loaded: {
  riskItems: 3,
  hasAutoHeal: true,
}
[dashboard/loader] predictions loaded: {
  riskItems: 3,
  hasAutoHeal: true,
}
9:05:48 PM [vite] (client) hmr update /src/styles.css?direct, /src/components/AppSidebar.tsx
9:05:48 PM [vite] (ssr) page reload src/components/AppSidebar.tsx
9:05:48 PM [vite] (ssr) program reload
9:06:27 PM [vite] (client) hmr update /src/styles.css?direct, /src/components/AppSidebar.tsx
9:06:27 PM [vite] (ssr) page reload src/components/AppSidebar.tsx
9:06:27 PM [vite] (ssr) program reload
9:06:50 PM [vite] (client) hmr update /src/styles.css?direct, /src/components/AppSidebar.tsx
9:06:50 PM [vite] (ssr) page reload src/components/AppSidebar.tsx
[dashboard/loader] predictions loaded: {
  riskItems: 3,
  hasAutoHeal: true,
}
9:13:32 PM [vite] (client) hmr update /src/styles.css?direct, /src/components/Dashboard.tsx
9:13:32 PM [vite] (ssr) page reload src/components/Dashboard.tsx
9:13:32 PM [vite] (ssr) program reload
9:14:15 PM [vite] (client) hmr update /src/styles.css?direct, /src/components/Dashboard.tsx
9:14:15 PM [vite] (ssr) page reload src/components/Dashboard.tsx

  VITE v8.0.13  ready in 521 ms

  ➜  Local:   http://localhost:3000/
  ➜  Network: http://192.168.68.64:3000/
9:14:35 PM [vite] (ssr) connected.
[dashboard/loader] predictions loaded: {
  riskItems: 3,
  hasAutoHeal: true,
}
[dashboard/loader] predictions loaded: {
  riskItems: 3,
  hasAutoHeal: true,
}
[dashboard/loader] predictions loaded: {
  riskItems: 3,
  hasAutoHeal: true,
}
[dashboard/loader] predictions loaded: {
  riskItems: 3,
  hasAutoHeal: true,
}
[dashboard/loader] predictions loaded: {
  riskItems: 3,
  hasAutoHeal: true,
}
[dashboard/loader] predictions loaded: {
  riskItems: 3,
  hasAutoHeal: true,
}
[tasks loader] Loaded 125 tasks
9:35:43 PM [vite] (client) ✨ new dependencies optimized: @tanstack/router-core, @tanstack/router-core/isServer, @tanstack/router-core/ssr/client, seroval
[dashboard/loader] predictions loaded: {
  riskItems: 3,
  hasAutoHeal: true,
}
[dashboard/loader] predictions loaded: {
  riskItems: 3,
  hasAutoHeal: true,
}
[dashboard/loader] predictions loaded: {
  riskItems: 3,
  hasAutoHeal: true,
}
[dashboard/loader] predictions loaded: {
  riskItems: 3,
  hasAutoHeal: true,
}
[dashboard/loader] predictions loaded: {
  riskItems: 3,
  hasAutoHeal: true,
}
[dashboard/loader] predictions loaded: {
  riskItems: 3,
  hasAutoHeal: true,
}
[dashboard/loader] predictions loaded: {
  riskItems: 3,
  hasAutoHeal: true,
}
[dashboard/loader] predictions loaded: {
  riskItems: 3,
  hasAutoHeal: true,
}
[dashboard/loader] predictions loaded: {
  riskItems: 3,
  hasAutoHeal: true,
}
[dashboard/loader] predictions loaded: {
  riskItems: 3,
  hasAutoHeal: true,
}
[dashboard/loader] predictions loaded: {
  riskItems: 3,
  hasAutoHeal: true,
}
[dashboard/loader] predictions loaded: {
  riskItems: 3,
  hasAutoHeal: true,
}
[dashboard/loader] predictions loaded: {
  riskItems: 3,
  hasAutoHeal: true,
}
[dashboard/loader] predictions loaded: {
  riskItems: 3,
  hasAutoHeal: true,
}
[dashboard/loader] predictions loaded: {
  riskItems: 3,
  hasAutoHeal: true,
}
[dashboard/loader] predictions loaded: {
  riskItems: 3,
  hasAutoHeal: true,
}
[dashboard/loader] predictions loaded: {
  riskItems: 3,
  hasAutoHeal: true,
}
[dashboard/loader] predictions loaded: {
  riskItems: 3,
  hasAutoHeal: true,
}
[dashboard/loader] predictions loaded: {
  riskItems: 3,
  hasAutoHeal: true,
}
[dashboard/loader] predictions loaded: {
  riskItems: 3,
  hasAutoHeal: true,
}
[dashboard/loader] predictions loaded: {
  riskItems: 3,
  hasAutoHeal: true,
}
[dashboard/loader] predictions loaded: {
  riskItems: 3,
  hasAutoHeal: true,
}
[dashboard/loader] predictions loaded: {
  riskItems: 3,
  hasAutoHeal: true,
}
[dashboard/loader] predictions loaded: {
  riskItems: 3,
  hasAutoHeal: true,
}
[dashboard/loader] predictions loaded: {
  riskItems: 3,
  hasAutoHeal: true,
}
[dashboard/loader] predictions loaded: {
  riskItems: 3,
  hasAutoHeal: true,
}
[dashboard/loader] predictions loaded: {
  riskItems: 3,
  hasAutoHeal: true,
}
[dashboard/loader] predictions loaded: {
  riskItems: 3,
  hasAutoHeal: true,
}
[dashboard/loader] predictions loaded: {
  riskItems: 3,
  hasAutoHeal: true,
}
[dashboard/loader] predictions loaded: {
  riskItems: 3,
  hasAutoHeal: true,
}
[dashboard/loader] predictions loaded: {
  riskItems: 3,
  hasAutoHeal: true,
}
[dashboard/loader] predictions loaded: {
  riskItems: 3,
  hasAutoHeal: true,
}
[dashboard/loader] predictions loaded: {
  riskItems: 3,
  hasAutoHeal: true,
}
[dashboard/loader] predictions loaded: {
  riskItems: 3,
  hasAutoHeal: true,
}
[dashboard/loader] predictions loaded: {
  riskItems: 3,
  hasAutoHeal: true,
}
[dashboard/loader] predictions loaded: {
  riskItems: 3,
  hasAutoHeal: true,
}
[dashboard/loader] predictions loaded: {
  riskItems: 3,
  hasAutoHeal: true,
}
[dashboard/loader] predictions loaded: {
  riskItems: 3,
  hasAutoHeal: true,
}
[dashboard/loader] predictions loaded: {
  riskItems: 3,
  hasAutoHeal: true,
}
[dashboard/loader] predictions loaded: {
  riskItems: 3,
  hasAutoHeal: true,
}
[dashboard/loader] predictions loaded: {
  riskItems: 3,
  hasAutoHeal: true,
}
[dashboard/loader] predictions loaded: {
  riskItems: 3,
  hasAutoHeal: true,
}
[dashboard/loader] predictions loaded: {
  riskItems: 3,
  hasAutoHeal: true,
}
[dashboard/loader] predictions loaded: {
  riskItems: 3,
  hasAutoHeal: true,
}
[dashboard/loader] predictions loaded: {
  riskItems: 3,
  hasAutoHeal: true,
}
[dashboard/loader] predictions loaded: {
  riskItems: 3,
  hasAutoHeal: true,
}
[dashboard/loader] predictions loaded: {
  riskItems: 3,
  hasAutoHeal: true,
}
[dashboard/loader] predictions loaded: {
  riskItems: 3,
  hasAutoHeal: true,
}
[dashboard/loader] predictions loaded: {
  riskItems: 3,
  hasAutoHeal: true,
}
[dashboard/loader] predictions loaded: {
  riskItems: 3,
  hasAutoHeal: true,
}
[dashboard/loader] predictions loaded: {
  riskItems: 3,
  hasAutoHeal: true,
}
[dashboard/loader] predictions loaded: {
  riskItems: 3,
  hasAutoHeal: true,
}
[dashboard/loader] predictions loaded: {
  riskItems: 3,
  hasAutoHeal: true,
}
[dashboard/loader] predictions loaded: {
  riskItems: 3,
  hasAutoHeal: true,
}
[dashboard/loader] predictions loaded: {
  riskItems: 3,
  hasAutoHeal: true,
}
[dashboard/loader] predictions loaded: {
  riskItems: 3,
  hasAutoHeal: true,
}
[dashboard/loader] predictions loaded: {
  riskItems: 3,
  hasAutoHeal: true,
}
[dashboard/loader] predictions loaded: {
  riskItems: 3,
  hasAutoHeal: true,
}
[dashboard/loader] predictions loaded: {
  riskItems: 3,
  hasAutoHeal: true,
}
[dashboard/loader] predictions loaded: {
  riskItems: 3,
  hasAutoHeal: true,
}
[dashboard/loader] predictions loaded: {
  riskItems: 3,
  hasAutoHeal: true,
}
[dashboard/loader] predictions loaded: {
  riskItems: 3,
  hasAutoHeal: true,
}
[dashboard/loader] predictions loaded: {
  riskItems: 3,
  hasAutoHeal: true,
}
9:55:00 AM [vite] (client) hmr update /src/styles.css?direct, /src/components/Dashboard.tsx
9:55:00 AM [vite] (ssr) page reload src/components/Dashboard.tsx
9:55:00 AM [vite] (ssr) program reload
[dashboard/loader] predictions loaded: {
  riskItems: 3,
  hasAutoHeal: true,
}
[dashboard/loader] predictions loaded: {
  riskItems: 3,
  hasAutoHeal: true,
}
9:57:13 AM [vite] (client) page reload mission-control-dashboard-backup-20260615-095712/client/test-animations.html

  VITE v8.0.13  ready in 618 ms

  ➜  Local:   http://localhost:3000/
  ➜  Network: http://192.168.68.64:3000/
9:57:18 AM [vite] (ssr) connected.
[dashboard/loader] predictions loaded: {
  riskItems: 3,
  hasAutoHeal: true,
}
[dashboard/loader] predictions loaded: {
  riskItems: 3,
  hasAutoHeal: true,
}
[dashboard/loader] predictions loaded: {
  riskItems: 3,
  hasAutoHeal: true,
}
[dashboard/loader] predictions loaded: {
  riskItems: 3,
  hasAutoHeal: true,
}
[tasks loader] Loaded 129 tasks
10:11:08 AM [vite] (client) ✨ new dependencies optimized: @tanstack/router-core, @tanstack/router-core/isServer, @tanstack/router-core/ssr/client, seroval
[tasks loader] Loaded 129 tasks
[dashboard/loader] predictions loaded: {
  riskItems: 3,
  hasAutoHeal: true,
}
[dashboard/loader] predictions loaded: {
  riskItems: 3,
  hasAutoHeal: true,
}
[dashboard/loader] predictions loaded: {
  riskItems: 3,
  hasAutoHeal: true,
}
[dashboard/loader] predictions loaded: {
  riskItems: 3,
  hasAutoHeal: true,
}
[dashboard/loader] predictions loaded: {
  riskItems: 3,
  hasAutoHeal: true,
}
[dashboard/loader] predictions loaded: {
  riskItems: 3,
  hasAutoHeal: true,
}
[dashboard/loader] predictions loaded: {
  riskItems: 3,
  hasAutoHeal: true,
}
[dashboard/loader] predictions loaded: {
  riskItems: 3,
  hasAutoHeal: true,
}
[dashboard/loader] predictions loaded: {
  riskItems: 3,
  hasAutoHeal: true,
}
[dashboard/loader] predictions loaded: {
  riskItems: 3,
  hasAutoHeal: true,
}
[dashboard/loader] predictions loaded: {
  riskItems: 3,
  hasAutoHeal: true,
}
[dashboard/loader] predictions loaded: {
  riskItems: 3,
  hasAutoHeal: true,
}
[dashboard/loader] predictions loaded: {
  riskItems: 3,
  hasAutoHeal: true,
}
[dashboard/loader] predictions loaded: {
  riskItems: 3,
  hasAutoHeal: true,
}
[dashboard/loader] predictions loaded: {
  riskItems: 3,
  hasAutoHeal: true,
}
[dashboard/loader] predictions loaded: {
  riskItems: 3,
  hasAutoHeal: true,
}
[dashboard/loader] predictions loaded: {
  riskItems: 3,
  hasAutoHeal: true,
}
[dashboard/loader] predictions loaded: {
  riskItems: 3,
  hasAutoHeal: true,
}
[dashboard/loader] predictions loaded: {
  riskItems: 3,
  hasAutoHeal: true,
}
[dashboard/loader] predictions loaded: {
  riskItems: 3,
  hasAutoHeal: true,
}
[dashboard/loader] predictions loaded: {
  riskItems: 3,
  hasAutoHeal: true,
}
[dashboard/loader] predictions loaded: {
  riskItems: 3,
  hasAutoHeal: true,
}
[dashboard/loader] predictions loaded: {
  riskItems: 3,
  hasAutoHeal: true,
}
[dashboard/loader] predictions loaded: {
  riskItems: 3,
  hasAutoHeal: true,
}
[dashboard/loader] predictions loaded: {
  riskItems: 3,
  hasAutoHeal: true,
}
[dashboard/loader] predictions loaded: {
  riskItems: 3,
  hasAutoHeal: true,
}
[dashboard/loader] predictions loaded: {
  riskItems: 3,
  hasAutoHeal: true,
}
[dashboard/loader] predictions loaded: {
  riskItems: 3,
  hasAutoHeal: true,
}
[dashboard/loader] predictions loaded: {
  riskItems: 3,
  hasAutoHeal: true,
}
[dashboard/loader] predictions loaded: {
  riskItems: 3,
  hasAutoHeal: true,
}
[dashboard/loader] predictions loaded: {
  riskItems: 3,
  hasAutoHeal: true,
}
[dashboard/loader] predictions loaded: {
  riskItems: 3,
  hasAutoHeal: true,
}
[dashboard/loader] predictions loaded: {
  riskItems: 3,
  hasAutoHeal: true,
}
[dashboard/loader] predictions loaded: {
  riskItems: 3,
  hasAutoHeal: true,
}
[dashboard/loader] predictions loaded: {
  riskItems: 3,
  hasAutoHeal: true,
}
[dashboard/loader] predictions loaded: {
  riskItems: 3,
  hasAutoHeal: true,
}
[dashboard/loader] predictions loaded: {
  riskItems: 3,
  hasAutoHeal: true,
}
[dashboard/loader] predictions loaded: {
  riskItems: 3,
  hasAutoHeal: true,
}
[dashboard/loader] predictions loaded: {
  riskItems: 3,
  hasAutoHeal: true,
}
[dashboard/loader] predictions loaded: {
  riskItems: 3,
  hasAutoHeal: true,
}
[dashboard/loader] predictions loaded: {
  riskItems: 3,
  hasAutoHeal: true,
}
[dashboard/loader] predictions loaded: {
  riskItems: 3,
  hasAutoHeal: true,
}
[dashboard/loader] predictions loaded: {
  riskItems: 3,
  hasAutoHeal: true,
}
[dashboard/loader] predictions loaded: {
  riskItems: 3,
  hasAutoHeal: true,
}
[dashboard/loader] predictions loaded: {
  riskItems: 3,
  hasAutoHeal: true,
}
[dashboard/loader] predictions loaded: {
  riskItems: 3,
  hasAutoHeal: true,
}
[dashboard/loader] predictions loaded: {
  riskItems: 2,
  hasAutoHeal: true,
}
[dashboard/loader] predictions loaded: {
  riskItems: 2,
  hasAutoHeal: true,
}
[dashboard/loader] predictions loaded: {
  riskItems: 0,
  hasAutoHeal: true,
}
[dashboard/loader] predictions loaded: {
  riskItems: 0,
  hasAutoHeal: true,
}
[dashboard/loader] predictions loaded: {
  riskItems: 0,
  hasAutoHeal: true,
}
[dashboard/loader] predictions loaded: {
  riskItems: 0,
  hasAutoHeal: true,
}
[dashboard/loader] predictions loaded: {
  riskItems: 0,
  hasAutoHeal: true,
}
[dashboard/loader] predictions loaded: {
  riskItems: 0,
  hasAutoHeal: true,
}
[dashboard/loader] predictions loaded: {
  riskItems: 0,
  hasAutoHeal: true,
}
[dashboard/loader] predictions loaded: {
  riskItems: 0,
  hasAutoHeal: true,
}
[dashboard/loader] predictions loaded: {
  riskItems: 0,
  hasAutoHeal: true,
}
[dashboard/loader] predictions loaded: {
  riskItems: 0,
  hasAutoHeal: true,
}
[dashboard/loader] predictions loaded: {
  riskItems: 0,
  hasAutoHeal: true,
}
[dashboard/loader] predictions loaded: {
  riskItems: 0,
  hasAutoHeal: true,
}
[dashboard/loader] predictions loaded: {
  riskItems: 0,
  hasAutoHeal: true,
}
[dashboard/loader] predictions loaded: {
  riskItems: 0,
  hasAutoHeal: true,
}
[dashboard/loader] predictions loaded: {
  riskItems: 0,
  hasAutoHeal: true,
}
[dashboard/loader] predictions loaded: {
  riskItems: 0,
  hasAutoHeal: true,
}
[dashboard/loader] predictions loaded: {
  riskItems: 0,
  hasAutoHeal: true,
}
[dashboard/loader] predictions loaded: {
  riskItems: 0,
  hasAutoHeal: true,
}
[dashboard/loader] predictions loaded: {
  riskItems: 0,
  hasAutoHeal: true,
}
[dashboard/loader] predictions loaded: {
  riskItems: 0,
  hasAutoHeal: true,
}
[dashboard/loader] predictions loaded: {
  riskItems: 0,
  hasAutoHeal: true,
}
[dashboard/loader] predictions loaded: {
  riskItems: 0,
  hasAutoHeal: true,
}
[dashboard/loader] predictions loaded: {
  riskItems: 0,
  hasAutoHeal: true,
}
[dashboard/loader] predictions loaded: {
  riskItems: 0,
  hasAutoHeal: true,
}
[dashboard/loader] predictions loaded: {
  riskItems: 0,
  hasAutoHeal: true,
}
[dashboard/loader] predictions loaded: {
  riskItems: 0,
  hasAutoHeal: true,
}
[dashboard/loader] predictions loaded: {
  riskItems: 0,
  hasAutoHeal: true,
}
[dashboard/loader] predictions loaded: {
  riskItems: 0,
  hasAutoHeal: true,
}
[dashboard/loader] predictions loaded: {
  riskItems: 0,
  hasAutoHeal: true,
}
[dashboard/loader] predictions loaded: {
  riskItems: 0,
  hasAutoHeal: true,
}
[dashboard/loader] predictions loaded: {
  riskItems: 0,
  hasAutoHeal: true,
}
[dashboard/loader] predictions loaded: {
  riskItems: 0,
  hasAutoHeal: true,
}
[dashboard/loader] predictions loaded: {
  riskItems: 0,
  hasAutoHeal: true,
}
[dashboard/loader] predictions loaded: {
  riskItems: 0,
  hasAutoHeal: true,
}
[dashboard/loader] predictions loaded: {
  riskItems: 0,
  hasAutoHeal: true,
}
[dashboard/loader] predictions loaded: {
  riskItems: 0,
  hasAutoHeal: true,
}
[dashboard/loader] predictions loaded: {
  riskItems: 0,
  hasAutoHeal: true,
}
[dashboard/loader] predictions loaded: {
  riskItems: 0,
  hasAutoHeal: true,
}
[dashboard/loader] predictions loaded: {
  riskItems: 0,
  hasAutoHeal: true,
}
[dashboard/loader] predictions loaded: {
  riskItems: 0,
  hasAutoHeal: true,
}
[dashboard/loader] predictions loaded: {
  riskItems: 0,
  hasAutoHeal: true,
}
[dashboard/loader] predictions loaded: {
  riskItems: 0,
  hasAutoHeal: true,
}
[dashboard/loader] predictions loaded: {
  riskItems: 0,
  hasAutoHeal: true,
}
[dashboard/loader] predictions loaded: {
  riskItems: 0,
  hasAutoHeal: true,
}
[dashboard/loader] predictions loaded: {
  riskItems: 0,
  hasAutoHeal: true,
}
[dashboard/loader] predictions loaded: {
  riskItems: 0,
  hasAutoHeal: true,
}
[dashboard/loader] predictions loaded: {
  riskItems: 0,
  hasAutoHeal: true,
}
[dashboard/loader] predictions loaded: {
  riskItems: 0,
  hasAutoHeal: true,
}
[dashboard/loader] predictions loaded: {
  riskItems: 0,
  hasAutoHeal: true,
}
[dashboard/loader] predictions loaded: {
  riskItems: 0,
  hasAutoHeal: true,
}
[dashboard/loader] predictions loaded: {
  riskItems: 0,
  hasAutoHeal: true,
}
[dashboard/loader] predictions loaded: {
  riskItems: 0,
  hasAutoHeal: true,
}
5:01:21 AM [vite] (client) Re-optimizing dependencies because vite config has changed

  VITE v8.0.13  ready in 706 ms

  ➜  Local:   http://localhost:3000/
  ➜  Network: http://192.168.68.64:3000/
5:01:24 AM [vite] (ssr) connected.
[dashboard/loader] predictions loaded: {
  riskItems: 0,
  hasAutoHeal: true,
}
[dashboard/loader] predictions loaded: {
  riskItems: 0,
  hasAutoHeal: true,
}
[dashboard/loader] predictions loaded: {
  riskItems: 0,
  hasAutoHeal: true,
}
[dashboard/loader] predictions loaded: {
  riskItems: 0,
  hasAutoHeal: true,
}
[dashboard/loader] predictions loaded: {
  riskItems: 0,
  hasAutoHeal: true,
}
[dashboard/loader] predictions loaded: {
  riskItems: 0,
  hasAutoHeal: true,
}
[dashboard/loader] predictions loaded: {
  riskItems: 0,
  hasAutoHeal: true,
}
[dashboard/loader] predictions loaded: {
  riskItems: 0,
  hasAutoHeal: true,
}
[dashboard/loader] predictions loaded: {
  riskItems: 0,
  hasAutoHeal: true,
}
[dashboard/loader] predictions loaded: {
  riskItems: 0,
  hasAutoHeal: true,
}
[dashboard/loader] predictions loaded: {
  riskItems: 0,
  hasAutoHeal: true,
}
[dashboard/loader] predictions loaded: {
  riskItems: 0,
  hasAutoHeal: true,
}
[dashboard/loader] predictions loaded: {
  riskItems: 0,
  hasAutoHeal: true,
}
[dashboard/loader] predictions loaded: {
  riskItems: 0,
  hasAutoHeal: true,
}
[dashboard/loader] predictions loaded: {
  riskItems: 0,
  hasAutoHeal: true,
}
[dashboard/loader] predictions loaded: {
  riskItems: 0,
  hasAutoHeal: true,
}
[dashboard/loader] predictions loaded: {
  riskItems: 0,
  hasAutoHeal: true,
}
[dashboard/loader] predictions loaded: {
  riskItems: 0,
  hasAutoHeal: true,
}
9:00:48 AM [vite] (client) ✨ new dependencies optimized: @tanstack/router-core, @tanstack/router-core/isServer, @tanstack/router-core/ssr/client, seroval
[dashboard/loader] predictions loaded: {
  riskItems: 0,
  hasAutoHeal: true,
}
[dashboard/loader] predictions loaded: {
  riskItems: 0,
  hasAutoHeal: true,
}
[dashboard/loader] predictions loaded: {
  riskItems: 0,
  hasAutoHeal: true,
}
[dashboard/loader] predictions loaded: {
  riskItems: 0,
  hasAutoHeal: true,
}
[dashboard/loader] predictions loaded: {
  riskItems: 0,
  hasAutoHeal: true,
}
[dashboard/loader] predictions loaded: {
  riskItems: 0,
  hasAutoHeal: true,
}
[dashboard/loader] predictions loaded: {
  riskItems: 0,
  hasAutoHeal: true,
}
[dashboard/loader] predictions loaded: {
  riskItems: 0,
  hasAutoHeal: true,
}
[dashboard/loader] predictions loaded: {
  riskItems: 0,
  hasAutoHeal: true,
}
[dashboard/loader] predictions loaded: {
  riskItems: 0,
  hasAutoHeal: true,
}
11:37:29 AM [vite] (client) hmr update /src/styles.css?direct
11:37:29 AM [vite] (ssr) page reload src/components/AgentNetworkPanel.tsx
11:37:29 AM [vite] (ssr) program reload
11:38:53 AM [vite] (client) hmr update /src/styles.css?direct
11:38:53 AM [vite] (ssr) page reload src/components/AgentNetworkPanel.tsx
11:50:21 AM [vite] (client) hmr update /src/styles.css?direct
11:50:21 AM [vite] (ssr) page reload src/components/Dashboard.tsx
11:51:20 AM [vite] (client) hmr update /src/styles.css?direct
11:51:20 AM [vite] (ssr) page reload src/components/Dashboard.tsx
11:53:13 AM [vite] (client) hmr update /src/styles.css?direct
11:53:13 AM [vite] (ssr) page reload src/components/Dashboard.tsx
[dashboard/loader] predictions loaded: {
  riskItems: 0,
  hasAutoHeal: true,
}
[dashboard/loader] predictions loaded: {
  riskItems: 0,
  hasAutoHeal: true,
}
12:17:28 PM [vite] (client) hmr update /src/styles.css?direct
12:17:28 PM [vite] (ssr) page reload src/lib/task-stream.ts
12:18:04 PM [vite] (client) hmr update /src/styles.css?direct
12:18:04 PM [vite] (ssr) page reload src/lib/room-energy.ts
12:18:04 PM [vite] (ssr) program reload
12:27:38 PM [vite] (client) hmr update /src/styles.css?direct
12:27:38 PM [vite] (ssr) page reload src/lib/room-energy.ts
[dashboard/loader] predictions loaded: {
  riskItems: 0,
  hasAutoHeal: true,
}
[dashboard/loader] predictions loaded: {
  riskItems: 0,
  hasAutoHeal: true,
}
12:44:44 PM [vite] (client) hmr update /src/styles.css?direct
12:44:44 PM [vite] (ssr) page reload src/hooks/useTaskStream.ts
12:44:44 PM [vite] (ssr) program reload
12:48:36 PM [vite] (client) hmr update /src/styles.css?direct
12:48:36 PM [vite] (ssr) page reload src/components/Dashboard.tsx
[dashboard/loader] predictions loaded: {
  riskItems: 0,
  hasAutoHeal: true,
}
[dashboard/loader] predictions loaded: {
  riskItems: 0,
  hasAutoHeal: true,
}
[dashboard/loader] predictions loaded: {
  riskItems: 0,
  hasAutoHeal: true,
}

  VITE v8.0.13  ready in 607 ms

  ➜  Local:   http://localhost:3000/
  ➜  Network: http://192.168.68.64:3000/
1:09:32 PM [vite] (ssr) connected.
[dashboard/loader] predictions loaded: {
  riskItems: 0,
  hasAutoHeal: true,
}
[dashboard/loader] predictions loaded: {
  riskItems: 0,
  hasAutoHeal: true,
}
[dashboard/loader] predictions loaded: {
  riskItems: 0,
  hasAutoHeal: true,
}
[dashboard/loader] predictions loaded: {
  riskItems: 0,
  hasAutoHeal: true,
}
[tasks loader] Loaded 133 tasks
[dashboard/loader] predictions loaded: {
  riskItems: 0,
  hasAutoHeal: true,
}
[dashboard/loader] predictions loaded: {
  riskItems: 0,
  hasAutoHeal: true,
}
[dashboard/loader] predictions loaded: {
  riskItems: 0,
  hasAutoHeal: true,
}
[dashboard/loader] predictions loaded: {
  riskItems: 0,
  hasAutoHeal: true,
}
[dashboard/loader] predictions loaded: {
  riskItems: 0,
  hasAutoHeal: true,
}
[dashboard/loader] predictions loaded: {
  riskItems: 0,
  hasAutoHeal: true,
}
[dashboard/loader] predictions loaded: {
  riskItems: 0,
  hasAutoHeal: true,
}
2:19:11 PM [vite] (client) ✨ new dependencies optimized: @tanstack/router-core, @tanstack/router-core/isServer, @tanstack/router-core/ssr/client, seroval
[dashboard/loader] predictions loaded: {
  riskItems: 0,
  hasAutoHeal: true,
}
[api/save-tasks] Merged 133 client + 0 disk-only = 133 total
[api/save-tasks] Merged 133 client + 0 disk-only = 133 total
[dashboard/loader] predictions loaded: {
  riskItems: 0,
  hasAutoHeal: true,
}
[dashboard/loader] predictions loaded: {
  riskItems: 0,
  hasAutoHeal: true,
}
[dashboard/loader] predictions loaded: {
  riskItems: 0,
  hasAutoHeal: true,
}
[dashboard/loader] predictions loaded: {
  riskItems: 0,
  hasAutoHeal: true,
}
[dashboard/loader] predictions loaded: {
  riskItems: 0,
  hasAutoHeal: true,
}
[dashboard/loader] predictions loaded: {
  riskItems: 0,
  hasAutoHeal: true,
}
[dashboard/loader] predictions loaded: {
  riskItems: 0,
  hasAutoHeal: true,
}
[dashboard/loader] predictions loaded: {
  riskItems: 0,
  hasAutoHeal: true,
}
[dashboard/loader] predictions loaded: {
  riskItems: 0,
  hasAutoHeal: true,
}
[dashboard/loader] predictions loaded: {
  riskItems: 0,
  hasAutoHeal: true,
}
[dashboard/loader] predictions loaded: {
  riskItems: 0,
  hasAutoHeal: true,
}
[dashboard/loader] predictions loaded: {
  riskItems: 0,
  hasAutoHeal: true,
}
[dashboard/loader] predictions loaded: {
  riskItems: 0,
  hasAutoHeal: true,
}
[dashboard/loader] predictions loaded: {
  riskItems: 0,
  hasAutoHeal: true,
}
[dashboard/loader] predictions loaded: {
  riskItems: 0,
  hasAutoHeal: true,
}
[dashboard/loader] predictions loaded: {
  riskItems: 0,
  hasAutoHeal: true,
}
[dashboard/loader] predictions loaded: {
  riskItems: 0,
  hasAutoHeal: true,
}
[dashboard/loader] predictions loaded: {
  riskItems: 0,
  hasAutoHeal: true,
}
[dashboard/loader] predictions loaded: {
  riskItems: 0,
  hasAutoHeal: true,
}
[dashboard/loader] predictions loaded: {
  riskItems: 0,
  hasAutoHeal: true,
}
[dashboard/loader] predictions loaded: {
  riskItems: 0,
  hasAutoHeal: true,
}
[dashboard/loader] predictions loaded: {
  riskItems: 0,
  hasAutoHeal: true,
}
6:56:19 PM [vite] (client) hmr update /src/styles.css?direct
6:56:19 PM [vite] (ssr) page reload src/server.ts
6:56:19 PM [vite] (ssr) program reload
7:00:34 PM [vite] (client) Re-optimizing dependencies because lockfile has changed

  VITE v8.0.13  ready in 825 ms

  ➜  Local:   http://localhost:3000/
  ➜  Network: http://192.168.68.64:3000/
7:00:34 PM [vite] (ssr) connected.

  VITE v8.0.13  ready in 499 ms

  ➜  Local:   http://localhost:3000/
  ➜  Network: http://192.168.68.64:3000/

  VITE v8.0.13  ready in 572 ms

  ➜  Local:   http://localhost:3000/
  ➜  Network: http://192.168.68.64:3000/

  VITE v8.0.13  ready in 533 ms

  ➜  Local:   http://localhost:3000/
  ➜  Network: http://192.168.68.64:3000/
7:21:55 PM [vite] (ssr) connected.
[dashboard/loader] predictions loaded: {
  riskItems: 0,
  hasAutoHeal: true,
}
7:21:58 PM [vite] (client) ✨ new dependencies optimized: @tanstack/router-core, @tanstack/router-core/isServer, @tanstack/router-core/ssr/client, seroval
[tasks loader] Loaded 136 tasks
[dashboard/loader] predictions loaded: {
  riskItems: 0,
  hasAutoHeal: true,
}
[dashboard/loader] predictions loaded: {
  riskItems: 0,
  hasAutoHeal: true,
}
[dashboard/loader] predictions loaded: {
  riskItems: 0,
  hasAutoHeal: true,
}
7:38:09 PM [vite] (client) hmr update /src/styles.css?direct, /src/components/Dashboard.tsx
7:38:09 PM [vite] (ssr) page reload src/components/Dashboard.tsx
7:38:09 PM [vite] (ssr) program reload
7:38:50 PM [vite] (client) hmr update /src/styles.css?direct, /src/components/Dashboard.tsx
7:38:50 PM [vite] (ssr) page reload src/components/Dashboard.tsx
7:39:18 PM [vite] (client) hmr update /src/styles.css?direct, /src/components/Dashboard.tsx
7:39:18 PM [vite] (ssr) page reload src/components/Dashboard.tsx
7:39:49 PM [vite] (client) hmr update /src/styles.css?direct, /src/components/Dashboard.tsx
7:39:49 PM [vite] (ssr) page reload src/components/Dashboard.tsx
7:40:23 PM [vite] (client) hmr update /src/styles.css?direct, /src/components/Dashboard.tsx
7:40:23 PM [vite] (ssr) page reload src/components/Dashboard.tsx
7:40:56 PM [vite] (client) hmr update /src/styles.css?direct, /src/components/Dashboard.tsx
7:40:56 PM [vite] (ssr) page reload src/components/Dashboard.tsx
7:41:35 PM [vite] (client) hmr update /src/styles.css?direct, /src/components/Dashboard.tsx
7:41:35 PM [vite] (ssr) page reload src/components/Dashboard.tsx
7:42:36 PM [vite] (client) hmr update /src/styles.css?direct, /src/components/Dashboard.tsx
7:42:36 PM [vite] (ssr) page reload src/components/Dashboard.tsx
7:44:36 PM [vite] (client) hmr update /src/styles.css?direct, /src/components/Dashboard.tsx
7:44:36 PM [vite] (ssr) page reload src/components/Dashboard.tsx
7:45:07 PM [vite] (client) hmr update /src/styles.css?direct, /src/components/Dashboard.tsx
7:45:07 PM [vite] (ssr) page reload src/components/Dashboard.tsx

  VITE v8.0.13  ready in 645 ms

  ➜  Local:   http://localhost:3000/
  ➜  Network: http://192.168.68.64:3000/
7:48:44 PM [vite] (client) Re-optimizing dependencies because lockfile has changed

  VITE v8.0.13  ready in 621 ms

  ➜  Local:   http://localhost:3000/
  ➜  Network: http://192.168.68.64:3000/

  VITE v8.0.13  ready in 538 ms

  ➜  Local:   http://localhost:3000/
  ➜  Network: http://192.168.68.64:3000/
7:52:30 PM [vite] (ssr) connected.
[dashboard/loader] predictions loaded: {
  riskItems: 0,
  hasAutoHeal: true,
}
[dashboard/loader] predictions loaded: {
  riskItems: 0,
  hasAutoHeal: true,
}

  VITE v8.0.13  ready in 615 ms

  ➜  Local:   http://localhost:3000/
  ➜  Network: http://192.168.68.64:3000/
8:00:44 PM [vite] (ssr) connected.
[dashboard/loader] predictions loaded: {
  riskItems: 0,
  hasAutoHeal: true,
}
[dashboard/loader] predictions loaded: {
  riskItems: 0,
  hasAutoHeal: true,
}
[dashboard/loader] predictions loaded: {
  riskItems: 0,
  hasAutoHeal: true,
}
[dashboard/loader] predictions loaded: {
  riskItems: 0,
  hasAutoHeal: true,
}
[dashboard/loader] predictions loaded: {
  riskItems: 0,
  hasAutoHeal: true,
}
[dashboard/loader] predictions loaded: {
  riskItems: 0,
  hasAutoHeal: true,
}
[dashboard/loader] predictions loaded: {
  riskItems: 0,
  hasAutoHeal: true,
}
[dashboard/loader] predictions loaded: {
  riskItems: 0,
  hasAutoHeal: true,
}
[dashboard/loader] predictions loaded: {
  riskItems: 0,
  hasAutoHeal: true,
}
[dashboard/loader] predictions loaded: {
  riskItems: 0,
  hasAutoHeal: true,
}
[dashboard/loader] predictions loaded: {
  riskItems: 0,
  hasAutoHeal: true,
}
9:44:13 PM [vite] (client) ✨ new dependencies optimized: @tanstack/router-core, @tanstack/router-core/isServer, @tanstack/router-core/ssr/client, seroval
[dashboard/loader] predictions loaded: {
  riskItems: 0,
  hasAutoHeal: true,
}
[dashboard/loader] predictions loaded: {
  riskItems: 0,
  hasAutoHeal: true,
}
[dashboard/loader] predictions loaded: {
  riskItems: 0,
  hasAutoHeal: true,
}
[dashboard/loader] predictions loaded: {
  riskItems: 0,
  hasAutoHeal: true,
}
[dashboard/loader] predictions loaded: {
  riskItems: 0,
  hasAutoHeal: true,
}
[dashboard/loader] predictions loaded: {
  riskItems: 0,
  hasAutoHeal: true,
}
[dashboard/loader] predictions loaded: {
  riskItems: 0,
  hasAutoHeal: true,
}
10:03:19 PM [vite] (client) Re-optimizing dependencies because vite config has changed
Port 3000 is in use, trying another one...

  VITE v8.0.13  ready in 4052 ms

  ➜  Local:   http://localhost:3001/
  ➜  Network: http://192.168.68.64:3001/
10:26:41 PM [vite] (client) Re-optimizing dependencies because vite config has changed

  VITE v8.0.13  ready in 717 ms

  ➜  Local:   http://localhost:3000/
  ➜  Network: http://192.168.68.64:3000/
10:27:51 PM [vite] (client) Re-optimizing dependencies because vite config has changed

  VITE v8.0.13  ready in 643 ms

  ➜  Local:   http://localhost:3000/
  ➜  Network: http://192.168.68.64:3000/

  VITE v8.0.13  ready in 467 ms

  ➜  Local:   http://localhost:3000/
  ➜  Network: http://192.168.68.64:3000/
11:20:59 PM [vite] (ssr) connected.
[dashboard/loader] predictions loaded: {
  riskItems: 0,
  hasAutoHeal: true,
}
[dashboard/loader] predictions loaded: {
  riskItems: 0,
  hasAutoHeal: true,
}
[dashboard/loader] predictions loaded: {
  riskItems: 0,
  hasAutoHeal: true,
}
11:21:15 PM [vite] (client) ✨ new dependencies optimized: @tanstack/router-core, @tanstack/router-core/isServer, @tanstack/router-core/ssr/client, seroval
11:21:54 PM [vite] (client) hmr update /src/styles.css?direct, /src/components/AgentNetworkPanel.tsx
11:21:54 PM [vite] (ssr) page reload src/components/AgentNetworkPanel.tsx
11:21:54 PM [vite] (ssr) program reload
[dashboard/loader] predictions loaded: {
  riskItems: 0,
  hasAutoHeal: true,
}
11:22:18 PM [vite] (client) page reload mission-control-dashboard-backup-20260616-232217/client/test-animations.html

  VITE v8.0.13  ready in 462 ms

  ➜  Local:   http://localhost:3000/
  ➜  Network: http://192.168.68.64:3000/
11:22:22 PM [vite] (ssr) connected.
[dashboard/loader] predictions loaded: {
  riskItems: 0,
  hasAutoHeal: true,
}
[dashboard/loader] predictions loaded: {
  riskItems: 0,
  hasAutoHeal: true,
}
[dashboard/loader] predictions loaded: {
  riskItems: 0,
  hasAutoHeal: true,
}
11:22:36 PM [vite] (client) ✨ new dependencies optimized: @tanstack/router-core, @tanstack/router-core/isServer, @tanstack/router-core/ssr/client, seroval
11:23:14 PM [vite] (client) hmr update /src/styles.css?direct, /src/components/Dashboard.tsx
11:23:14 PM [vite] (ssr) page reload src/components/Dashboard.tsx
11:23:14 PM [vite] (ssr) program reload
[dashboard/loader] predictions loaded: {
  riskItems: 0,
  hasAutoHeal: true,
}
11:23:55 PM [vite] (client) page reload mission-control-dashboard-backup-20260616-232353/client/test-animations.html

  VITE v8.0.13  ready in 463 ms

  ➜  Local:   http://localhost:3000/
  ➜  Network: http://192.168.68.64:3000/
11:23:58 PM [vite] (ssr) connected.
[dashboard/loader] predictions loaded: {
  riskItems: 0,
  hasAutoHeal: true,
}
[dashboard/loader] predictions loaded: {
  riskItems: 0,
  hasAutoHeal: true,
}
[dashboard/loader] predictions loaded: {
  riskItems: 0,
  hasAutoHeal: true,
}
11:24:08 PM [vite] (client) ✨ new dependencies optimized: @tanstack/router-core, @tanstack/router-core/isServer, @tanstack/router-core/ssr/client, seroval
[dashboard/loader] predictions loaded: {
  riskItems: 0,
  hasAutoHeal: true,
}
[dashboard/loader] predictions loaded: {
  riskItems: 0,
  hasAutoHeal: true,
}
[dashboard/loader] predictions loaded: {
  riskItems: 0,
  hasAutoHeal: true,
}
[dashboard/loader] predictions loaded: {
  riskItems: 0,
  hasAutoHeal: true,
}
[dashboard/loader] predictions loaded: {
  riskItems: 0,
  hasAutoHeal: true,
}
[dashboard/loader] predictions loaded: {
  riskItems: 0,
  hasAutoHeal: true,
}
[dashboard/loader] predictions loaded: {
  riskItems: 0,
  hasAutoHeal: true,
}
[dashboard/loader] predictions loaded: {
  riskItems: 0,
  hasAutoHeal: true,
}
[dashboard/loader] predictions loaded: {
  riskItems: 0,
  hasAutoHeal: true,
}
[dashboard/loader] predictions loaded: {
  riskItems: 0,
  hasAutoHeal: true,
}
[dashboard/loader] predictions loaded: {
  riskItems: 0,
  hasAutoHeal: true,
}
[dashboard/loader] predictions loaded: {
  riskItems: 0,
  hasAutoHeal: true,
}
[dashboard/loader] predictions loaded: {
  riskItems: 0,
  hasAutoHeal: true,
}
[dashboard/loader] predictions loaded: {
  riskItems: 0,
  hasAutoHeal: true,
}
[dashboard/loader] predictions loaded: {
  riskItems: 0,
  hasAutoHeal: true,
}
[dashboard/loader] predictions loaded: {
  riskItems: 0,
  hasAutoHeal: true,
}
[dashboard/loader] predictions loaded: {
  riskItems: 0,
  hasAutoHeal: true,
}
[dashboard/loader] predictions loaded: {
  riskItems: 0,
  hasAutoHeal: true,
}
[dashboard/loader] predictions loaded: {
  riskItems: 0,
  hasAutoHeal: true,
}
[dashboard/loader] predictions loaded: {
  riskItems: 0,
  hasAutoHeal: true,
}
[dashboard/loader] predictions loaded: {
  riskItems: 0,
  hasAutoHeal: true,
}
[dashboard/loader] predictions loaded: {
  riskItems: 0,
  hasAutoHeal: true,
}
[dashboard/loader] predictions loaded: {
  riskItems: 0,
  hasAutoHeal: true,
}
[dashboard/loader] predictions loaded: {
  riskItems: 0,
  hasAutoHeal: true,
}
[dashboard/loader] predictions loaded: {
  riskItems: 0,
  hasAutoHeal: true,
}
[dashboard/loader] predictions loaded: {
  riskItems: 0,
  hasAutoHeal: true,
}
[dashboard/loader] predictions loaded: {
  riskItems: 0,
  hasAutoHeal: true,
}
[dashboard/loader] predictions loaded: {
  riskItems: 0,
  hasAutoHeal: true,
}
[dashboard/loader] predictions loaded: {
  riskItems: 0,
  hasAutoHeal: true,
}
[dashboard/loader] predictions loaded: {
  riskItems: 0,
  hasAutoHeal: true,
}
[dashboard/loader] predictions loaded: {
  riskItems: 0,
  hasAutoHeal: true,
}
[dashboard/loader] predictions loaded: {
  riskItems: 0,
  hasAutoHeal: true,
}
[dashboard/loader] predictions loaded: {
  riskItems: 0,
  hasAutoHeal: true,
}
[dashboard/loader] predictions loaded: {
  riskItems: 0,
  hasAutoHeal: true,
}
[dashboard/loader] predictions loaded: {
  riskItems: 0,
  hasAutoHeal: true,
}
[dashboard/loader] predictions loaded: {
  riskItems: 0,
  hasAutoHeal: true,
}
[dashboard/loader] predictions loaded: {
  riskItems: 0,
  hasAutoHeal: true,
}
[dashboard/loader] predictions loaded: {
  riskItems: 0,
  hasAutoHeal: true,
}
[dashboard/loader] predictions loaded: {
  riskItems: 0,
  hasAutoHeal: true,
}
[dashboard/loader] predictions loaded: {
  riskItems: 0,
  hasAutoHeal: true,
}
[dashboard/loader] predictions loaded: {
  riskItems: 0,
  hasAutoHeal: true,
}
[dashboard/loader] predictions loaded: {
  riskItems: 0,
  hasAutoHeal: true,
}
[dashboard/loader] predictions loaded: {
  riskItems: 0,
  hasAutoHeal: true,
}
[dashboard/loader] predictions loaded: {
  riskItems: 0,
  hasAutoHeal: true,
}
[dashboard/loader] predictions loaded: {
  riskItems: 0,
  hasAutoHeal: true,
}
[dashboard/loader] predictions loaded: {
  riskItems: 0,
  hasAutoHeal: true,
}

  VITE v8.0.13  ready in 828 ms

  ➜  Local:   http://localhost:3000/
  ➜  Network: http://192.168.68.64:3000/
10:16:15 AM [vite] (ssr) connected.
[dashboard/loader] predictions loaded: {
  riskItems: 0,
  hasAutoHeal: true,
}
[dashboard/loader] predictions loaded: {
  riskItems: 0,
  hasAutoHeal: true,
}
[dashboard/loader] predictions loaded: {
  riskItems: 0,
  hasAutoHeal: true,
}
[dashboard/loader] predictions loaded: {
  riskItems: 0,
  hasAutoHeal: true,
}
[dashboard/loader] predictions loaded: {
  riskItems: 0,
  hasAutoHeal: true,
}
[dashboard/loader] predictions loaded: {
  riskItems: 0,
  hasAutoHeal: true,
}
[dashboard/loader] predictions loaded: {
  riskItems: 0,
  hasAutoHeal: true,
}
[dashboard/loader] predictions loaded: {
  riskItems: 0,
  hasAutoHeal: true,
}
[dashboard/loader] predictions loaded: {
  riskItems: 0,
  hasAutoHeal: true,
}
[dashboard/loader] predictions loaded: {
  riskItems: 0,
  hasAutoHeal: true,
}
[dashboard/loader] predictions loaded: {
  riskItems: 0,
  hasAutoHeal: true,
}
[dashboard/loader] predictions loaded: {
  riskItems: 0,
  hasAutoHeal: true,
}
[dashboard/loader] predictions loaded: {
  riskItems: 0,
  hasAutoHeal: true,
}
[dashboard/loader] predictions loaded: {
  riskItems: 0,
  hasAutoHeal: true,
}
[dashboard/loader] predictions loaded: {
  riskItems: 0,
  hasAutoHeal: true,
}
[dashboard/loader] predictions loaded: {
  riskItems: 0,
  hasAutoHeal: true,
}
[dashboard/loader] predictions loaded: {
  riskItems: 0,
  hasAutoHeal: true,
}
2:16:48 PM [vite] (client) hmr update /src/styles.css?direct, /src/components/AppSidebar.tsx
2:16:48 PM [vite] (ssr) page reload src/components/AppSidebar.tsx
2:16:48 PM [vite] (ssr) program reload
2:16:48 PM [vite] (client) hmr update /src/styles.css?direct, /src/routes/__root.tsx
2:16:48 PM [vite] (ssr) page reload src/routes/__root.tsx
2:16:48 PM [vite] (client) hmr update /src/styles.css?direct, /src/routes/tasks.tsx
2:16:48 PM [vite] (ssr) page reload src/routes/tasks.tsx
[dashboard/loader] predictions loaded: {
  riskItems: 0,
  hasAutoHeal: true,
}
[dashboard/loader] predictions loaded: {
  riskItems: 0,
  hasAutoHeal: true,
}
[dashboard/loader] predictions loaded: {
  riskItems: 0,
  hasAutoHeal: true,
}
[dashboard/loader] predictions loaded: {
  riskItems: 0,
  hasAutoHeal: true,
}
[dashboard/loader] predictions loaded: {
  riskItems: 0,
  hasAutoHeal: true,
}
[dashboard/loader] predictions loaded: {
  riskItems: 0,
  hasAutoHeal: true,
}
2:32:48 PM [vite] (client) ✨ new dependencies optimized: sonner
[tasks loader] Loaded 139 tasks
[api/save-tasks] Merged 139 client + 0 disk-only = 139 total
[dashboard/loader] predictions loaded: {
  riskItems: 0,
  hasAutoHeal: true,
}
[dashboard/loader] predictions loaded: {
  riskItems: 0,
  hasAutoHeal: true,
}
[dashboard/loader] predictions loaded: {
  riskItems: 0,
  hasAutoHeal: true,
}
[dashboard/loader] predictions loaded: {
  riskItems: 0,
  hasAutoHeal: true,
}
[dashboard/loader] predictions loaded: {
  riskItems: 0,
  hasAutoHeal: true,
}
2:37:02 PM [vite] (client) hmr update /src/styles.css?direct, /src/routes/__root.tsx
2:37:02 PM [vite] (ssr) page reload src/lib/build-info.ts
2:37:02 PM [vite] (ssr) program reload
[dashboard/loader] predictions loaded: {
  riskItems: 0,
  hasAutoHeal: true,
}
[dashboard/loader] predictions loaded: {
  riskItems: 0,
  hasAutoHeal: true,
}
[dashboard/loader] predictions loaded: {
  riskItems: 0,
  hasAutoHeal: true,
}
[dashboard/loader] predictions loaded: {
  riskItems: 0,
  hasAutoHeal: true,
}
[dashboard/loader] predictions loaded: {
  riskItems: 0,
  hasAutoHeal: true,
}
[dashboard/loader] predictions loaded: {
  riskItems: 0,
  hasAutoHeal: true,
}
[dashboard/loader] predictions loaded: {
  riskItems: 0,
  hasAutoHeal: true,
}
[dashboard/loader] predictions loaded: {
  riskItems: 0,
  hasAutoHeal: true,
}
[dashboard/loader] predictions loaded: {
  riskItems: 0,
  hasAutoHeal: true,
}

  VITE v8.0.13  ready in 653 ms

  ➜  Local:   http://localhost:3000/
  ➜  Network: http://192.168.68.64:3000/
3:33:38 PM [vite] (ssr) connected.
[dashboard/loader] predictions loaded: {
  riskItems: 0,
  hasAutoHeal: true,
}
[dashboard/loader] predictions loaded: {
  riskItems: 0,
  hasAutoHeal: true,
}
[dashboard/loader] predictions loaded: {
  riskItems: 0,
  hasAutoHeal: true,
}
[dashboard/loader] predictions loaded: {
  riskItems: 0,
  hasAutoHeal: true,
}
[dashboard/loader] predictions loaded: {
  riskItems: 0,
  hasAutoHeal: true,
}
[dashboard/loader] predictions loaded: {
  riskItems: 0,
  hasAutoHeal: true,
}
[tasks loader] Loaded 140 tasks
[dashboard/loader] predictions loaded: {
  riskItems: 0,
  hasAutoHeal: true,
}
[dashboard/loader] predictions loaded: {
  riskItems: 0,
  hasAutoHeal: true,
}
[dashboard/loader] predictions loaded: {
  riskItems: 0,
  hasAutoHeal: true,
}
[tasks loader] Loaded 140 tasks
[tasks loader] Loaded 140 tasks
[dashboard/loader] predictions loaded: {
  riskItems: 0,
  hasAutoHeal: true,
}
[dashboard/loader] predictions loaded: {
  riskItems: 0,
  hasAutoHeal: true,
}
[dashboard/loader] predictions loaded: {
  riskItems: 0,
  hasAutoHeal: true,
}
[dashboard/loader] predictions loaded: {
  riskItems: 0,
  hasAutoHeal: true,
}
[dashboard/loader] predictions loaded: {
  riskItems: 0,
  hasAutoHeal: true,
}
[dashboard/loader] predictions loaded: {
  riskItems: 0,
  hasAutoHeal: true,
}
[dashboard/loader] predictions loaded: {
  riskItems: 0,
  hasAutoHeal: true,
}
[dashboard/loader] predictions loaded: {
  riskItems: 0,
  hasAutoHeal: true,
}
[dashboard/loader] predictions loaded: {
  riskItems: 0,
  hasAutoHeal: true,
}
[dashboard/loader] predictions loaded: {
  riskItems: 0,
  hasAutoHeal: true,
}
[dashboard/loader] predictions loaded: {
  riskItems: 0,
  hasAutoHeal: true,
}
[dashboard/loader] predictions loaded: {
  riskItems: 0,
  hasAutoHeal: true,
}
[dashboard/loader] predictions loaded: {
  riskItems: 0,
  hasAutoHeal: true,
}
[dashboard/loader] predictions loaded: {
  riskItems: 0,
  hasAutoHeal: true,
}
[dashboard/loader] predictions loaded: {
  riskItems: 0,
  hasAutoHeal: true,
}
[dashboard/loader] predictions loaded: {
  riskItems: 0,
  hasAutoHeal: true,
}
[dashboard/loader] predictions loaded: {
  riskItems: 0,
  hasAutoHeal: true,
}
[dashboard/loader] predictions loaded: {
  riskItems: 0,
  hasAutoHeal: true,
}
[dashboard/loader] predictions loaded: {
  riskItems: 0,
  hasAutoHeal: true,
}
[dashboard/loader] predictions loaded: {
  riskItems: 0,
  hasAutoHeal: true,
}
[dashboard/loader] predictions loaded: {
  riskItems: 0,
  hasAutoHeal: true,
}
[dashboard/loader] predictions loaded: {
  riskItems: 0,
  hasAutoHeal: true,
}
[dashboard/loader] predictions loaded: {
  riskItems: 0,
  hasAutoHeal: true,
}
[dashboard/loader] predictions loaded: {
  riskItems: 0,
  hasAutoHeal: true,
}
[dashboard/loader] predictions loaded: {
  riskItems: 0,
  hasAutoHeal: true,
}
[dashboard/loader] predictions loaded: {
  riskItems: 0,
  hasAutoHeal: true,
}
[dashboard/loader] predictions loaded: {
  riskItems: 0,
  hasAutoHeal: true,
}
[dashboard/loader] predictions loaded: {
  riskItems: 0,
  hasAutoHeal: true,
}
[dashboard/loader] predictions loaded: {
  riskItems: 0,
  hasAutoHeal: true,
}
[dashboard/loader] predictions loaded: {
  riskItems: 0,
  hasAutoHeal: true,
}
[dashboard/loader] predictions loaded: {
  riskItems: 0,
  hasAutoHeal: true,
}
[dashboard/loader] predictions loaded: {
  riskItems: 0,
  hasAutoHeal: true,
}
[dashboard/loader] predictions loaded: {
  riskItems: 0,
  hasAutoHeal: true,
}
[dashboard/loader] predictions loaded: {
  riskItems: 0,
  hasAutoHeal: true,
}
[dashboard/loader] predictions loaded: {
  riskItems: 0,
  hasAutoHeal: true,
}
[dashboard/loader] predictions loaded: {
  riskItems: 0,
  hasAutoHeal: true,
}
[dashboard/loader] predictions loaded: {
  riskItems: 0,
  hasAutoHeal: true,
}
[dashboard/loader] predictions loaded: {
  riskItems: 0,
  hasAutoHeal: true,
}
[dashboard/loader] predictions loaded: {
  riskItems: 0,
  hasAutoHeal: true,
}
[dashboard/loader] predictions loaded: {
  riskItems: 0,
  hasAutoHeal: true,
}
[dashboard/loader] predictions loaded: {
  riskItems: 0,
  hasAutoHeal: true,
}
[dashboard/loader] predictions loaded: {
  riskItems: 0,
  hasAutoHeal: true,
}
[dashboard/loader] predictions loaded: {
  riskItems: 0,
  hasAutoHeal: true,
}
[dashboard/loader] predictions loaded: {
  riskItems: 0,
  hasAutoHeal: true,
}
[dashboard/loader] predictions loaded: {
  riskItems: 0,
  hasAutoHeal: true,
}
[dashboard/loader] predictions loaded: {
  riskItems: 0,
  hasAutoHeal: true,
}
[dashboard/loader] predictions loaded: {
  riskItems: 0,
  hasAutoHeal: true,
}
[dashboard/loader] predictions loaded: {
  riskItems: 0,
  hasAutoHeal: true,
}
[dashboard/loader] predictions loaded: {
  riskItems: 0,
  hasAutoHeal: true,
}
1:07:56 AM [vite] (client) Re-optimizing dependencies because vite config has changed

  VITE v8.0.13  ready in 3337 ms

  ➜  Local:   http://localhost:3000/
  ➜  Network: http://192.168.68.64:3000/
1:07:57 AM [vite] (client) [optimizer] bundling dependencies...
1:08:38 AM [vite] (ssr) connected.
[dashboard/loader] predictions loaded: {
  riskItems: 0,
  hasAutoHeal: true,
}
[dashboard/loader] predictions loaded: {
  riskItems: 0,
  hasAutoHeal: true,
}
[dashboard/loader] predictions loaded: {
  riskItems: 0,
  hasAutoHeal: true,
}
[dashboard/loader] predictions loaded: {
  riskItems: 0,
  hasAutoHeal: true,
}
[dashboard/loader] predictions loaded: {
  riskItems: 0,
  hasAutoHeal: true,
}
[dashboard/loader] predictions loaded: {
  riskItems: 0,
  hasAutoHeal: true,
}
[dashboard/loader] predictions loaded: {
  riskItems: 0,
  hasAutoHeal: true,
}
[dashboard/loader] predictions loaded: {
  riskItems: 0,
  hasAutoHeal: true,
}
[dashboard/loader] predictions loaded: {
  riskItems: 0,
  hasAutoHeal: true,
}
[dashboard/loader] predictions loaded: {
  riskItems: 0,
  hasAutoHeal: true,
}
[dashboard/loader] predictions loaded: {
  riskItems: 0,
  hasAutoHeal: true,
}
[dashboard/loader] predictions loaded: {
  riskItems: 0,
  hasAutoHeal: true,
}
[dashboard/loader] predictions loaded: {
  riskItems: 0,
  hasAutoHeal: true,
}
[dashboard/loader] predictions loaded: {
  riskItems: 0,
  hasAutoHeal: true,
}
[dashboard/loader] predictions loaded: {
  riskItems: 0,
  hasAutoHeal: true,
}
[dashboard/loader] predictions loaded: {
  riskItems: 0,
  hasAutoHeal: true,
}
[dashboard/loader] predictions loaded: {
  riskItems: 0,
  hasAutoHeal: true,
}
[dashboard/loader] predictions loaded: {
  riskItems: 0,
  hasAutoHeal: true,
}
[dashboard/loader] predictions loaded: {
  riskItems: 0,
  hasAutoHeal: true,
}
[dashboard/loader] predictions loaded: {
  riskItems: 0,
  hasAutoHeal: true,
}
[dashboard/loader] predictions loaded: {
  riskItems: 0,
  hasAutoHeal: true,
}
[dashboard/loader] predictions loaded: {
  riskItems: 0,
  hasAutoHeal: true,
}
[dashboard/loader] predictions loaded: {
  riskItems: 0,
  hasAutoHeal: true,
}
[dashboard/loader] predictions loaded: {
  riskItems: 0,
  hasAutoHeal: true,
}
[dashboard/loader] predictions loaded: {
  riskItems: 0,
  hasAutoHeal: true,
}
[dashboard/loader] predictions loaded: {
  riskItems: 0,
  hasAutoHeal: true,
}
[dashboard/loader] predictions loaded: {
  riskItems: 0,
  hasAutoHeal: true,
}
[dashboard/loader] predictions loaded: {
  riskItems: 0,
  hasAutoHeal: true,
}
[dashboard/loader] predictions loaded: {
  riskItems: 0,
  hasAutoHeal: true,
}
[dashboard/loader] predictions loaded: {
  riskItems: 0,
  hasAutoHeal: true,
}
[dashboard/loader] predictions loaded: {
  riskItems: 0,
  hasAutoHeal: true,
}
[dashboard/loader] predictions loaded: {
  riskItems: 0,
  hasAutoHeal: true,
}
[dashboard/loader] predictions loaded: {
  riskItems: 0,
  hasAutoHeal: true,
}
[dashboard/loader] predictions loaded: {
  riskItems: 0,
  hasAutoHeal: true,
}
[dashboard/loader] predictions loaded: {
  riskItems: 0,
  hasAutoHeal: true,
}
[dashboard/loader] predictions loaded: {
  riskItems: 0,
  hasAutoHeal: true,
}
[dashboard/loader] predictions loaded: {
  riskItems: 0,
  hasAutoHeal: true,
}
[dashboard/loader] predictions loaded: {
  riskItems: 0,
  hasAutoHeal: true,
}
[dashboard/loader] predictions loaded: {
  riskItems: 0,
  hasAutoHeal: true,
}
[dashboard/loader] predictions loaded: {
  riskItems: 0,
  hasAutoHeal: true,
}
[dashboard/loader] predictions loaded: {
  riskItems: 0,
  hasAutoHeal: true,
}
[dashboard/loader] predictions loaded: {
  riskItems: 0,
  hasAutoHeal: true,
}
[dashboard/loader] predictions loaded: {
  riskItems: 0,
  hasAutoHeal: true,
}
[dashboard/loader] predictions loaded: {
  riskItems: 0,
  hasAutoHeal: true,
}
[dashboard/loader] predictions loaded: {
  riskItems: 0,
  hasAutoHeal: true,
}
[dashboard/loader] predictions loaded: {
  riskItems: 0,
  hasAutoHeal: true,
}
[dashboard/loader] predictions loaded: {
  riskItems: 0,
  hasAutoHeal: true,
}
[dashboard/loader] predictions loaded: {
  riskItems: 0,
  hasAutoHeal: true,
}
[dashboard/loader] predictions loaded: {
  riskItems: 0,
  hasAutoHeal: true,
}
[dashboard/loader] predictions loaded: {
  riskItems: 0,
  hasAutoHeal: true,
}
[dashboard/loader] predictions loaded: {
  riskItems: 0,
  hasAutoHeal: true,
}
[dashboard/loader] predictions loaded: {
  riskItems: 0,
  hasAutoHeal: true,
}
[dashboard/loader] predictions loaded: {
  riskItems: 0,
  hasAutoHeal: true,
}
[dashboard/loader] predictions loaded: {
  riskItems: 0,
  hasAutoHeal: true,
}
[dashboard/loader] predictions loaded: {
  riskItems: 0,
  hasAutoHeal: true,
}
[dashboard/loader] predictions loaded: {
  riskItems: 0,
  hasAutoHeal: true,
}
[dashboard/loader] predictions loaded: {
  riskItems: 0,
  hasAutoHeal: true,
}
[dashboard/loader] predictions loaded: {
  riskItems: 0,
  hasAutoHeal: true,
}
[dashboard/loader] predictions loaded: {
  riskItems: 0,
  hasAutoHeal: true,
}
11:11:32 AM [vite] (client) ✨ new dependencies optimized: @tanstack/router-core, @tanstack/router-core/isServer, @tanstack/router-core/ssr/client, seroval
[dashboard/loader] predictions loaded: {
  riskItems: 0,
  hasAutoHeal: true,
}
[dashboard/loader] predictions loaded: {
  riskItems: 0,
  hasAutoHeal: true,
}
[dashboard/loader] predictions loaded: {
  riskItems: 0,
  hasAutoHeal: true,
}
[dashboard/loader] predictions loaded: {
  riskItems: 0,
  hasAutoHeal: true,
}

  VITE v8.0.13  ready in 750 ms

  ➜  Local:   http://localhost:3000/
  ➜  Network: http://192.168.68.64:3000/

  VITE v8.0.13  ready in 418 ms

  ➜  Local:   http://localhost:3000/
  ➜  Network: http://192.168.68.64:3000/
1:08:22 PM [vite] (ssr) connected.

  VITE v8.0.13  ready in 750 ms

  ➜  Local:   http://localhost:3000/
  ➜  Network: http://192.168.68.64:3000/

  VITE v8.0.13  ready in 649 ms

  ➜  Local:   http://localhost:3000/
  ➜  Network: http://192.168.68.64:3000/
1:38:33 PM [vite] (ssr) connected.

  VITE v8.0.13  ready in 736 ms

  ➜  Local:   http://localhost:3000/
  ➜  Network: http://192.168.68.64:3000/

  VITE v8.0.13  ready in 449 ms

  ➜  Local:   http://localhost:3000/
  ➜  Network: http://192.168.68.64:3000/
2:08:45 PM [vite] (ssr) connected.

  VITE v8.0.13  ready in 38381 ms

  ➜  Local:   http://localhost:3000/
  ➜  Network: http://192.168.68.64:3000/
2:35:27 PM [vite] (ssr) connected.
2:36:30 PM [vite] (client) hmr update /src/styles.css?direct
2:36:30 PM [vite] (ssr) page reload src/server.ts
2:36:30 PM [vite] (ssr) program reload

  VITE v8.0.13  ready in 31180 ms

  ➜  Local:   http://localhost:3000/
  ➜  Network: http://192.168.68.64:3000/
2:42:00 PM [vite] (ssr) connected.
2:44:23 PM [vite] (ssr) page reload src/server.ts
[dashboard/loader] predictions loaded: {
  riskItems: 0,
  hasAutoHeal: true,
}
[dashboard/loader] predictions loaded: {
  riskItems: 0,
  hasAutoHeal: true,
}
[dashboard/loader] predictions loaded: {
  riskItems: 0,
  hasAutoHeal: true,
}
[dashboard/loader] predictions loaded: {
  riskItems: 0,
  hasAutoHeal: true,
}
3:46:26 PM [vite] (client) hmr update /src/styles.css?direct
3:46:27 PM [vite] (ssr) hmr update /src/lib/server-data/agent-status.ts?tss-serverfn-split, /src/lib/server-data/tasks.ts?tss-serverfn-split, /src/lib/server-data/incidents.ts?tss-serverfn-split, /src/lib/server-data/system.ts?tss-serverfn-split, /src/lib/server-data/activity.ts?tss-serverfn-split
3:46:27 PM [vite] (ssr) hot updated: /src/lib/server-data/agent-status.ts?tss-serverfn-split
3:46:27 PM [vite] (ssr) hot updated: /src/lib/server-data/tasks.ts?tss-serverfn-split
3:46:27 PM [vite] (ssr) hot updated: /src/lib/server-data/incidents.ts?tss-serverfn-split
3:46:27 PM [vite] (ssr) hot updated: /src/lib/server-data/system.ts?tss-serverfn-split
3:46:27 PM [vite] (ssr) hot updated: /src/lib/server-data/activity.ts?tss-serverfn-split
3:46:32 PM [vite] (client) hmr update /src/styles.css?direct
3:46:32 PM [vite] (ssr) page reload src/lib/server-data/tasks.ts
3:46:32 PM [vite] (ssr) program reload
3:46:41 PM [vite] (client) hmr update /src/styles.css?direct
3:46:41 PM [vite] (ssr) page reload src/server.ts
3:46:41 PM [vite] (ssr) program reload
3:46:49 PM [vite] (client) hmr update /src/styles.css?direct
3:46:49 PM [vite] (ssr) page reload src/server.ts
3:46:49 PM [vite] (ssr) program reload
3:46:51 PM [vite] (client) hmr update /src/styles.css?direct
3:46:51 PM [vite] (ssr) page reload src/server.ts
3:46:51 PM [vite] (ssr) program reload
3:46:57 PM [vite] (client) hmr update /src/styles.css?direct
3:46:57 PM [vite] (ssr) page reload src/server.ts
3:46:57 PM [vite] (ssr) program reload
3:54:15 PM [vite] (client) hmr update /src/styles.css?direct
3:54:15 PM [vite] (ssr) page reload src/server.ts
3:54:15 PM [vite] (ssr) program reload
3:54:20 PM [vite] (client) hmr update /src/styles.css?direct
3:54:20 PM [vite] (ssr) page reload src/server.ts
3:54:20 PM [vite] (ssr) program reload
3:54:26 PM [vite] (client) hmr update /src/styles.css?direct
3:54:26 PM [vite] (ssr) page reload src/server.ts
3:54:26 PM [vite] (ssr) program reload
3:54:31 PM [vite] (client) hmr update /src/styles.css?direct
3:54:31 PM [vite] (ssr) page reload src/server.ts
3:54:31 PM [vite] (ssr) program reload
3:54:36 PM [vite] (client) hmr update /src/styles.css?direct
3:54:36 PM [vite] (ssr) page reload src/server.ts
3:54:36 PM [vite] (ssr) program reload
3:54:41 PM [vite] (client) hmr update /src/styles.css?direct
3:54:41 PM [vite] (ssr) page reload src/server.ts
3:54:41 PM [vite] (ssr) program reload
3:54:48 PM [vite] (client) hmr update /src/styles.css?direct
3:54:48 PM [vite] (ssr) page reload src/server.ts
3:54:48 PM [vite] (ssr) program reload
3:54:54 PM [vite] (client) hmr update /src/styles.css?direct
3:54:54 PM [vite] (ssr) page reload src/server.ts
3:54:54 PM [vite] (ssr) program reload
3:55:00 PM [vite] (client) hmr update /src/styles.css?direct
3:55:01 PM [vite] (ssr) page reload src/lib/server-data/tasks.ts
3:55:14 PM [vite] (client) hmr update /src/styles.css?direct
3:55:14 PM [vite] (ssr) page reload src/lib/server-data/incidents.ts
3:55:18 PM [vite] (client) hmr update /src/styles.css?direct
3:55:18 PM [vite] (ssr) page reload src/lib/server-data/incidents.ts
4:08:28 PM [vite] (client) hmr update /src/styles.css?direct
4:08:28 PM [vite] (ssr) page reload src/lib/server-data/tasks.ts
4:08:34 PM [vite] (client) hmr update /src/styles.css?direct
4:08:34 PM [vite] (ssr) page reload src/server.ts
4:08:34 PM [vite] (ssr) program reload
4:08:43 PM [vite] (client) hmr update /src/styles.css?direct
4:08:43 PM [vite] (ssr) page reload src/server.ts
4:08:43 PM [vite] (ssr) program reload
4:08:49 PM [vite] (client) hmr update /src/styles.css?direct
4:08:49 PM [vite] (ssr) page reload src/server.ts
4:08:49 PM [vite] (ssr) program reload
4:08:56 PM [vite] (client) hmr update /src/styles.css?direct
4:08:56 PM [vite] (ssr) page reload src/server.ts
4:08:56 PM [vite] (ssr) program reload
4:09:01 PM [vite] (client) hmr update /src/styles.css?direct
4:09:01 PM [vite] (ssr) page reload src/server.ts
4:09:01 PM [vite] (ssr) program reload
4:09:04 PM [vite] (client) hmr update /src/styles.css?direct
4:09:04 PM [vite] (ssr) page reload src/server.ts
4:09:04 PM [vite] (ssr) program reload
4:09:09 PM [vite] (client) hmr update /src/styles.css?direct
4:09:09 PM [vite] (ssr) page reload src/server.ts
4:09:09 PM [vite] (ssr) program reload
4:09:15 PM [vite] (client) hmr update /src/styles.css?direct
4:09:15 PM [vite] (ssr) page reload src/server.ts
4:09:15 PM [vite] (ssr) program reload
4:09:34 PM [vite] (client) hmr update /src/styles.css?direct
4:09:34 PM [vite] (ssr) page reload src/server.ts
4:09:34 PM [vite] (ssr) program reload
4:10:04 PM [vite] (client) Re-optimizing dependencies because lockfile has changed

  VITE v8.0.13  ready in 15216 ms

  ➜  Local:   http://localhost:3000/
  ➜  Network: http://192.168.68.64:3000/
4:10:06 PM [vite] (client) [optimizer] bundling dependencies...
4:39:51 PM [vite] (ssr) connected.

  VITE v8.0.13  ready in 15862 ms

  ➜  Local:   http://localhost:3000/
  ➜  Network: http://192.168.68.64:3000/
4:41:39 PM [vite] (ssr) connected.

  VITE v8.0.13  ready in 29239 ms

  ➜  Local:   http://localhost:3000/
  ➜  Network: http://192.168.68.64:3000/
5:39:59 PM [vite] (ssr) connected.

  VITE v8.0.13  ready in 10312 ms

  ➜  Local:   http://localhost:3000/
  ➜  Network: http://192.168.68.64:3000/
5:45:54 PM [vite] (ssr) connected.

  VITE v8.0.13  ready in 28238 ms

  ➜  Local:   http://localhost:3000/
  ➜  Network: http://192.168.68.64:3000/
6:40:22 PM [vite] (ssr) connected.

  VITE v8.0.13  ready in 18980 ms

  ➜  Local:   http://localhost:3000/
  ➜  Network: http://192.168.68.64:3000/
7:10:29 PM [vite] (ssr) connected.

  VITE v8.0.13  ready in 34539 ms

  ➜  Local:   http://localhost:3000/
  ➜  Network: http://192.168.68.64:3000/
7:12:23 PM [vite] (ssr) connected.

  VITE v8.0.13  ready in 20725 ms

  ➜  Local:   http://localhost:3000/
  ➜  Network: http://192.168.68.64:3000/
8:10:52 PM [vite] (ssr) connected.

  VITE v8.0.13  ready in 16631 ms

  ➜  Local:   http://localhost:3000/
  ➜  Network: http://192.168.68.64:3000/
8:41:01 PM [vite] (ssr) connected.

  VITE v8.0.13  ready in 13111 ms

  ➜  Local:   http://localhost:3000/
  ➜  Network: http://192.168.68.64:3000/
9:11:14 PM [vite] (ssr) connected.

  VITE v8.0.13  ready in 17267 ms

  ➜  Local:   http://localhost:3000/
  ➜  Network: http://192.168.68.64:3000/
9:27:04 PM [vite] (ssr) connected.

  VITE v8.0.13  ready in 21234 ms

  ➜  Local:   http://localhost:3000/
  ➜  Network: http://192.168.68.64:3000/
10:11:31 PM [vite] (ssr) connected.

  VITE v8.0.13  ready in 1587 ms

  ➜  Local:   http://localhost:3000/
  ➜  Network: http://192.168.68.64:3000/
10:20:49 PM [vite] (ssr) connected.

  VITE v8.0.13  ready in 9106 ms

  ➜  Local:   http://localhost:3000/
  ➜  Network: http://192.168.68.64:3000/
11:11:50 PM [vite] (ssr) connected.

  VITE v8.0.13  ready in 17780 ms

  ➜  Local:   http://localhost:3000/
  ➜  Network: http://192.168.68.64:3000/
11:37:06 PM [vite] (ssr) connected.
11:42:27 PM [vite] (client) Re-optimizing dependencies because vite config has changed

  VITE v8.0.13  ready in 19731 ms

  ➜  Local:   http://localhost:3000/
  ➜  Network: http://192.168.68.64:3000/
11:42:29 PM [vite] (client) [optimizer] bundling dependencies...
