$ vite dev --host --port "3000"
The plugin "vite-tsconfig-paths" is detected. Vite now supports tsconfig paths resolution natively via the resolve.tsconfigPaths option. You can remove the plugin and set resolve.tsconfigPaths: true in your Vite config instead.
Warning: Route file "/Users/spacemonkey/.openclaw/workspace/mission-control-dashboard/src/routes/api/incidents-resolve.tsx" does not export a Route. This file will not be included in the route tree.

If this file is not intended to be a route, you can exclude it using one of these options:
  1. Rename the file to "/Users/spacemonkey/.openclaw/workspace/mission-control-dashboard/src/routes/api/-incidents-resolve.tsx" (prefix with "-")
  2. Use 'routeFileIgnorePattern' in your config to match this file

Current configuration:
  routeFileIgnorePrefix: "-"
  routeFileIgnorePattern: undefined
Warning: Route file "/Users/spacemonkey/.openclaw/workspace/mission-control-dashboard/src/routes/api/incidents-status.tsx" does not export a Route. This file will not be included in the route tree.

If this file is not intended to be a route, you can exclude it using one of these options:
  1. Rename the file to "/Users/spacemonkey/.openclaw/workspace/mission-control-dashboard/src/routes/api/-incidents-status.tsx" (prefix with "-")
  2. Use 'routeFileIgnorePattern' in your config to match this file

Current configuration:
  routeFileIgnorePrefix: "-"
  routeFileIgnorePattern: undefined
Warning: Route file "/Users/spacemonkey/.openclaw/workspace/mission-control-dashboard/src/routes/api/dispatch.tsx" does not export a Route. This file will not be included in the route tree.

If this file is not intended to be a route, you can exclude it using one of these options:
  1. Rename the file to "/Users/spacemonkey/.openclaw/workspace/mission-control-dashboard/src/routes/api/-dispatch.tsx" (prefix with "-")
  2. Use 'routeFileIgnorePattern' in your config to match this file

Current configuration:
  routeFileIgnorePrefix: "-"
  routeFileIgnorePattern: undefined
Warning: Route file "/Users/spacemonkey/.openclaw/workspace/mission-control-dashboard/src/routes/api/remediate.tsx" does not export a Route. This file will not be included in the route tree.

If this file is not intended to be a route, you can exclude it using one of these options:
  1. Rename the file to "/Users/spacemonkey/.openclaw/workspace/mission-control-dashboard/src/routes/api/-remediate.tsx" (prefix with "-")
  2. Use 'routeFileIgnorePattern' in your config to match this file

Current configuration:
  routeFileIgnorePrefix: "-"
  routeFileIgnorePattern: undefined
Warning: Route file "/Users/spacemonkey/.openclaw/workspace/mission-control-dashboard/src/routes/api/tasks-add.tsx" does not export a Route. This file will not be included in the route tree.

If this file is not intended to be a route, you can exclude it using one of these options:
  1. Rename the file to "/Users/spacemonkey/.openclaw/workspace/mission-control-dashboard/src/routes/api/-tasks-add.tsx" (prefix with "-")
  2. Use 'routeFileIgnorePattern' in your config to match this file

Current configuration:
  routeFileIgnorePrefix: "-"
  routeFileIgnorePattern: undefined
Warning: Route file "/Users/spacemonkey/.openclaw/workspace/mission-control-dashboard/src/routes/api/cron-toggle.tsx" does not export a Route. This file will not be included in the route tree.

If this file is not intended to be a route, you can exclude it using one of these options:
  1. Rename the file to "/Users/spacemonkey/.openclaw/workspace/mission-control-dashboard/src/routes/api/-cron-toggle.tsx" (prefix with "-")
  2. Use 'routeFileIgnorePattern' in your config to match this file

Current configuration:
  routeFileIgnorePrefix: "-"
  routeFileIgnorePattern: undefined
Warning: Route file "/Users/spacemonkey/.openclaw/workspace/mission-control-dashboard/src/routes/api/cron-errors.tsx" does not export a Route. This file will not be included in the route tree.

If this file is not intended to be a route, you can exclude it using one of these options:
  1. Rename the file to "/Users/spacemonkey/.openclaw/workspace/mission-control-dashboard/src/routes/api/-cron-errors.tsx" (prefix with "-")
  2. Use 'routeFileIgnorePattern' in your config to match this file

Current configuration:
  routeFileIgnorePrefix: "-"
  routeFileIgnorePattern: undefined
Warning: Route file "/Users/spacemonkey/.openclaw/workspace/mission-control-dashboard/src/routes/api/incidents-timeline.tsx" does not export a Route. This file will not be included in the route tree.

If this file is not intended to be a route, you can exclude it using one of these options:
  1. Rename the file to "/Users/spacemonkey/.openclaw/workspace/mission-control-dashboard/src/routes/api/-incidents-timeline.tsx" (prefix with "-")
  2. Use 'routeFileIgnorePattern' in your config to match this file

Current configuration:
  routeFileIgnorePrefix: "-"
  routeFileIgnorePattern: undefined
Warning: Route file "/Users/spacemonkey/.openclaw/workspace/mission-control-dashboard/src/routes/api/retry-policy.tsx" does not export a Route. This file will not be included in the route tree.

If this file is not intended to be a route, you can exclude it using one of these options:
  1. Rename the file to "/Users/spacemonkey/.openclaw/workspace/mission-control-dashboard/src/routes/api/-retry-policy.tsx" (prefix with "-")
  2. Use 'routeFileIgnorePattern' in your config to match this file

Current configuration:
  routeFileIgnorePrefix: "-"
  routeFileIgnorePattern: undefined
Warning: Route file "/Users/spacemonkey/.openclaw/workspace/mission-control-dashboard/src/routes/api/crons.tsx" does not export a Route. This file will not be included in the route tree.

If this file is not intended to be a route, you can exclude it using one of these options:
  1. Rename the file to "/Users/spacemonkey/.openclaw/workspace/mission-control-dashboard/src/routes/api/-crons.tsx" (prefix with "-")
  2. Use 'routeFileIgnorePattern' in your config to match this file

Current configuration:
  routeFileIgnorePrefix: "-"
  routeFileIgnorePattern: undefined
Warning: Route file "/Users/spacemonkey/.openclaw/workspace/mission-control-dashboard/src/routes/api/incidents-auto-resolve.tsx" does not export a Route. This file will not be included in the route tree.

If this file is not intended to be a route, you can exclude it using one of these options:
  1. Rename the file to "/Users/spacemonkey/.openclaw/workspace/mission-control-dashboard/src/routes/api/-incidents-auto-resolve.tsx" (prefix with "-")
  2. Use 'routeFileIgnorePattern' in your config to match this file

Current configuration:
  routeFileIgnorePrefix: "-"
  routeFileIgnorePattern: undefined
Warning: Route file "/Users/spacemonkey/.openclaw/workspace/mission-control-dashboard/src/routes/api/incidents-update.tsx" does not export a Route. This file will not be included in the route tree.

If this file is not intended to be a route, you can exclude it using one of these options:
  1. Rename the file to "/Users/spacemonkey/.openclaw/workspace/mission-control-dashboard/src/routes/api/-incidents-update.tsx" (prefix with "-")
  2. Use 'routeFileIgnorePattern' in your config to match this file

Current configuration:
  routeFileIgnorePrefix: "-"
  routeFileIgnorePattern: undefined
Warning: Route file "/Users/spacemonkey/.openclaw/workspace/mission-control-dashboard/src/routes/api/incidents-create.tsx" does not export a Route. This file will not be included in the route tree.

If this file is not intended to be a route, you can exclude it using one of these options:
  1. Rename the file to "/Users/spacemonkey/.openclaw/workspace/mission-control-dashboard/src/routes/api/-incidents-create.tsx" (prefix with "-")
  2. Use 'routeFileIgnorePattern' in your config to match this file

Current configuration:
  routeFileIgnorePrefix: "-"
  routeFileIgnorePattern: undefined
Warning: Route file "/Users/spacemonkey/.openclaw/workspace/mission-control-dashboard/src/routes/api/save-tasks.tsx" does not export a Route. This file will not be included in the route tree.

If this file is not intended to be a route, you can exclude it using one of these options:
  1. Rename the file to "/Users/spacemonkey/.openclaw/workspace/mission-control-dashboard/src/routes/api/-save-tasks.tsx" (prefix with "-")
  2. Use 'routeFileIgnorePattern' in your config to match this file

Current configuration:
  routeFileIgnorePrefix: "-"
  routeFileIgnorePattern: undefined
/bin/sh: sysctl: command not found
df: getattrlist failed for /Volumes/.timemachine/MyCloud-1E4N74._smb._tcp.local./DF6E9F6A-979E-45DE-9083-A8C1F4E3D4EC/TimeMachineBackup: Permission denied
/bin/sh: sysctl: command not found
/bin/sh: sysctl: command not found
/bin/sh: sysctl: command not found
df: getattrlist failed for /Volumes/.timemachine/MyCloud-1E4N74._smb._tcp.local./DF6E9F6A-979E-45DE-9083-A8C1F4E3D4EC/TimeMachineBackup: Permission denied
/bin/sh: sysctl: command not found
/bin/sh: sysctl: command not found
/bin/sh: sysctl: command not found
df: getattrlist failed for /Volumes/.timemachine/MyCloud-1E4N74._smb._tcp.local./DF6E9F6A-979E-45DE-9083-A8C1F4E3D4EC/TimeMachineBackup: Permission denied
/bin/sh: sysctl: command not found
/bin/sh: sysctl: command not found
/bin/sh: sysctl: command not found
df: getattrlist failed for /Volumes/.timemachine/MyCloud-1E4N74._smb._tcp.local./DF6E9F6A-979E-45DE-9083-A8C1F4E3D4EC/TimeMachineBackup: Permission denied
/bin/sh: sysctl: command not found
/bin/sh: sysctl: command not found
/bin/sh: sysctl: command not found
df: getattrlist failed for /Volumes/.timemachine/MyCloud-1E4N74._smb._tcp.local./DF6E9F6A-979E-45DE-9083-A8C1F4E3D4EC/TimeMachineBackup: Permission denied
/bin/sh: sysctl: command not found
/bin/sh: sysctl: command not found
/bin/sh: sysctl: command not found
df: getattrlist failed for /Volumes/.timemachine/MyCloud-1E4N74._smb._tcp.local./DF6E9F6A-979E-45DE-9083-A8C1F4E3D4EC/TimeMachineBackup: Permission denied
/bin/sh: sysctl: command not found
/bin/sh: sysctl: command not found
/bin/sh: sysctl: command not found
df: getattrlist failed for /Volumes/.timemachine/MyCloud-1E4N74._smb._tcp.local./DF6E9F6A-979E-45DE-9083-A8C1F4E3D4EC/TimeMachineBackup: Permission denied
/bin/sh: sysctl: command not found
/bin/sh: sysctl: command not found
/bin/sh: sysctl: command not found
df: getattrlist failed for /Volumes/.timemachine/MyCloud-1E4N74._smb._tcp.local./DF6E9F6A-979E-45DE-9083-A8C1F4E3D4EC/TimeMachineBackup: Permission denied
/bin/sh: sysctl: command not found
/bin/sh: sysctl: command not found
/bin/sh: sysctl: command not found
df: getattrlist failed for /Volumes/.timemachine/MyCloud-1E4N74._smb._tcp.local./DF6E9F6A-979E-45DE-9083-A8C1F4E3D4EC/TimeMachineBackup: Permission denied
/bin/sh: sysctl: command not found
/bin/sh: sysctl: command not found
/bin/sh: sysctl: command not found
df: getattrlist failed for /Volumes/.timemachine/MyCloud-1E4N74._smb._tcp.local./DF6E9F6A-979E-45DE-9083-A8C1F4E3D4EC/TimeMachineBackup: Permission denied
/bin/sh: sysctl: command not found
/bin/sh: sysctl: command not found
TanStack Start server functions are not protected by the CSRF middleware.

Server functions are same-origin RPC endpoints and should be protected from cross-site requests.

Add the CSRF middleware in src/start.ts:

  const csrfMiddleware = createCsrfMiddleware({
    filter: (ctx) => ctx.handlerType === 'serverFn',
  })

  export const startInstance = createStart(() => ({
    requestMiddleware: [csrfMiddleware],
  }))

If you intentionally handle CSRF another way, disable this warning:

  tanstackStart({
    serverFns: {
      disableCsrfMiddlewareWarning: true,
    },
  })
/bin/sh: sysctl: command not found
df: getattrlist failed for /Volumes/.timemachine/MyCloud-1E4N74._smb._tcp.local./DF6E9F6A-979E-45DE-9083-A8C1F4E3D4EC/TimeMachineBackup: Permission denied
/bin/sh: sysctl: command not found
/bin/sh: sysctl: command not found
/bin/sh: sysctl: command not found
df: getattrlist failed for /Volumes/.timemachine/MyCloud-1E4N74._smb._tcp.local./DF6E9F6A-979E-45DE-9083-A8C1F4E3D4EC/TimeMachineBackup: Permission denied
/bin/sh: sysctl: command not found
/bin/sh: sysctl: command not found
/bin/sh: sysctl: command not found
df: getattrlist failed for /Volumes/.timemachine/MyCloud-1E4N74._smb._tcp.local./DF6E9F6A-979E-45DE-9083-A8C1F4E3D4EC/TimeMachineBackup: Permission denied
/bin/sh: sysctl: command not found
/bin/sh: sysctl: command not found
