[2026-05-14 23:01:44] Starting storage migration...
[2026-05-14 23:01:44] Created symlink: logs/archive -> cloud
[2026-05-14 23:01:44] Created symlink: memory/archive -> cloud
[2026-05-14 23:01:44] Local free space: 35GB
[2026-05-14 23:01:44] Cloud free space: 815GB
[2026-05-14 23:01:44] Migration complete.
[2026-06-01 00:21:43] ERROR: /Volumes/Public not available — aborting migration
[2026-06-01 00:51:50] ERROR: /Volumes/Public not available — aborting migration
[2026-06-01 01:21:58] ERROR: /Volumes/Public not available — aborting migration
[2026-06-01 01:52:05] ERROR: /Volumes/Public not available — aborting migration
[2026-06-01 02:22:12] ERROR: /Volumes/Public not available — aborting migration
[2026-06-01 02:52:20] ERROR: /Volumes/Public not available — aborting migration
[2026-06-01 03:22:24] ERROR: /Volumes/Public not available — aborting migration
[2026-06-01 03:52:29] ERROR: /Volumes/Public not available — aborting migration
[2026-06-01 04:22:35] ERROR: /Volumes/Public not available — aborting migration
[2026-06-01 04:52:40] ERROR: /Volumes/Public not available — aborting migration
[2026-06-01 05:22:45] ERROR: /Volumes/Public not available — aborting migration
[2026-06-01 05:52:49] ERROR: /Volumes/Public not available — aborting migration
[2026-06-01 06:22:55] ERROR: /Volumes/Public not available — aborting migration
[2026-06-01 06:53:00] ERROR: /Volumes/Public not available — aborting migration
[2026-06-01 07:23:06] ERROR: /Volumes/Public not available — aborting migration
[2026-06-01 07:53:11] ERROR: /Volumes/Public not available — aborting migration
[2026-06-01 08:23:17] ERROR: /Volumes/Public not available — aborting migration
[2026-06-01 08:53:22] ERROR: /Volumes/Public not available — aborting migration
[2026-06-01 09:23:27] ERROR: /Volumes/Public not available — aborting migration
[2026-06-01 09:53:35] ERROR: /Volumes/Public not available — aborting migration
[2026-06-01 10:23:40] ERROR: /Volumes/Public not available — aborting migration
[2026-06-01 10:53:45] ERROR: /Volumes/Public not available — aborting migration
[2026-06-01 11:23:51] ERROR: /Volumes/Public not available — aborting migration
[2026-06-01 11:53:58] ERROR: /Volumes/Public not available — aborting migration
[2026-06-01 12:24:03] ERROR: /Volumes/Public not available — aborting migration
[2026-06-01 12:54:09] ERROR: /Volumes/Public not available — aborting migration
[2026-06-01 13:24:14] ERROR: /Volumes/Public not available — aborting migration
[2026-06-01 13:54:20] ERROR: /Volumes/Public not available — aborting migration
[2026-06-01 14:24:25] ERROR: /Volumes/Public not available — aborting migration
[2026-06-01 14:54:31] ERROR: /Volumes/Public not available — aborting migration
[2026-06-01 15:24:36] ERROR: /Volumes/Public not available — aborting migration
[2026-06-01 15:54:45] ERROR: /Volumes/Public not available — aborting migration
[2026-06-01 16:24:55] ERROR: /Volumes/Public not available — aborting migration
[2026-06-01 16:55:03] ERROR: /Volumes/Public not available — aborting migration
[2026-06-01 17:25:11] ERROR: /Volumes/Public not available — aborting migration
[2026-06-01 17:55:18] ERROR: /Volumes/Public not available — aborting migration
[2026-06-01 18:25:26] ERROR: /Volumes/Public not available — aborting migration
[2026-06-01 18:55:34] ERROR: /Volumes/Public not available — aborting migration
[2026-06-01 19:25:41] ERROR: /Volumes/Public not available — aborting migration
[2026-06-01 19:55:49] ERROR: /Volumes/Public not available — aborting migration
[2026-06-01 20:25:57] ERROR: /Volumes/Public not available — aborting migration
[2026-06-01 20:56:04] ERROR: /Volumes/Public not available — aborting migration
[2026-06-01 21:26:12] ERROR: /Volumes/Public not available — aborting migration
[2026-06-01 21:56:19] ERROR: /Volumes/Public not available — aborting migration
[2026-06-01 22:26:27] ERROR: /Volumes/Public not available — aborting migration
[2026-06-01 22:56:34] ERROR: /Volumes/Public not available — aborting migration
[2026-06-01 23:26:42] ERROR: /Volumes/Public not available — aborting migration
[2026-06-01 23:56:50] ERROR: /Volumes/Public not available — aborting migration
