[2026-06-07 12:08:02 UTC]   ANOMALY [smb_retries]: 22 SMB/mount errors in recent logs (confidence: 70%)
[2026-06-07 12:08:02 UTC]   CREATED: task-prevent-smb_retries-ef0f — Prevent: 22 SMB/mount errors in recent logs
[2026-06-07 12:08:02 UTC] Done: 1 anomaly(s), 1 task(s) created
[2026-06-07 13:20:44 UTC]   ANOMALY [mount]: WD MyCloud mount missing for 2 consecutive checks (last: 2026-06-07T13:20:44) (confidence: 75%)
[2026-06-07 13:20:45 UTC]   ANOMALY [smb_retries]: 26 SMB/mount errors in recent logs (confidence: 70%)
[2026-06-07 13:20:45 UTC]   CREATED: task-prevent-mount-3f13 — Prevent: WD MyCloud mount missing for 2 consecutive checks (
[2026-06-07 13:20:45 UTC]   CREATED: task-prevent-smb_retries-53e5 — Prevent: 26 SMB/mount errors in recent logs
[2026-06-07 13:20:45 UTC] Done: 2 anomaly(s), 2 task(s) created
[2026-06-12 21:46:05 UTC]   ANOMALY [mount]: WD MyCloud mount missing for 2 consecutive checks (last: 2026-06-12T21:46:05) (confidence: 75%)
[2026-06-12 21:46:06 UTC]   CREATED: task-prevent-mount-9c28 — Prevent: WD MyCloud mount missing for 2 consecutive checks (
[2026-06-12 21:46:06 UTC] Done: 1 anomaly(s), 1 task(s) created
[2026-06-12 21:49:14 UTC]   ANOMALY [mount]: WD MyCloud mount missing for 2 consecutive checks (last: 2026-06-12T21:49:14) (confidence: 75%)
[2026-06-12 21:49:14 UTC] Done: 1 anomaly(s), 0 task(s) created
[2026-06-12 22:19:20 UTC]   ANOMALY [mount]: WD MyCloud mount missing for 2 consecutive checks (last: 2026-06-12T22:19:20) (confidence: 75%)
[2026-06-12 22:19:20 UTC] Done: 1 anomaly(s), 0 task(s) created
[2026-06-12 22:49:26 UTC]   ANOMALY [mount]: WD MyCloud mount missing for 2 consecutive checks (last: 2026-06-12T22:49:26) (confidence: 75%)
[2026-06-12 22:49:26 UTC] Done: 1 anomaly(s), 0 task(s) created
[2026-06-12 23:00:08 UTC]   ANOMALY [mount]: WD MyCloud mount missing for 2 consecutive checks (last: 2026-06-12T23:00:08) (confidence: 75%)
[2026-06-12 23:00:08 UTC] Done: 1 anomaly(s), 0 task(s) created
[2026-06-12 23:19:31 UTC]   ANOMALY [mount]: WD MyCloud mount missing for 2 consecutive checks (last: 2026-06-12T23:19:31) (confidence: 75%)
[2026-06-12 23:19:31 UTC] Done: 1 anomaly(s), 0 task(s) created
[2026-06-12 23:49:37 UTC]   ANOMALY [mount]: WD MyCloud mount missing for 2 consecutive checks (last: 2026-06-12T23:49:37) (confidence: 75%)
[2026-06-12 23:49:37 UTC] Done: 1 anomaly(s), 0 task(s) created
[2026-06-13 00:19:44 UTC]   ANOMALY [mount]: WD MyCloud mount missing for 2 consecutive checks (last: 2026-06-13T00:19:44) (confidence: 75%)
[2026-06-13 00:19:44 UTC] Done: 1 anomaly(s), 0 task(s) created
[2026-06-13 00:34:16 UTC]   ANOMALY [mount]: WD MyCloud mount missing for 2 consecutive checks (last: 2026-06-13T00:34:16) (confidence: 75%)
[2026-06-13 00:34:17 UTC] Done: 1 anomaly(s), 0 task(s) created
[2026-06-13 00:49:50 UTC]   ANOMALY [mount]: WD MyCloud mount missing for 2 consecutive checks (last: 2026-06-13T00:49:50) (confidence: 75%)
[2026-06-13 00:49:50 UTC]   ANOMALY [memory_trend]: Memory growing >5%/check for 3 consecutive checks (12.2%, 15.4%) (confidence: 65%)
[2026-06-13 00:49:50 UTC]   CREATED: task-prevent-memory_trend-d654 — Prevent: Memory growing >5%/check for 3 consecutive checks (
[2026-06-13 00:49:50 UTC] Done: 2 anomaly(s), 1 task(s) created
[2026-06-13 01:19:57 UTC]   ANOMALY [mount]: WD MyCloud mount missing for 2 consecutive checks (last: 2026-06-13T01:19:57) (confidence: 75%)
[2026-06-13 01:19:57 UTC] Done: 1 anomaly(s), 0 task(s) created
[2026-06-13 01:50:03 UTC]   ANOMALY [mount]: WD MyCloud mount missing for 2 consecutive checks (last: 2026-06-13T01:50:03) (confidence: 75%)
[2026-06-13 01:50:03 UTC] Done: 1 anomaly(s), 0 task(s) created
[2026-06-13 02:20:08 UTC]   ANOMALY [mount]: WD MyCloud mount missing for 2 consecutive checks (last: 2026-06-13T02:20:08) (confidence: 75%)
[2026-06-13 02:20:08 UTC]   ANOMALY [memory_trend]: Memory growing >5%/check for 3 consecutive checks (44.3%, 10.7%) (confidence: 65%)
[2026-06-13 02:20:08 UTC]   CREATED: task-prevent-memory_trend-da23 — Prevent: Memory growing >5%/check for 3 consecutive checks (
[2026-06-13 02:20:08 UTC] Done: 2 anomaly(s), 1 task(s) created
[2026-06-13 02:50:13 UTC]   ANOMALY [mount]: WD MyCloud mount missing for 2 consecutive checks (last: 2026-06-13T02:50:13) (confidence: 75%)
[2026-06-13 02:50:13 UTC] Done: 1 anomaly(s), 0 task(s) created
[2026-06-13 03:20:17 UTC]   ANOMALY [mount]: WD MyCloud mount missing for 2 consecutive checks (last: 2026-06-13T03:20:17) (confidence: 75%)
[2026-06-13 03:20:17 UTC] Done: 1 anomaly(s), 0 task(s) created
[2026-06-13 03:50:21 UTC]   ANOMALY [mount]: WD MyCloud mount missing for 2 consecutive checks (last: 2026-06-13T03:50:21) (confidence: 75%)
[2026-06-13 03:50:21 UTC] Done: 1 anomaly(s), 0 task(s) created
[2026-06-13 04:20:25 UTC]   ANOMALY [mount]: WD MyCloud mount missing for 2 consecutive checks (last: 2026-06-13T04:20:25) (confidence: 75%)
[2026-06-13 04:20:25 UTC] Done: 1 anomaly(s), 0 task(s) created
[2026-06-13 04:50:29 UTC]   ANOMALY [mount]: WD MyCloud mount missing for 2 consecutive checks (last: 2026-06-13T04:50:29) (confidence: 75%)
[2026-06-13 04:50:29 UTC] Done: 1 anomaly(s), 0 task(s) created
[2026-06-13 05:20:33 UTC]   ANOMALY [mount]: WD MyCloud mount missing for 2 consecutive checks (last: 2026-06-13T05:20:33) (confidence: 75%)
[2026-06-13 05:20:33 UTC] Done: 1 anomaly(s), 0 task(s) created
[2026-06-13 05:50:38 UTC]   ANOMALY [mount]: WD MyCloud mount missing for 2 consecutive checks (last: 2026-06-13T05:50:38) (confidence: 75%)
[2026-06-13 05:50:38 UTC] Done: 1 anomaly(s), 0 task(s) created
[2026-06-13 06:20:42 UTC]   ANOMALY [mount]: WD MyCloud mount missing for 2 consecutive checks (last: 2026-06-13T06:20:42) (confidence: 75%)
[2026-06-13 06:20:42 UTC] Done: 1 anomaly(s), 0 task(s) created
[2026-06-13 06:50:47 UTC]   ANOMALY [mount]: WD MyCloud mount missing for 2 consecutive checks (last: 2026-06-13T06:50:47) (confidence: 75%)
[2026-06-13 06:50:47 UTC] Done: 1 anomaly(s), 0 task(s) created
[2026-06-13 07:20:51 UTC]   ANOMALY [mount]: WD MyCloud mount missing for 2 consecutive checks (last: 2026-06-13T07:20:51) (confidence: 75%)
[2026-06-13 07:20:51 UTC] Done: 1 anomaly(s), 0 task(s) created
[2026-06-13 07:50:55 UTC]   ANOMALY [mount]: WD MyCloud mount missing for 2 consecutive checks (last: 2026-06-13T07:50:55) (confidence: 75%)
[2026-06-13 07:50:55 UTC] Done: 1 anomaly(s), 0 task(s) created
[2026-06-13 08:20:59 UTC]   ANOMALY [mount]: WD MyCloud mount missing for 2 consecutive checks (last: 2026-06-13T08:20:59) (confidence: 75%)
[2026-06-13 08:20:59 UTC] Done: 1 anomaly(s), 0 task(s) created
[2026-06-13 08:51:04 UTC]   ANOMALY [mount]: WD MyCloud mount missing for 2 consecutive checks (last: 2026-06-13T08:51:04) (confidence: 75%)
[2026-06-13 08:51:04 UTC] Done: 1 anomaly(s), 0 task(s) created
[2026-06-13 09:21:08 UTC]   ANOMALY [mount]: WD MyCloud mount missing for 2 consecutive checks (last: 2026-06-13T09:21:08) (confidence: 75%)
[2026-06-13 09:21:08 UTC] Done: 1 anomaly(s), 0 task(s) created
[2026-06-13 09:51:13 UTC]   ANOMALY [mount]: WD MyCloud mount missing for 2 consecutive checks (last: 2026-06-13T09:51:13) (confidence: 75%)
[2026-06-13 09:51:13 UTC] Done: 1 anomaly(s), 0 task(s) created
[2026-06-13 10:21:17 UTC]   ANOMALY [mount]: WD MyCloud mount missing for 2 consecutive checks (last: 2026-06-13T10:21:17) (confidence: 75%)
[2026-06-13 10:21:17 UTC] Done: 1 anomaly(s), 0 task(s) created
[2026-06-13 10:51:23 UTC]   ANOMALY [mount]: WD MyCloud mount missing for 2 consecutive checks (last: 2026-06-13T10:51:23) (confidence: 75%)
[2026-06-13 10:51:23 UTC] Done: 1 anomaly(s), 0 task(s) created
[2026-06-13 11:21:28 UTC]   ANOMALY [mount]: WD MyCloud mount missing for 2 consecutive checks (last: 2026-06-13T11:21:28) (confidence: 75%)
[2026-06-13 11:21:28 UTC] Done: 1 anomaly(s), 0 task(s) created
[2026-06-13 11:51:33 UTC]   ANOMALY [mount]: WD MyCloud mount missing for 2 consecutive checks (last: 2026-06-13T11:51:33) (confidence: 75%)
[2026-06-13 11:51:33 UTC] Done: 1 anomaly(s), 0 task(s) created
[2026-06-13 12:21:38 UTC]   ANOMALY [mount]: WD MyCloud mount missing for 2 consecutive checks (last: 2026-06-13T12:21:38) (confidence: 75%)
[2026-06-13 12:21:38 UTC] Done: 1 anomaly(s), 0 task(s) created
[2026-06-13 12:51:44 UTC]   ANOMALY [mount]: WD MyCloud mount missing for 2 consecutive checks (last: 2026-06-13T12:51:44) (confidence: 75%)
[2026-06-13 12:51:44 UTC] Done: 1 anomaly(s), 0 task(s) created
[2026-06-13 13:21:49 UTC]   ANOMALY [mount]: WD MyCloud mount missing for 2 consecutive checks (last: 2026-06-13T13:21:49) (confidence: 75%)
[2026-06-13 13:21:49 UTC] Done: 1 anomaly(s), 0 task(s) created
[2026-06-13 13:51:55 UTC]   ANOMALY [mount]: WD MyCloud mount missing for 2 consecutive checks (last: 2026-06-13T13:51:55) (confidence: 75%)
[2026-06-13 13:51:55 UTC] Done: 1 anomaly(s), 0 task(s) created
[2026-06-13 14:21:59 UTC]   ANOMALY [mount]: WD MyCloud mount missing for 2 consecutive checks (last: 2026-06-13T14:21:59) (confidence: 75%)
[2026-06-13 14:21:59 UTC] Done: 1 anomaly(s), 0 task(s) created
[2026-06-13 14:52:03 UTC]   ANOMALY [mount]: WD MyCloud mount missing for 2 consecutive checks (last: 2026-06-13T14:52:03) (confidence: 75%)
[2026-06-13 14:52:03 UTC] Done: 1 anomaly(s), 0 task(s) created
[2026-06-13 15:22:08 UTC]   ANOMALY [mount]: WD MyCloud mount missing for 2 consecutive checks (last: 2026-06-13T15:22:08) (confidence: 75%)
[2026-06-13 15:22:08 UTC] Done: 1 anomaly(s), 0 task(s) created
[2026-06-13 15:52:12 UTC]   ANOMALY [mount]: WD MyCloud mount missing for 2 consecutive checks (last: 2026-06-13T15:52:12) (confidence: 75%)
[2026-06-13 15:52:12 UTC] Done: 1 anomaly(s), 0 task(s) created
[2026-06-13 16:22:16 UTC]   ANOMALY [mount]: WD MyCloud mount missing for 2 consecutive checks (last: 2026-06-13T16:22:16) (confidence: 75%)
[2026-06-13 16:22:16 UTC] Done: 1 anomaly(s), 0 task(s) created
[2026-06-13 16:52:21 UTC]   ANOMALY [mount]: WD MyCloud mount missing for 2 consecutive checks (last: 2026-06-13T16:52:21) (confidence: 75%)
[2026-06-13 16:52:21 UTC] Done: 1 anomaly(s), 0 task(s) created
[2026-06-13 17:22:27 UTC]   ANOMALY [mount]: WD MyCloud mount missing for 2 consecutive checks (last: 2026-06-13T17:22:27) (confidence: 75%)
[2026-06-13 17:22:27 UTC] Done: 1 anomaly(s), 0 task(s) created
[2026-06-13 17:52:33 UTC]   ANOMALY [mount]: WD MyCloud mount missing for 2 consecutive checks (last: 2026-06-13T17:52:33) (confidence: 75%)
[2026-06-13 17:52:33 UTC] Done: 1 anomaly(s), 0 task(s) created
[2026-06-13 18:22:38 UTC]   ANOMALY [mount]: WD MyCloud mount missing for 2 consecutive checks (last: 2026-06-13T18:22:38) (confidence: 75%)
[2026-06-13 18:22:38 UTC] Done: 1 anomaly(s), 0 task(s) created
[2026-06-13 18:52:43 UTC]   ANOMALY [mount]: WD MyCloud mount missing for 2 consecutive checks (last: 2026-06-13T18:52:43) (confidence: 75%)
[2026-06-13 18:52:43 UTC] Done: 1 anomaly(s), 0 task(s) created
[2026-06-13 19:22:49 UTC]   ANOMALY [mount]: WD MyCloud mount missing for 2 consecutive checks (last: 2026-06-13T19:22:49) (confidence: 75%)
[2026-06-13 19:22:49 UTC] Done: 1 anomaly(s), 0 task(s) created
[2026-06-13 19:52:55 UTC]   ANOMALY [mount]: WD MyCloud mount missing for 2 consecutive checks (last: 2026-06-13T19:52:55) (confidence: 75%)
[2026-06-13 20:23:01 UTC]   ANOMALY [mount]: WD MyCloud mount missing for 2 consecutive checks (last: 2026-06-13T20:23:01) (confidence: 75%)
[2026-06-13 20:53:07 UTC]   ANOMALY [mount]: WD MyCloud mount missing for 2 consecutive checks (last: 2026-06-13T20:53:07) (confidence: 75%)
[2026-06-13 21:23:12 UTC]   ANOMALY [mount]: WD MyCloud mount missing for 2 consecutive checks (last: 2026-06-13T21:23:12) (confidence: 75%)
[2026-06-13 21:23:12 UTC] Done: 1 anomaly(s), 0 task(s) created
[2026-06-13 21:53:18 UTC]   ANOMALY [mount]: WD MyCloud mount missing for 2 consecutive checks (last: 2026-06-13T21:53:18) (confidence: 75%)
[2026-06-13 21:53:18 UTC]   ANOMALY [memory_trend]: Memory growing >5%/check for 3 consecutive checks (6.2%, 7.8%) (confidence: 65%)
[2026-06-13 21:53:18 UTC]   CREATED: task-prevent-memory_trend-7f1b — Prevent: Memory growing >5%/check for 3 consecutive checks (
[2026-06-13 21:53:18 UTC] Done: 2 anomaly(s), 1 task(s) created
[2026-06-13 22:23:23 UTC]   ANOMALY [mount]: WD MyCloud mount missing for 2 consecutive checks (last: 2026-06-13T22:23:23) (confidence: 75%)
[2026-06-13 22:23:23 UTC] Done: 1 anomaly(s), 0 task(s) created
[2026-06-13 22:53:28 UTC]   ANOMALY [mount]: WD MyCloud mount missing for 2 consecutive checks (last: 2026-06-13T22:53:28) (confidence: 75%)
[2026-06-13 22:53:28 UTC] Done: 1 anomaly(s), 0 task(s) created
[2026-06-13 23:23:33 UTC]   ANOMALY [mount]: WD MyCloud mount missing for 2 consecutive checks (last: 2026-06-13T23:23:33) (confidence: 75%)
[2026-06-13 23:23:33 UTC] Done: 1 anomaly(s), 0 task(s) created
[2026-06-13 23:53:38 UTC]   ANOMALY [mount]: WD MyCloud mount missing for 2 consecutive checks (last: 2026-06-13T23:53:38) (confidence: 75%)
[2026-06-13 23:53:38 UTC] Done: 1 anomaly(s), 0 task(s) created
[2026-06-14 00:23:44 UTC]   ANOMALY [mount]: WD MyCloud mount missing for 2 consecutive checks (last: 2026-06-14T00:23:44) (confidence: 75%)
[2026-06-14 00:23:44 UTC] Done: 1 anomaly(s), 0 task(s) created
[2026-06-14 07:27:12 UTC]   ANOMALY [mount]: WD MyCloud mount missing for 2 consecutive checks (last: 2026-06-14T07:27:12) (confidence: 75%)
[2026-06-14 07:27:12 UTC]   ANOMALY [memory_trend]: Memory growing >5%/check for 3 consecutive checks (15.9%, 110.0%) (confidence: 65%)
[2026-06-14 07:27:12 UTC]   CREATED: task-prevent-memory_trend-5329 — Prevent: Memory growing >5%/check for 3 consecutive checks (
[2026-06-14 07:27:12 UTC] Done: 2 anomaly(s), 1 task(s) created
[2026-06-14 07:57:17 UTC]   ANOMALY [mount]: WD MyCloud mount missing for 2 consecutive checks (last: 2026-06-14T07:57:17) (confidence: 75%)
[2026-06-14 07:57:17 UTC] Done: 1 anomaly(s), 0 task(s) created
[2026-06-14 08:27:22 UTC]   ANOMALY [mount]: WD MyCloud mount missing for 2 consecutive checks (last: 2026-06-14T08:27:22) (confidence: 75%)
[2026-06-14 08:27:22 UTC] Done: 1 anomaly(s), 0 task(s) created
[2026-06-14 08:57:27 UTC]   ANOMALY [mount]: WD MyCloud mount missing for 2 consecutive checks (last: 2026-06-14T08:57:27) (confidence: 75%)
[2026-06-14 08:57:27 UTC] Done: 1 anomaly(s), 0 task(s) created
[2026-06-14 09:27:32 UTC]   ANOMALY [mount]: WD MyCloud mount missing for 2 consecutive checks (last: 2026-06-14T09:27:32) (confidence: 75%)
[2026-06-14 09:27:32 UTC] Done: 1 anomaly(s), 0 task(s) created
[2026-06-14 09:57:37 UTC]   ANOMALY [mount]: WD MyCloud mount missing for 2 consecutive checks (last: 2026-06-14T09:57:37) (confidence: 75%)
[2026-06-14 09:57:37 UTC] Done: 1 anomaly(s), 0 task(s) created
[2026-06-14 10:27:41 UTC]   ANOMALY [mount]: WD MyCloud mount missing for 2 consecutive checks (last: 2026-06-14T10:27:41) (confidence: 75%)
[2026-06-14 10:27:41 UTC] Done: 1 anomaly(s), 0 task(s) created
[2026-06-14 10:57:46 UTC]   ANOMALY [mount]: WD MyCloud mount missing for 2 consecutive checks (last: 2026-06-14T10:57:46) (confidence: 75%)
[2026-06-14 10:57:46 UTC] Done: 1 anomaly(s), 0 task(s) created
[2026-06-14 11:27:51 UTC]   ANOMALY [mount]: WD MyCloud mount missing for 2 consecutive checks (last: 2026-06-14T11:27:51) (confidence: 75%)
[2026-06-14 11:27:51 UTC] Done: 1 anomaly(s), 0 task(s) created
[2026-06-14 11:57:55 UTC]   ANOMALY [mount]: WD MyCloud mount missing for 2 consecutive checks (last: 2026-06-14T11:57:55) (confidence: 75%)
[2026-06-14 11:57:55 UTC] Done: 1 anomaly(s), 0 task(s) created
[2026-06-14 12:28:00 UTC]   ANOMALY [mount]: WD MyCloud mount missing for 2 consecutive checks (last: 2026-06-14T12:28:00) (confidence: 75%)
[2026-06-14 12:28:00 UTC] Done: 1 anomaly(s), 0 task(s) created
[2026-06-14 12:58:04 UTC]   ANOMALY [mount]: WD MyCloud mount missing for 2 consecutive checks (last: 2026-06-14T12:58:04) (confidence: 75%)
[2026-06-14 12:58:04 UTC] Done: 1 anomaly(s), 0 task(s) created
[2026-06-14 13:28:09 UTC]   ANOMALY [mount]: WD MyCloud mount missing for 2 consecutive checks (last: 2026-06-14T13:28:09) (confidence: 75%)
[2026-06-14 13:28:09 UTC] Done: 1 anomaly(s), 0 task(s) created
