[2026-05-22 14:34:39] [QUOTA] Total: 0
0/100, Auto: 0/30
[2026-05-22 15:04:42] [QUOTA] Total: 0
0/100, Auto: 0/30
[2026-05-22 15:34:44] [QUOTA] Total: 0
0/100, Auto: 0/30
[2026-05-22 16:04:46] [QUOTA] Total: 0
0/100, Auto: 0/30
[2026-05-22 16:34:48] [QUOTA] Total: 0
0/100, Auto: 0/30
[2026-05-22 17:04:51] [QUOTA] Total: 0
0/100, Auto: 0/30
[2026-05-22 17:34:53] [QUOTA] Total: 0
0/100, Auto: 0/30
[2026-05-22 18:04:55] [QUOTA] Total: 0
0/100, Auto: 0/30
[2026-05-22 18:34:57] [QUOTA] Total: 0
0/100, Auto: 0/30
[2026-05-22 19:04:59] [QUOTA] Total: 0
0/100, Auto: 0/30
[2026-05-22 19:35:01] [QUOTA] Total: 0
0/100, Auto: 0/30
[2026-05-22 20:05:03] [QUOTA] Total: 0
0/100, Auto: 0/30
[2026-05-22 20:35:05] [QUOTA] Total: 0
0/100, Auto: 0/30
[2026-05-22 21:05:07] [QUOTA] Total: 0
0/100, Auto: 0/30
[2026-05-22 21:35:09] [QUOTA] Total: 0
0/100, Auto: 0/30
[2026-05-22 22:05:11] [QUOTA] Total: 0
0/100, Auto: 0/30
[2026-05-22 22:35:13] [QUOTA] Total: 0
0/100, Auto: 0/30
[2026-05-22 23:05:16] [QUOTA] Total: 0
0/100, Auto: 0/30
[2026-05-22 23:35:18] [QUOTA] Total: 0
0/100, Auto: 0/30
[2026-05-23 00:05:20] [QUOTA] New day — counters reset. Total: 0
0, Auto: 0
[2026-05-23 00:35:23] [QUOTA] New day — counters reset. Total: 0
0, Auto: 0
[2026-05-23 01:05:24] [QUOTA] New day — counters reset. Total: 0
0, Auto: 0
[2026-05-23 01:35:26] [QUOTA] New day — counters reset. Total: 0
0, Auto: 0
[2026-05-23 02:05:28] [QUOTA] New day — counters reset. Total: 0
0, Auto: 0
[2026-05-23 02:35:30] [QUOTA] New day — counters reset. Total: 0
0, Auto: 0
[2026-05-23 03:05:32] [QUOTA] New day — counters reset. Total: 0
0, Auto: 0
[2026-05-23 03:35:35] [QUOTA] New day — counters reset. Total: 0
0, Auto: 0
[2026-05-23 04:05:37] [QUOTA] New day — counters reset. Total: 0
0, Auto: 0
[2026-05-23 04:35:39] [QUOTA] New day — counters reset. Total: 0
0, Auto: 0
[2026-05-23 05:05:41] [QUOTA] New day — counters reset. Total: 0
0, Auto: 0
[2026-05-23 05:35:43] [QUOTA] New day — counters reset. Total: 0
0, Auto: 0
[2026-05-23 06:05:44] [QUOTA] New day — counters reset. Total: 0
0, Auto: 0
[2026-05-23 06:35:47] [QUOTA] New day — counters reset. Total: 0
0, Auto: 0
[2026-05-23 07:05:48] [QUOTA] New day — counters reset. Total: 0
0, Auto: 0
[2026-05-23 07:35:50] [QUOTA] New day — counters reset. Total: 0
0, Auto: 0
[2026-05-23 08:05:52] [QUOTA] New day — counters reset. Total: 0
0, Auto: 0
[2026-05-23 08:35:54] [QUOTA] New day — counters reset. Total: 0
0, Auto: 0
[2026-05-23 09:05:56] [QUOTA] New day — counters reset. Total: 0
0, Auto: 0
[2026-05-23 09:35:59] [QUOTA] New day — counters reset. Total: 0
0, Auto: 0
[2026-05-23 10:06:01] [QUOTA] New day — counters reset. Total: 0
0, Auto: 0
[2026-05-23 10:36:03] [QUOTA] New day — counters reset. Total: 0
0, Auto: 0
[2026-05-23 11:06:04] [QUOTA] New day — counters reset. Total: 0
0, Auto: 0
[2026-05-23 11:36:06] [QUOTA] New day — counters reset. Total: 0
0, Auto: 0
[2026-05-23 12:06:08] [QUOTA] New day — counters reset. Total: 0
0, Auto: 0
[2026-05-23 12:36:10] [QUOTA] New day — counters reset. Total: 0
0, Auto: 0
[2026-05-23 13:06:12] [QUOTA] New day — counters reset. Total: 0
0, Auto: 0
[2026-05-23 13:36:14] [QUOTA] New day — counters reset. Total: 0
0, Auto: 0
[2026-05-23 14:06:16] [QUOTA] New day — counters reset. Total: 0
0, Auto: 0
[2026-05-23 14:36:18] [QUOTA] New day — counters reset. Total: 0
0, Auto: 0
[2026-05-23 15:06:20] [QUOTA] New day — counters reset. Total: 0
0, Auto: 0
[2026-05-23 15:36:22] [QUOTA] New day — counters reset. Total: 0
0, Auto: 0
[2026-05-23 16:06:24] [QUOTA] New day — counters reset. Total: 0
0, Auto: 0
[2026-05-23 16:36:26] [QUOTA] New day — counters reset. Total: 0
0, Auto: 0
[2026-05-23 17:06:28] [QUOTA] New day — counters reset. Total: 0
0, Auto: 0
[2026-05-23 17:36:30] [QUOTA] New day — counters reset. Total: 0
0, Auto: 0
[2026-05-23 18:06:32] [QUOTA] New day — counters reset. Total: 0
0, Auto: 0
[2026-05-23 18:36:34] [QUOTA] New day — counters reset. Total: 0
0, Auto: 0
[2026-05-23 19:06:36] [QUOTA] New day — counters reset. Total: 0
0, Auto: 0
[2026-05-23 19:36:38] [QUOTA] New day — counters reset. Total: 0
0, Auto: 0
[2026-05-23 20:06:40] [QUOTA] New day — counters reset. Total: 0
0, Auto: 0
[2026-05-23 20:36:42] [QUOTA] New day — counters reset. Total: 0
0, Auto: 0
[2026-05-23 21:06:43] [QUOTA] New day — counters reset. Total: 0
0, Auto: 0
[2026-05-23 21:36:45] [QUOTA] New day — counters reset. Total: 0
0, Auto: 0
[2026-05-23 22:06:48] [QUOTA] New day — counters reset. Total: 0
0, Auto: 0
[2026-05-23 22:36:50] [QUOTA] New day — counters reset. Total: 0
0, Auto: 0
[2026-05-23 23:06:52] [QUOTA] New day — counters reset. Total: 0
0, Auto: 0
[2026-05-23 23:36:54] [QUOTA] New day — counters reset. Total: 0
0, Auto: 0
[2026-05-24 01:06:55] [QUOTA] New day — counters reset. Total: 0, Auto: 0
[2026-05-24 02:36:55] [QUOTA] Total: 0/100, Auto: 0/30
[2026-05-24 03:06:56] [QUOTA] Total: 0/100, Auto: 0/30
[2026-05-24 04:36:56] [QUOTA] Total: 0/100, Auto: 0/30
[2026-05-24 05:06:57] [QUOTA] Total: 0/100, Auto: 0/30
[2026-05-24 06:36:57] [QUOTA] Total: 0/100, Auto: 0/30
[2026-05-24 08:36:58] [QUOTA] Total: 0/100, Auto: 0/30
[2026-05-24 09:06:59] [QUOTA] Total: 0/100, Auto: 0/30
[2026-05-24 10:36:59] [QUOTA] Total: 0/100, Auto: 0/30
[2026-05-24 11:07:00] [QUOTA] Total: 0/100, Auto: 0/30
[2026-05-24 12:37:01] [QUOTA] Total: 0/100, Auto: 0/30
[2026-05-24 14:07:01] [QUOTA] Total: 0/100, Auto: 0/30
[2026-05-24 14:37:02] [QUOTA] Total: 0/100, Auto: 0/30
[2026-05-24 16:07:03] [QUOTA] Total: 0/100, Auto: 0/30
[2026-05-24 17:37:03] [QUOTA] Total: 0/100, Auto: 0/30
[2026-05-24 18:07:03] [QUOTA] Total: 0/100, Auto: 0/30
[2026-05-24 19:37:04] [QUOTA] Total: 0/100, Auto: 0/30
[2026-05-24 20:07:05] [QUOTA] Total: 0/100, Auto: 0/30
[2026-05-24 23:07:06] [QUOTA] Total: 0/100, Auto: 0/30
[2026-05-25 00:37:07] [QUOTA] New day — counters reset. Total: 0, Auto: 0
[2026-05-25 01:07:08] [QUOTA] Total: 0/100, Auto: 0/30
[2026-05-25 02:37:08] [QUOTA] Total: 0/100, Auto: 0/30
[2026-05-25 04:37:09] [QUOTA] Total: 0/100, Auto: 0/30
[2026-05-25 05:07:10] [QUOTA] Total: 0/100, Auto: 0/30
[2026-05-25 06:37:10] [QUOTA] Total: 0/100, Auto: 0/30
[2026-05-25 08:37:11] [QUOTA] Total: 0/100, Auto: 0/30
[2026-05-25 09:07:12] [QUOTA] Total: 0/100, Auto: 0/30
[2026-05-25 10:37:12] [QUOTA] Total: 0/100, Auto: 0/30
[2026-05-25 12:37:13] [QUOTA] Total: 0/100, Auto: 0/30
[2026-05-25 13:07:14] [QUOTA] Total: 0/100, Auto: 0/30
[2026-05-25 14:37:14] [QUOTA] Total: 0/100, Auto: 0/30
[2026-05-25 15:07:15] [QUOTA] Total: 0/100, Auto: 0/30
[2026-05-25 16:37:15] [QUOTA] Total: 0/100, Auto: 0/30
[2026-05-25 17:07:16] [QUOTA] Total: 0/100, Auto: 0/30
[2026-05-25 18:37:16] [QUOTA] Total: 0/100, Auto: 0/30
[2026-05-25 20:37:17] [QUOTA] Total: 0/100, Auto: 0/30
[2026-05-25 21:07:17] [QUOTA] Total: 0/100, Auto: 0/30
[2026-05-25 22:37:18] [QUOTA] Total: 0/100, Auto: 0/30
[2026-05-25 23:07:19] [QUOTA] Total: 0/100, Auto: 0/30
[2026-05-26 00:37:19] [QUOTA] New day — counters reset. Total: 0, Auto: 0
[2026-05-26 02:37:20] [QUOTA] Total: 0/100, Auto: 0/30
[2026-05-26 03:07:21] [QUOTA] Total: 0/100, Auto: 0/30
[2026-05-26 04:37:21] [QUOTA] Total: 0/100, Auto: 0/30
[2026-05-26 05:07:22] [QUOTA] Total: 0/100, Auto: 0/30
[2026-05-26 06:37:22] [QUOTA] Total: 0
0/100, Auto: 0/30
[2026-05-26 08:37:23] [QUOTA] Total: 0
0/100, Auto: 0/30
[2026-05-26 09:07:24] [QUOTA] Total: 0
0/100, Auto: 0/30
[2026-05-26 10:37:24] [QUOTA] Total: 0
0/100, Auto: 0/30
[2026-05-26 13:07:25] [QUOTA] Total: 0
0/100, Auto: 0/30
[2026-05-26 15:07:26] [QUOTA] Total: 0
0/100, Auto: 0/30
[2026-05-26 15:37:27] [QUOTA] Total: 0
0/100, Auto: 0/30
[2026-05-26 17:07:27] [QUOTA] Total: 0
0/100, Auto: 0/30
[2026-05-26 19:07:28] [QUOTA] Total: 0
0/100, Auto: 0/30
[2026-05-26 19:37:29] [QUOTA] Total: 0
0/100, Auto: 0/30
[2026-05-26 21:07:29] [QUOTA] Total: 0
0/100, Auto: 0/30
[2026-05-26 22:37:30] [QUOTA] Total: 0
0/100, Auto: 0/30
[2026-05-26 23:07:31] [QUOTA] Total: 0
0/100, Auto: 0/30
[2026-05-27 00:37:31] [QUOTA] New day — counters reset. Total: 0, Auto: 0
[2026-05-27 01:07:32] [QUOTA] Total: 0/100, Auto: 0/30
[2026-05-27 02:37:32] [QUOTA] Total: 0/100, Auto: 0/30
[2026-05-27 04:07:33] [QUOTA] Total: 0
0/100, Auto: 0/30
[2026-05-27 04:37:33] [QUOTA] Total: 0
0/100, Auto: 0/30
[2026-05-27 06:07:34] [QUOTA] Total: 0
0/100, Auto: 0/30
[2026-05-27 06:37:35] [QUOTA] Total: 0
0/100, Auto: 0/30
[2026-05-27 08:07:35] [QUOTA] Total: 0
0/100, Auto: 0/30
[2026-05-27 08:37:36] [QUOTA] Total: 0
0/100, Auto: 0/30
[2026-05-27 10:07:36] [QUOTA] Total: 0
0/100, Auto: 0/30
[2026-05-27 12:07:37] [QUOTA] Total: 0
0/100, Auto: 0/30
[2026-05-27 12:37:38] [QUOTA] Total: 0
0/100, Auto: 0/30
[2026-05-27 14:07:38] [QUOTA] Total: 0
0/100, Auto: 0/30
[2026-05-27 15:37:39] [QUOTA] Total: 0
0/100, Auto: 0/30
[2026-05-27 16:07:40] [QUOTA] Total: 0
0/100, Auto: 0/30
[2026-05-27 17:37:40] [QUOTA] Total: 0
0/100, Auto: 0/30
[2026-05-27 18:07:41] [QUOTA] Total: 0
0/100, Auto: 0/30
[2026-05-27 19:37:42] [QUOTA] Total: 0
0/100, Auto: 0/30
[2026-05-27 21:07:42] [QUOTA] Total: 0
0/100, Auto: 0/30
[2026-05-27 23:07:43] [QUOTA] Total: 0
0/100, Auto: 0/30
[2026-05-27 23:37:44] [QUOTA] Total: 0
0/100, Auto: 0/30
[2026-05-28 01:07:45] [QUOTA] New day — counters reset. Total: 0, Auto: 0
[2026-05-28 02:37:45] [QUOTA] Total: 0
0/100, Auto: 0/30
[2026-05-28 04:37:46] [QUOTA] Total: 0
0/100, Auto: 0/30
[2026-05-28 05:07:47] [QUOTA] Total: 0
0/100, Auto: 0/30
[2026-05-28 06:37:47] [QUOTA] Total: 0
0/100, Auto: 0/30
[2026-05-28 07:07:48] [QUOTA] Total: 0
0/100, Auto: 0/30
[2026-05-28 08:37:49] [QUOTA] Total: 0
0/100, Auto: 0/30
[2026-05-28 10:07:51] [QUOTA] Total: 0
0/100, Auto: 0/30
[2026-05-28 10:37:54] [QUOTA] Total: 0
0/100, Auto: 0/30
[2026-05-28 11:07:56] [QUOTA] Total: 0
0/100, Auto: 0/30
[2026-05-28 11:37:58] [QUOTA] Total: 0
0/100, Auto: 0/30
[2026-05-28 12:08:01] [QUOTA] Total: 0
0/100, Auto: 0/30
[2026-05-28 12:38:03] [QUOTA] Total: 0
0/100, Auto: 0/30
[2026-05-28 13:08:06] [QUOTA] Total: 0
0/100, Auto: 0/30
[2026-05-28 13:38:09] [QUOTA] Total: 0
0/100, Auto: 0/30
[2026-05-28 14:08:12] [QUOTA] Total: 0
0/100, Auto: 0/30
[2026-05-28 14:38:15] [QUOTA] Total: 0
0/100, Auto: 0/30
[2026-05-28 15:08:19] [QUOTA] Total: 0
0/100, Auto: 0/30
[2026-05-28 15:38:22] [QUOTA] Total: 0
0/100, Auto: 0/30
[2026-05-28 16:08:26] [QUOTA] Total: 0
0/100, Auto: 0/30
[2026-05-28 16:38:30] [QUOTA] Total: 0
0/100, Auto: 0/30
[2026-05-28 17:08:35] [QUOTA] Total: 0
0/100, Auto: 0/30
[2026-05-28 17:38:40] [QUOTA] Total: 0
0/100, Auto: 0/30
[2026-05-28 18:08:46] [QUOTA] Total: 0
0/100, Auto: 0/30
[2026-05-28 18:38:53] [QUOTA] Total: 0
0/100, Auto: 0/30
[2026-05-28 19:08:59] [QUOTA] Total: 0
0/100, Auto: 0/30
[2026-05-28 19:39:06] [QUOTA] Total: 0
0/100, Auto: 0/30
[2026-05-28 20:09:13] [QUOTA] Total: 0
0/100, Auto: 0/30
[2026-05-28 20:39:18] [QUOTA] Total: 0
0/100, Auto: 0/30
[2026-05-28 21:09:22] [QUOTA] Total: 0
0/100, Auto: 0/30
[2026-05-28 21:39:26] [QUOTA] Total: 0
0/100, Auto: 0/30
[2026-05-28 22:09:31] [QUOTA] Total: 0
0/100, Auto: 0/30
[2026-05-28 22:39:35] [QUOTA] Total: 0
0/100, Auto: 0/30
[2026-05-28 23:09:41] [QUOTA] Total: 0
0/100, Auto: 0/30
[2026-05-28 23:39:46] [QUOTA] Total: 0
0/100, Auto: 0/30
[2026-05-29 00:09:50] [QUOTA] New day — counters reset. Total: 0
0, Auto: 0
[2026-05-29 00:39:54] [QUOTA] New day — counters reset. Total: 0
0, Auto: 0
[2026-05-29 01:09:58] [QUOTA] New day — counters reset. Total: 0
0, Auto: 0
[2026-05-29 01:40:02] [QUOTA] New day — counters reset. Total: 0
0, Auto: 0
[2026-05-29 02:10:07] [QUOTA] New day — counters reset. Total: 0
0, Auto: 0
[2026-05-29 02:40:12] [QUOTA] New day — counters reset. Total: 0
0, Auto: 0
[2026-05-29 03:10:17] [QUOTA] New day — counters reset. Total: 0
0, Auto: 0
[2026-05-29 03:40:23] [QUOTA] New day — counters reset. Total: 0
0, Auto: 0
[2026-05-29 04:10:29] [QUOTA] New day — counters reset. Total: 0
0, Auto: 0
[2026-05-29 04:40:35] [QUOTA] New day — counters reset. Total: 0
0, Auto: 0
[2026-05-29 05:10:41] [QUOTA] New day — counters reset. Total: 0
0, Auto: 0
[2026-05-29 05:40:48] [QUOTA] New day — counters reset. Total: 0
0, Auto: 0
[2026-05-29 06:10:55] [QUOTA] New day — counters reset. Total: 0
0, Auto: 0
[2026-05-29 06:41:00] [QUOTA] New day — counters reset. Total: 0
0, Auto: 0
[2026-05-29 13:41:22] [QUOTA] New day — counters reset. Total: 0
0, Auto: 0
[2026-05-29 14:11:27] [QUOTA] New day — counters reset. Total: 0
0, Auto: 0
[2026-05-29 14:41:31] [QUOTA] New day — counters reset. Total: 0
0, Auto: 0
[2026-05-29 15:11:35] [QUOTA] New day — counters reset. Total: 0
0, Auto: 0
[2026-05-29 15:41:40] [QUOTA] New day — counters reset. Total: 0
0, Auto: 0
[2026-05-29 16:11:44] [QUOTA] New day — counters reset. Total: 0
0, Auto: 0
[2026-05-29 16:41:48] [QUOTA] New day — counters reset. Total: 0
0, Auto: 0
[2026-05-29 17:11:52] [QUOTA] New day — counters reset. Total: 0
0, Auto: 0
[2026-05-29 17:41:57] [QUOTA] New day — counters reset. Total: 0
0, Auto: 0
[2026-05-29 18:12:01] [QUOTA] New day — counters reset. Total: 0
0, Auto: 0
[2026-05-29 18:42:05] [QUOTA] New day — counters reset. Total: 0
0, Auto: 0
[2026-05-29 19:12:09] [QUOTA] New day — counters reset. Total: 0
0, Auto: 0
[2026-05-29 19:42:13] [QUOTA] New day — counters reset. Total: 0
0, Auto: 0
[2026-05-29 20:12:18] [QUOTA] New day — counters reset. Total: 0
0, Auto: 0
[2026-05-29 20:42:22] [QUOTA] New day — counters reset. Total: 0
0, Auto: 0
[2026-05-29 21:12:27] [QUOTA] New day — counters reset. Total: 0
0, Auto: 0
[2026-05-29 21:42:37] [QUOTA] New day — counters reset. Total: 0
0, Auto: 0
[2026-05-29 22:12:43] [QUOTA] New day — counters reset. Total: 0
0, Auto: 0
[2026-05-29 22:42:49] [QUOTA] New day — counters reset. Total: 0
0, Auto: 0
[2026-05-29 23:12:54] [QUOTA] New day — counters reset. Total: 0
0, Auto: 0
[2026-05-29 23:43:00] [QUOTA] New day — counters reset. Total: 0
0, Auto: 0
[2026-05-30 00:13:05] [QUOTA] New day — counters reset. Total: 0
0, Auto: 0
[2026-05-30 00:43:10] [QUOTA] New day — counters reset. Total: 0
0, Auto: 0
[2026-05-30 01:13:15] [QUOTA] New day — counters reset. Total: 0
0, Auto: 0
[2026-05-30 01:43:20] [QUOTA] New day — counters reset. Total: 0
0, Auto: 0
[2026-05-30 02:13:25] [QUOTA] New day — counters reset. Total: 0
0, Auto: 0
[2026-05-30 02:43:29] [QUOTA] New day — counters reset. Total: 0
0, Auto: 0
[2026-05-30 03:13:35] [QUOTA] New day — counters reset. Total: 0
0, Auto: 0
[2026-05-30 03:43:40] [QUOTA] New day — counters reset. Total: 0
0, Auto: 0
[2026-05-30 04:13:45] [QUOTA] New day — counters reset. Total: 0
0, Auto: 0
[2026-05-30 04:43:51] [QUOTA] New day — counters reset. Total: 0
0, Auto: 0
[2026-05-30 05:13:56] [QUOTA] New day — counters reset. Total: 0
0, Auto: 0
[2026-05-30 05:44:01] [QUOTA] New day — counters reset. Total: 0
0, Auto: 0
[2026-05-30 06:14:06] [QUOTA] New day — counters reset. Total: 0
0, Auto: 0
[2026-05-30 06:44:11] [QUOTA] New day — counters reset. Total: 0
0, Auto: 0
[2026-05-30 07:14:15] [QUOTA] New day — counters reset. Total: 0
0, Auto: 0
[2026-05-30 07:44:20] [QUOTA] New day — counters reset. Total: 0
0, Auto: 0
[2026-05-30 08:14:26] [QUOTA] New day — counters reset. Total: 0
0, Auto: 0
[2026-05-30 08:44:31] [QUOTA] New day — counters reset. Total: 0
0, Auto: 0
[2026-05-30 09:14:36] [QUOTA] New day — counters reset. Total: 0
0, Auto: 0
[2026-05-30 09:44:41] [QUOTA] New day — counters reset. Total: 0
0, Auto: 0
[2026-05-30 10:14:46] [QUOTA] New day — counters reset. Total: 0
0, Auto: 0
[2026-05-30 10:44:51] [QUOTA] New day — counters reset. Total: 0
0, Auto: 0
[2026-05-30 11:14:55] [QUOTA] New day — counters reset. Total: 0
0, Auto: 0
[2026-05-30 11:45:00] [QUOTA] New day — counters reset. Total: 0
0, Auto: 0
[2026-05-30 12:15:07] [QUOTA] New day — counters reset. Total: 0
0, Auto: 0
[2026-05-30 12:45:13] [QUOTA] New day — counters reset. Total: 0
0, Auto: 0
[2026-05-30 13:15:17] [QUOTA] New day — counters reset. Total: 0
0, Auto: 0
[2026-05-30 13:45:23] [QUOTA] New day — counters reset. Total: 0
0, Auto: 0
[2026-05-30 14:15:28] [QUOTA] New day — counters reset. Total: 0
0, Auto: 0
[2026-05-30 14:45:32] [QUOTA] New day — counters reset. Total: 0
0, Auto: 0
[2026-05-30 15:15:37] [QUOTA] New day — counters reset. Total: 0
0, Auto: 0
[2026-05-30 15:45:42] [QUOTA] New day — counters reset. Total: 0
0, Auto: 0
[2026-05-30 16:15:47] [QUOTA] New day — counters reset. Total: 0
0, Auto: 0
[2026-05-30 16:45:52] [QUOTA] New day — counters reset. Total: 0
0, Auto: 0
[2026-05-30 17:15:57] [QUOTA] New day — counters reset. Total: 0
0, Auto: 0
[2026-05-30 17:46:01] [QUOTA] New day — counters reset. Total: 0
0, Auto: 0
[2026-05-30 18:16:07] [QUOTA] New day — counters reset. Total: 0
0, Auto: 0
[2026-05-30 18:46:12] [QUOTA] New day — counters reset. Total: 0
0, Auto: 0
[2026-05-30 19:16:16] [QUOTA] New day — counters reset. Total: 0
0, Auto: 0
[2026-05-30 19:46:22] [QUOTA] New day — counters reset. Total: 0
0, Auto: 0
[2026-05-30 20:16:27] [QUOTA] New day — counters reset. Total: 0
0, Auto: 0
[2026-05-30 20:46:33] [QUOTA] New day — counters reset. Total: 0
0, Auto: 0
[2026-05-30 21:16:43] [QUOTA] New day — counters reset. Total: 0
0, Auto: 0
[2026-05-30 21:46:51] [QUOTA] New day — counters reset. Total: 0
0, Auto: 0
[2026-05-30 22:16:57] [QUOTA] New day — counters reset. Total: 0
0, Auto: 0
[2026-05-30 22:47:03] [QUOTA] New day — counters reset. Total: 0
0, Auto: 0
[2026-05-30 23:17:09] [QUOTA] New day — counters reset. Total: 0
0, Auto: 0
[2026-05-30 23:47:14] [QUOTA] New day — counters reset. Total: 0
0, Auto: 0
[2026-05-31 00:17:19] [QUOTA] New day — counters reset. Total: 0, Auto: 0
[2026-05-31 00:47:25] [QUOTA] Total: 0/100, Auto: 0/30
[2026-05-31 01:17:30] [QUOTA] Total: 0/100, Auto: 0/30
[2026-05-31 01:47:36] [QUOTA] Total: 0/100, Auto: 0/30
[2026-05-31 02:17:40] [QUOTA] Total: 0/100, Auto: 0/30
[2026-05-31 02:47:45] [QUOTA] Total: 0/100, Auto: 0/30
[2026-05-31 03:17:50] [QUOTA] Total: 0
0/100, Auto: 0/30
[2026-05-31 03:47:55] [QUOTA] Total: 0
0/100, Auto: 0/30
[2026-05-31 04:18:01] [QUOTA] Total: 0
0/100, Auto: 0/30
[2026-05-31 04:48:06] [QUOTA] Total: 0
0/100, Auto: 0/30
[2026-05-31 05:18:12] [QUOTA] Total: 0
0/100, Auto: 0/30
[2026-05-31 05:48:16] [QUOTA] Total: 0
0/100, Auto: 0/30
[2026-05-31 06:18:22] [QUOTA] Total: 0
0/100, Auto: 0/30
[2026-05-31 06:48:27] [QUOTA] Total: 0
0/100, Auto: 0/30
[2026-05-31 07:18:32] [QUOTA] Total: 0
0/100, Auto: 0/30
[2026-05-31 07:48:37] [QUOTA] Total: 0
0/100, Auto: 0/30
[2026-05-31 08:18:42] [QUOTA] Total: 0
0/100, Auto: 0/30
[2026-05-31 08:48:48] [QUOTA] Total: 0
0/100, Auto: 0/30
[2026-05-31 09:18:53] [QUOTA] Total: 0
0/100, Auto: 0/30
[2026-05-31 09:48:59] [QUOTA] Total: 0
0/100, Auto: 0/30
[2026-05-31 10:19:05] [QUOTA] Total: 0
0/100, Auto: 0/30
[2026-05-31 10:49:11] [QUOTA] Total: 0
0/100, Auto: 0/30
[2026-05-31 11:19:16] [QUOTA] Total: 0
0/100, Auto: 0/30
[2026-05-31 11:49:21] [QUOTA] Total: 0
0/100, Auto: 0/30
[2026-05-31 12:19:25] [QUOTA] Total: 0
0/100, Auto: 0/30
[2026-05-31 12:49:31] [QUOTA] Total: 0
0/100, Auto: 0/30
[2026-05-31 13:19:37] [QUOTA] Total: 0
0/100, Auto: 0/30
[2026-05-31 13:49:43] [QUOTA] Total: 0
0/100, Auto: 0/30
[2026-05-31 14:19:47] [QUOTA] Total: 0
0/100, Auto: 0/30
[2026-05-31 14:49:53] [QUOTA] Total: 0
0/100, Auto: 0/30
[2026-05-31 15:19:58] [QUOTA] Total: 0
0/100, Auto: 0/30
[2026-05-31 15:50:04] [QUOTA] Total: 0
0/100, Auto: 0/30
[2026-05-31 16:20:09] [QUOTA] Total: 0
0/100, Auto: 0/30
[2026-05-31 16:50:14] [QUOTA] Total: 0
0/100, Auto: 0/30
[2026-05-31 17:20:19] [QUOTA] Total: 0
0/100, Auto: 0/30
[2026-05-31 17:50:24] [QUOTA] Total: 0
0/100, Auto: 0/30
[2026-05-31 18:20:29] [QUOTA] Total: 0
0/100, Auto: 0/30
[2026-05-31 18:50:33] [QUOTA] Total: 0
0/100, Auto: 0/30
[2026-05-31 19:20:38] [QUOTA] Total: 0
0/100, Auto: 0/30
[2026-05-31 19:50:43] [QUOTA] Total: 0
0/100, Auto: 0/30
[2026-05-31 20:20:49] [QUOTA] Total: 0
0/100, Auto: 0/30
[2026-05-31 20:50:54] [QUOTA] Total: 0
0/100, Auto: 0/30
[2026-05-31 21:20:59] [QUOTA] Total: 0
0/100, Auto: 0/30
[2026-05-31 21:51:07] [QUOTA] Total: 0
0/100, Auto: 0/30
[2026-05-31 22:21:15] [QUOTA] Total: 0
0/100, Auto: 0/30
[2026-05-31 22:51:22] [QUOTA] Total: 0
0/100, Auto: 0/30
[2026-05-31 23:21:29] [QUOTA] Total: 8/100, Auto: 8/30
[2026-05-31 23:51:36] [QUOTA] Total: 8/100, Auto: 8/30
[2026-06-01 00:21:43] [QUOTA] New day — counters reset. Total: 0
0, Auto: 0
[2026-06-01 00:51:50] [QUOTA] New day — counters reset. Total: 0
0, Auto: 0
[2026-06-01 01:21:58] [QUOTA] New day — counters reset. Total: 0
0, Auto: 0
[2026-06-01 01:52:05] [QUOTA] New day — counters reset. Total: 0
0, Auto: 0
[2026-06-01 02:22:12] [QUOTA] New day — counters reset. Total: 0
0, Auto: 0
[2026-06-01 02:52:20] [QUOTA] New day — counters reset. Total: 0
0, Auto: 0
[2026-06-01 03:22:24] [QUOTA] New day — counters reset. Total: 0
0, Auto: 0
[2026-06-01 03:52:29] [QUOTA] New day — counters reset. Total: 0
0, Auto: 0
[2026-06-01 04:22:35] [QUOTA] New day — counters reset. Total: 0
0, Auto: 0
[2026-06-01 04:52:40] [QUOTA] New day — counters reset. Total: 0
0, Auto: 0
[2026-06-01 05:22:45] [QUOTA] New day — counters reset. Total: 0
0, Auto: 0
[2026-06-01 05:52:49] [QUOTA] New day — counters reset. Total: 0
0, Auto: 0
[2026-06-01 06:22:55] [QUOTA] New day — counters reset. Total: 0
0, Auto: 0
[2026-06-01 06:53:00] [QUOTA] New day — counters reset. Total: 0
0, Auto: 0
[2026-06-01 07:23:06] [QUOTA] New day — counters reset. Total: 0
0, Auto: 0
[2026-06-01 07:53:11] [QUOTA] New day — counters reset. Total: 0
0, Auto: 0
[2026-06-01 08:23:17] [QUOTA] New day — counters reset. Total: 0
0, Auto: 0
[2026-06-01 08:53:22] [QUOTA] New day — counters reset. Total: 0
0, Auto: 0
[2026-06-01 09:23:27] [QUOTA] New day — counters reset. Total: 0
0, Auto: 0
[2026-06-01 09:53:35] [QUOTA] New day — counters reset. Total: 0
0, Auto: 0
[2026-06-01 10:23:40] [QUOTA] New day — counters reset. Total: 0
0, Auto: 0
[2026-06-01 10:53:45] [QUOTA] New day — counters reset. Total: 0
0, Auto: 0
[2026-06-01 11:23:51] [QUOTA] New day — counters reset. Total: 0
0, Auto: 0
[2026-06-01 11:53:58] [QUOTA] New day — counters reset. Total: 0
0, Auto: 0
[2026-06-01 12:24:03] [QUOTA] New day — counters reset. Total: 0
0, Auto: 0
[2026-06-01 12:54:09] [QUOTA] New day — counters reset. Total: 0
0, Auto: 0
[2026-06-01 13:24:14] [QUOTA] New day — counters reset. Total: 0
0, Auto: 0
[2026-06-01 13:54:20] [QUOTA] New day — counters reset. Total: 0
0, Auto: 0
[2026-06-01 14:24:25] [QUOTA] New day — counters reset. Total: 0
0, Auto: 0
[2026-06-01 14:54:31] [QUOTA] New day — counters reset. Total: 0
0, Auto: 0
[2026-06-01 15:24:36] [QUOTA] New day — counters reset. Total: 0
0, Auto: 0
[2026-06-01 15:54:45] [QUOTA] New day — counters reset. Total: 0
0, Auto: 0
[2026-06-01 16:24:55] [QUOTA] New day — counters reset. Total: 0
0, Auto: 0
[2026-06-01 16:55:03] [QUOTA] New day — counters reset. Total: 0
0, Auto: 0
[2026-06-01 17:25:11] [QUOTA] New day — counters reset. Total: 0
0, Auto: 0
[2026-06-01 17:55:18] [QUOTA] New day — counters reset. Total: 0
0, Auto: 0
[2026-06-01 18:25:26] [QUOTA] New day — counters reset. Total: 0
0, Auto: 0
[2026-06-01 18:55:34] [QUOTA] New day — counters reset. Total: 0
0, Auto: 0
[2026-06-01 19:25:41] [QUOTA] New day — counters reset. Total: 0
0, Auto: 0
[2026-06-01 19:55:49] [QUOTA] New day — counters reset. Total: 0
0, Auto: 0
[2026-06-01 20:25:57] [QUOTA] New day — counters reset. Total: 0
0, Auto: 0
[2026-06-01 20:56:04] [QUOTA] New day — counters reset. Total: 0
0, Auto: 0
[2026-06-01 21:26:12] [QUOTA] New day — counters reset. Total: 0
0, Auto: 0
[2026-06-01 21:56:20] [QUOTA] New day — counters reset. Total: 0
0, Auto: 0
[2026-06-01 22:26:27] [QUOTA] New day — counters reset. Total: 0
0, Auto: 0
[2026-06-01 22:56:34] [QUOTA] New day — counters reset. Total: 0
0, Auto: 0
[2026-06-01 23:26:42] [QUOTA] New day — counters reset. Total: 0
0, Auto: 0
[2026-06-01 23:56:50] [QUOTA] New day — counters reset. Total: 0
0, Auto: 0
[2026-06-02 00:26:57] [QUOTA] New day — counters reset. Total: 0
0, Auto: 0
[2026-06-02 00:57:05] [QUOTA] New day — counters reset. Total: 0
0, Auto: 0
[2026-06-02 01:27:12] [QUOTA] New day — counters reset. Total: 0
0, Auto: 0
[2026-06-02 01:57:20] [QUOTA] New day — counters reset. Total: 0
0, Auto: 0
[2026-06-02 02:27:27] [QUOTA] New day — counters reset. Total: 0
0, Auto: 0
[2026-06-02 02:57:35] [QUOTA] New day — counters reset. Total: 0
0, Auto: 0
[2026-06-02 03:27:41] [QUOTA] New day — counters reset. Total: 0
0, Auto: 0
[2026-06-02 03:57:46] [QUOTA] New day — counters reset. Total: 0
0, Auto: 0
[2026-06-02 04:27:52] [QUOTA] New day — counters reset. Total: 0
0, Auto: 0
[2026-06-02 04:57:57] [QUOTA] New day — counters reset. Total: 0
0, Auto: 0
[2026-06-02 05:28:03] [QUOTA] New day — counters reset. Total: 0
0, Auto: 0
[2026-06-02 05:58:09] [QUOTA] New day — counters reset. Total: 0
0, Auto: 0
[2026-06-02 06:28:14] [QUOTA] New day — counters reset. Total: 0
0, Auto: 0
[2026-06-02 06:58:20] [QUOTA] New day — counters reset. Total: 0
0, Auto: 0
[2026-06-02 07:28:25] [QUOTA] New day — counters reset. Total: 0
0, Auto: 0
[2026-06-02 07:58:31] [QUOTA] New day — counters reset. Total: 0
0, Auto: 0
[2026-06-02 08:28:36] [QUOTA] New day — counters reset. Total: 0
0, Auto: 0
[2026-06-02 08:58:41] [QUOTA] New day — counters reset. Total: 0
0, Auto: 0
[2026-06-02 09:28:46] [QUOTA] New day — counters reset. Total: 0
0, Auto: 0
[2026-06-02 09:58:51] [QUOTA] New day — counters reset. Total: 0
0, Auto: 0
[2026-06-02 10:28:57] [QUOTA] New day — counters reset. Total: 0
0, Auto: 0
[2026-06-02 10:59:02] [QUOTA] New day — counters reset. Total: 0
0, Auto: 0
[2026-06-02 11:29:07] [QUOTA] New day — counters reset. Total: 0
0, Auto: 0
[2026-06-02 11:59:13] [QUOTA] New day — counters reset. Total: 0
0, Auto: 0
[2026-06-02 12:29:18] [QUOTA] New day — counters reset. Total: 0
0, Auto: 0
[2026-06-02 12:59:23] [QUOTA] New day — counters reset. Total: 0
0, Auto: 0
[2026-06-02 13:29:29] [QUOTA] New day — counters reset. Total: 0
0, Auto: 0
[2026-06-02 13:59:34] [QUOTA] New day — counters reset. Total: 0
0, Auto: 0
[2026-06-02 14:29:39] [QUOTA] New day — counters reset. Total: 0
0, Auto: 0
[2026-06-02 14:59:45] [QUOTA] New day — counters reset. Total: 0
0, Auto: 0
[2026-06-02 15:29:50] [QUOTA] New day — counters reset. Total: 0
0, Auto: 0
[2026-06-02 15:59:56] [QUOTA] New day — counters reset. Total: 0
0, Auto: 0
[2026-06-02 16:30:01] [QUOTA] New day — counters reset. Total: 0
0, Auto: 0
[2026-06-02 17:00:06] [QUOTA] New day — counters reset. Total: 0
0, Auto: 0
[2026-06-02 17:30:11] [QUOTA] New day — counters reset. Total: 0
0, Auto: 0
[2026-06-02 18:00:16] [QUOTA] New day — counters reset. Total: 0
0, Auto: 0
[2026-06-02 18:30:21] [QUOTA] New day — counters reset. Total: 0
0, Auto: 0
[2026-06-02 19:00:26] [QUOTA] New day — counters reset. Total: 0
0, Auto: 0
[2026-06-02 19:30:31] [QUOTA] New day — counters reset. Total: 0
0, Auto: 0
[2026-06-02 20:00:36] [QUOTA] New day — counters reset. Total: 0
0, Auto: 0
[2026-06-02 20:30:41] [QUOTA] New day — counters reset. Total: 0
0, Auto: 0
[2026-06-02 21:00:46] [QUOTA] New day — counters reset. Total: 0
0, Auto: 0
[2026-06-02 21:30:51] [QUOTA] New day — counters reset. Total: 0
0, Auto: 0
[2026-06-02 22:00:57] [QUOTA] New day — counters reset. Total: 0
0, Auto: 0
[2026-06-02 22:31:02] [QUOTA] New day — counters reset. Total: 0
0, Auto: 0
[2026-06-02 23:01:06] [QUOTA] New day — counters reset. Total: 0
0, Auto: 0
[2026-06-02 23:31:11] [QUOTA] New day — counters reset. Total: 0
0, Auto: 0
[2026-06-04 10:07:00] [QUOTA] New day — counters reset. Total: 0
0, Auto: 0
[2026-06-04 10:37:07] [QUOTA] New day — counters reset. Total: 0
0, Auto: 0
[2026-06-04 11:07:12] [QUOTA] New day — counters reset. Total: 0
0, Auto: 0
[2026-06-04 11:37:18] [QUOTA] New day — counters reset. Total: 0
0, Auto: 0
[2026-06-04 12:07:23] [QUOTA] New day — counters reset. Total: 0
0, Auto: 0
[2026-06-04 12:37:28] [QUOTA] New day — counters reset. Total: 0
0, Auto: 0
[2026-06-04 13:07:34] [QUOTA] New day — counters reset. Total: 0
0, Auto: 0
[2026-06-04 13:37:39] [QUOTA] New day — counters reset. Total: 0
0, Auto: 0
[2026-06-04 14:07:45] [QUOTA] New day — counters reset. Total: 0
0, Auto: 0
[2026-06-04 14:37:50] [QUOTA] New day — counters reset. Total: 0
0, Auto: 0
[2026-06-04 15:07:56] [QUOTA] New day — counters reset. Total: 0
0, Auto: 0
[2026-06-04 15:38:01] [QUOTA] New day — counters reset. Total: 0
0, Auto: 0
[2026-06-04 16:38:07] [QUOTA] New day — counters reset. Total: 0
0, Auto: 0
[2026-06-04 17:08:09] [QUOTA] New day — counters reset. Total: 0
0, Auto: 0
[2026-06-04 17:38:11] [QUOTA] New day — counters reset. Total: 0
0, Auto: 0
[2026-06-04 18:08:13] [QUOTA] New day — counters reset. Total: 0
0, Auto: 0
[2026-06-04 18:38:15] [QUOTA] New day — counters reset. Total: 0
0, Auto: 0
[2026-06-04 19:08:17] [QUOTA] New day — counters reset. Total: 0
0, Auto: 0
[2026-06-04 19:38:19] [QUOTA] New day — counters reset. Total: 0
0, Auto: 0
[2026-06-04 20:08:21] [QUOTA] New day — counters reset. Total: 0
0, Auto: 0
[2026-06-04 20:38:23] [QUOTA] New day — counters reset. Total: 0
0, Auto: 0
[2026-06-04 21:08:25] [QUOTA] New day — counters reset. Total: 0
0, Auto: 0
[2026-06-04 21:38:27] [QUOTA] New day — counters reset. Total: 0
0, Auto: 0
[2026-06-04 22:08:29] [QUOTA] New day — counters reset. Total: 0
0, Auto: 0
[2026-06-04 22:38:31] [QUOTA] New day — counters reset. Total: 0
0, Auto: 0
[2026-06-04 23:08:34] [QUOTA] New day — counters reset. Total: 0
0, Auto: 0
[2026-06-04 23:38:36] [QUOTA] New day — counters reset. Total: 0
0, Auto: 0
[2026-06-05 00:08:38] [QUOTA] New day — counters reset. Total: 0
0, Auto: 0
[2026-06-05 00:38:40] [QUOTA] New day — counters reset. Total: 0
0, Auto: 0
[2026-06-05 01:08:42] [QUOTA] New day — counters reset. Total: 0
0, Auto: 0
[2026-06-05 01:38:44] [QUOTA] New day — counters reset. Total: 0
0, Auto: 0
[2026-06-05 02:08:46] [QUOTA] New day — counters reset. Total: 0
0, Auto: 0
[2026-06-05 02:38:48] [QUOTA] New day — counters reset. Total: 0
0, Auto: 0
[2026-06-05 03:08:51] [QUOTA] New day — counters reset. Total: 0
0, Auto: 0
[2026-06-05 03:38:53] [QUOTA] New day — counters reset. Total: 0
0, Auto: 0
[2026-06-05 04:08:55] [QUOTA] New day — counters reset. Total: 0
0, Auto: 0
[2026-06-05 04:38:57] [QUOTA] New day — counters reset. Total: 0
0, Auto: 0
[2026-06-05 05:09:00] [QUOTA] New day — counters reset. Total: 0
0, Auto: 0
[2026-06-05 05:39:02] [QUOTA] New day — counters reset. Total: 0
0, Auto: 0
[2026-06-05 06:09:04] [QUOTA] New day — counters reset. Total: 0
0, Auto: 0
[2026-06-05 06:39:06] [QUOTA] New day — counters reset. Total: 0
0, Auto: 0
[2026-06-05 07:09:09] [QUOTA] New day — counters reset. Total: 0
0, Auto: 0
[2026-06-05 07:39:11] [QUOTA] New day — counters reset. Total: 0
0, Auto: 0
[2026-06-05 08:09:13] [QUOTA] New day — counters reset. Total: 0
0, Auto: 0
[2026-06-05 08:39:15] [QUOTA] New day — counters reset. Total: 0
0, Auto: 0
[2026-06-05 09:09:18] [QUOTA] New day — counters reset. Total: 0
0, Auto: 0
[2026-06-05 09:39:20] [QUOTA] New day — counters reset. Total: 0
0, Auto: 0
[2026-06-05 10:09:23] [QUOTA] New day — counters reset. Total: 0
0, Auto: 0
[2026-06-05 10:39:25] [QUOTA] New day — counters reset. Total: 0
0, Auto: 0
[2026-06-05 11:09:27] [QUOTA] New day — counters reset. Total: 0
0, Auto: 0
[2026-06-05 11:39:30] [QUOTA] New day — counters reset. Total: 0
0, Auto: 0
[2026-06-05 12:09:33] [QUOTA] New day — counters reset. Total: 0
0, Auto: 0
[2026-06-05 12:39:35] [QUOTA] New day — counters reset. Total: 0
0, Auto: 0
[2026-06-05 13:09:38] [QUOTA] New day — counters reset. Total: 0
0, Auto: 0
[2026-06-05 13:39:41] [QUOTA] New day — counters reset. Total: 0
0, Auto: 0
[2026-06-05 14:09:44] [QUOTA] New day — counters reset. Total: 0
0, Auto: 0
[2026-06-05 14:39:47] [QUOTA] New day — counters reset. Total: 0
0, Auto: 0
[2026-06-05 15:09:52] [QUOTA] New day — counters reset. Total: 0
0, Auto: 0
[2026-06-05 15:39:57] [QUOTA] New day — counters reset. Total: 0
0, Auto: 0
[2026-06-05 16:10:02] [QUOTA] New day — counters reset. Total: 0
0, Auto: 0
[2026-06-05 16:40:07] [QUOTA] New day — counters reset. Total: 0
0, Auto: 0
[2026-06-05 17:10:10] [QUOTA] New day — counters reset. Total: 0
0, Auto: 0
[2026-06-05 17:40:12] [QUOTA] New day — counters reset. Total: 0
0, Auto: 0
[2026-06-05 18:10:16] [QUOTA] New day — counters reset. Total: 0
0, Auto: 0
[2026-06-05 18:40:19] [QUOTA] New day — counters reset. Total: 0
0, Auto: 0
[2026-06-05 19:10:21] [QUOTA] New day — counters reset. Total: 0
0, Auto: 0
[2026-06-05 19:40:24] [QUOTA] New day — counters reset. Total: 0
0, Auto: 0
[2026-06-05 20:10:27] [QUOTA] New day — counters reset. Total: 0
0, Auto: 0
[2026-06-05 20:40:31] [QUOTA] New day — counters reset. Total: 0
0, Auto: 0
[2026-06-05 21:10:34] [QUOTA] New day — counters reset. Total: 0
0, Auto: 0
[2026-06-05 21:40:37] [QUOTA] New day — counters reset. Total: 0
0, Auto: 0
[2026-06-05 22:10:40] [QUOTA] New day — counters reset. Total: 0
0, Auto: 0
[2026-06-05 22:40:44] [QUOTA] New day — counters reset. Total: 0
0, Auto: 0
[2026-06-05 23:10:46] [QUOTA] New day — counters reset. Total: 0
0, Auto: 0
[2026-06-05 23:40:49] [QUOTA] New day — counters reset. Total: 0
0, Auto: 0
[2026-06-06 00:10:52] [QUOTA] New day — counters reset. Total: 0
0, Auto: 0
[2026-06-06 00:40:55] [QUOTA] New day — counters reset. Total: 0
0, Auto: 0
[2026-06-06 01:11:06] [QUOTA] New day — counters reset. Total: 0
0, Auto: 0
[2026-06-06 01:41:18] [QUOTA] New day — counters reset. Total: 0
0, Auto: 0
[2026-06-06 02:11:22] [QUOTA] New day — counters reset. Total: 0
0, Auto: 0
[2026-06-06 02:41:24] [QUOTA] New day — counters reset. Total: 0
0, Auto: 0
[2026-06-06 03:11:27] [QUOTA] New day — counters reset. Total: 0
0, Auto: 0
[2026-06-06 03:41:30] [QUOTA] New day — counters reset. Total: 0
0, Auto: 0
[2026-06-06 04:11:33] [QUOTA] New day — counters reset. Total: 0
0, Auto: 0
[2026-06-06 04:41:36] [QUOTA] New day — counters reset. Total: 0
0, Auto: 0
[2026-06-06 05:11:39] [QUOTA] New day — counters reset. Total: 0
0, Auto: 0
[2026-06-06 05:41:42] [QUOTA] New day — counters reset. Total: 0
0, Auto: 0
[2026-06-06 06:11:45] [QUOTA] New day — counters reset. Total: 0
0, Auto: 0
[2026-06-06 06:41:48] [QUOTA] New day — counters reset. Total: 0
0, Auto: 0
[2026-06-06 07:11:51] [QUOTA] New day — counters reset. Total: 0
0, Auto: 0
[2026-06-06 07:41:54] [QUOTA] New day — counters reset. Total: 0
0, Auto: 0
[2026-06-06 08:11:57] [QUOTA] New day — counters reset. Total: 0
0, Auto: 0
[2026-06-06 08:42:00] [QUOTA] New day — counters reset. Total: 0
0, Auto: 0
[2026-06-06 09:12:03] [QUOTA] New day — counters reset. Total: 0
0, Auto: 0
[2026-06-06 09:42:06] [QUOTA] New day — counters reset. Total: 0
0, Auto: 0
[2026-06-06 10:12:09] [QUOTA] New day — counters reset. Total: 0
0, Auto: 0
[2026-06-06 10:42:12] [QUOTA] New day — counters reset. Total: 0
0, Auto: 0
[2026-06-06 11:12:16] [QUOTA] New day — counters reset. Total: 0
0, Auto: 0
[2026-06-06 11:42:18] [QUOTA] New day — counters reset. Total: 0
0, Auto: 0
[2026-06-06 12:12:19] [QUOTA] New day — counters reset. Total: 0
0, Auto: 0
[2026-06-06 12:42:21] [QUOTA] New day — counters reset. Total: 0
0, Auto: 0
[2026-06-06 13:12:23] [QUOTA] New day — counters reset. Total: 0
0, Auto: 0
[2026-06-06 13:42:25] [QUOTA] New day — counters reset. Total: 0
0, Auto: 0
[2026-06-06 14:12:27] [QUOTA] New day — counters reset. Total: 0
0, Auto: 0
[2026-06-06 14:42:29] [QUOTA] New day — counters reset. Total: 0
0, Auto: 0
[2026-06-06 15:12:31] [QUOTA] New day — counters reset. Total: 0
0, Auto: 0
[2026-06-06 15:42:33] [QUOTA] New day — counters reset. Total: 0
0, Auto: 0
[2026-06-06 16:12:34] [QUOTA] New day — counters reset. Total: 0
0, Auto: 0
[2026-06-06 16:42:36] [QUOTA] New day — counters reset. Total: 0
0, Auto: 0
[2026-06-06 17:12:38] [QUOTA] New day — counters reset. Total: 0
0, Auto: 0
[2026-06-06 17:42:41] [QUOTA] New day — counters reset. Total: 0
0, Auto: 0
[2026-06-06 18:12:42] [QUOTA] New day — counters reset. Total: 0
0, Auto: 0
[2026-06-06 18:42:44] [QUOTA] New day — counters reset. Total: 0
0, Auto: 0
[2026-06-06 19:12:46] [QUOTA] New day — counters reset. Total: 0
0, Auto: 0
[2026-06-06 19:42:48] [QUOTA] New day — counters reset. Total: 0
0, Auto: 0
[2026-06-06 20:12:50] [QUOTA] New day — counters reset. Total: 0
0, Auto: 0
[2026-06-06 20:42:52] [QUOTA] New day — counters reset. Total: 0
0, Auto: 0
[2026-06-06 21:12:54] [QUOTA] New day — counters reset. Total: 0
0, Auto: 0
[2026-06-06 21:42:56] [QUOTA] New day — counters reset. Total: 0
0, Auto: 0
[2026-06-06 22:12:58] [QUOTA] New day — counters reset. Total: 0
0, Auto: 0
[2026-06-06 22:43:00] [QUOTA] New day — counters reset. Total: 0
0, Auto: 0
[2026-06-06 23:13:01] [QUOTA] New day — counters reset. Total: 0
0, Auto: 0
[2026-06-06 23:43:03] [QUOTA] New day — counters reset. Total: 0
0, Auto: 0
[2026-06-07 00:13:05] [QUOTA] New day — counters reset. Total: 0
0, Auto: 0
[2026-06-07 00:43:07] [QUOTA] New day — counters reset. Total: 0
0, Auto: 0
[2026-06-07 01:13:08] [QUOTA] New day — counters reset. Total: 0
0, Auto: 0
[2026-06-07 01:43:10] [QUOTA] New day — counters reset. Total: 0
0, Auto: 0
[2026-06-07 02:13:11] [QUOTA] New day — counters reset. Total: 0
0, Auto: 0
[2026-06-07 02:43:13] [QUOTA] New day — counters reset. Total: 0
0, Auto: 0
[2026-06-07 03:13:15] [QUOTA] New day — counters reset. Total: 0
0, Auto: 0
[2026-06-07 03:43:16] [QUOTA] New day — counters reset. Total: 0
0, Auto: 0
[2026-06-07 04:13:18] [QUOTA] New day — counters reset. Total: 0
0, Auto: 0
[2026-06-07 04:43:19] [QUOTA] New day — counters reset. Total: 0
0, Auto: 0
[2026-06-07 05:13:21] [QUOTA] New day — counters reset. Total: 0
0, Auto: 0
[2026-06-07 05:43:22] [QUOTA] New day — counters reset. Total: 0
0, Auto: 0
[2026-06-07 06:13:24] [QUOTA] New day — counters reset. Total: 0
0, Auto: 0
[2026-06-07 06:43:25] [QUOTA] New day — counters reset. Total: 0
0, Auto: 0
[2026-06-07 07:13:27] [QUOTA] New day — counters reset. Total: 0
0, Auto: 0
[2026-06-07 13:27:54] [QUOTA] New day — counters reset. Total: 0
0, Auto: 0
[2026-06-07 13:43:32] [QUOTA] New day — counters reset. Total: 0
0, Auto: 0
[2026-06-12 22:46:10] [QUOTA] New day — counters reset. Total: 0
0, Auto: 0
[2026-06-12 22:49:17] [QUOTA] New day — counters reset. Total: 0
0, Auto: 0
[2026-06-12 23:19:23] [QUOTA] New day — counters reset. Total: 0
0, Auto: 0
[2026-06-12 23:49:28] [QUOTA] New day — counters reset. Total: 0
0, Auto: 0
[2026-06-13 00:00:10] [QUOTA] New day — counters reset. Total: 0, Auto: 0
[2026-06-13 00:19:34] [QUOTA] Total: 0
0/100, Auto: 0/30
[2026-06-13 00:49:40] [QUOTA] Total: 0
0/100, Auto: 0/30
[2026-06-13 01:19:47] [QUOTA] Total: 0
0/100, Auto: 0/30
[2026-06-13 01:34:20] [QUOTA] Total: 0
0/100, Auto: 0/30
[2026-06-13 01:49:53] [QUOTA] Total: 0
0/100, Auto: 0/30
[2026-06-13 02:20:00] [QUOTA] Total: 0
0/100, Auto: 0/30
[2026-06-13 02:50:05] [QUOTA] Total: 0
0/100, Auto: 0/30
[2026-06-13 03:20:10] [QUOTA] Total: 0
0/100, Auto: 0/30
[2026-06-13 03:50:15] [QUOTA] Total: 0
0/100, Auto: 0/30
[2026-06-13 04:20:19] [QUOTA] Total: 0
0/100, Auto: 0/30
[2026-06-13 04:50:23] [QUOTA] Total: 0
0/100, Auto: 0/30
[2026-06-13 05:20:27] [QUOTA] Total: 0
0/100, Auto: 0/30
[2026-06-13 05:50:31] [QUOTA] Total: 0
0/100, Auto: 0/30
[2026-06-13 06:20:35] [QUOTA] Total: 0
0/100, Auto: 0/30
[2026-06-13 06:50:40] [QUOTA] Total: 0
0/100, Auto: 0/30
[2026-06-13 07:20:44] [QUOTA] Total: 0
0/100, Auto: 0/30
[2026-06-13 07:50:49] [QUOTA] Total: 0
0/100, Auto: 0/30
[2026-06-13 08:20:53] [QUOTA] Total: 0
0/100, Auto: 0/30
[2026-06-13 08:50:57] [QUOTA] Total: 0
0/100, Auto: 0/30
[2026-06-13 09:21:02] [QUOTA] Total: 0
0/100, Auto: 0/30
[2026-06-13 09:51:06] [QUOTA] Total: 0
0/100, Auto: 0/30
[2026-06-13 10:21:10] [QUOTA] Total: 0
0/100, Auto: 0/30
[2026-06-13 10:51:15] [QUOTA] Total: 0
0/100, Auto: 0/30
[2026-06-13 11:21:20] [QUOTA] Total: 0
0/100, Auto: 0/30
[2026-06-13 11:51:25] [QUOTA] Total: 0
0/100, Auto: 0/30
[2026-06-13 12:21:30] [QUOTA] Total: 0
0/100, Auto: 0/30
[2026-06-13 12:51:35] [QUOTA] Total: 0
0/100, Auto: 0/30
[2026-06-13 13:21:41] [QUOTA] Total: 0
0/100, Auto: 0/30
[2026-06-13 13:51:47] [QUOTA] Total: 0
0/100, Auto: 0/30
[2026-06-13 14:21:51] [QUOTA] Total: 0
0/100, Auto: 0/30
[2026-06-13 14:51:57] [QUOTA] Total: 0
0/100, Auto: 0/30
[2026-06-13 15:22:01] [QUOTA] Total: 0
0/100, Auto: 0/30
[2026-06-13 15:52:05] [QUOTA] Total: 0
0/100, Auto: 0/30
[2026-06-13 16:22:10] [QUOTA] Total: 0
0/100, Auto: 0/30
[2026-06-13 16:52:14] [QUOTA] Total: 0
0/100, Auto: 0/30
[2026-06-13 17:22:18] [QUOTA] Total: 0
0/100, Auto: 0/30
[2026-06-13 17:52:24] [QUOTA] Total: 0
0/100, Auto: 0/30
[2026-06-13 18:22:30] [QUOTA] Total: 0
0/100, Auto: 0/30
[2026-06-13 18:52:35] [QUOTA] Total: 0
0/100, Auto: 0/30
[2026-06-13 19:22:41] [QUOTA] Total: 0
0/100, Auto: 0/30
[2026-06-13 19:52:46] [QUOTA] Total: 0
0/100, Auto: 0/30
[2026-06-13 20:22:52] [QUOTA] Total: 0
0/100, Auto: 0/30
[2026-06-13 20:52:58] [QUOTA] Total: 0
0/100, Auto: 0/30
[2026-06-13 21:23:04] [QUOTA] Total: 0
0/100, Auto: 0/30
[2026-06-13 21:53:09] [QUOTA] Total: 0
0/100, Auto: 0/30
[2026-06-13 22:23:15] [QUOTA] Total: 0
0/100, Auto: 0/30
[2026-06-13 22:53:20] [QUOTA] Total: 0
0/100, Auto: 0/30
[2026-06-13 23:23:25] [QUOTA] Total: 0
0/100, Auto: 0/30
[2026-06-13 23:53:30] [QUOTA] Total: 0
0/100, Auto: 0/30
[2026-06-14 00:23:36] [QUOTA] New day — counters reset. Total: 0
0, Auto: 0
[2026-06-14 00:53:41] [QUOTA] New day — counters reset. Total: 0
0, Auto: 0
[2026-06-14 01:23:47] [QUOTA] New day — counters reset. Total: 0
0, Auto: 0
[2026-06-14 08:27:14] [QUOTA] New day — counters reset. Total: 0
0, Auto: 0
[2026-06-14 08:57:19] [QUOTA] New day — counters reset. Total: 0
0, Auto: 0
[2026-06-14 09:27:24] [QUOTA] New day — counters reset. Total: 0
0, Auto: 0
[2026-06-14 09:57:29] [QUOTA] New day — counters reset. Total: 0
0, Auto: 0
[2026-06-14 10:27:34] [QUOTA] New day — counters reset. Total: 0
0, Auto: 0
[2026-06-14 10:57:39] [QUOTA] New day — counters reset. Total: 0
0, Auto: 0
[2026-06-14 11:27:44] [QUOTA] New day — counters reset. Total: 0
0, Auto: 0
[2026-06-14 11:57:49] [QUOTA] New day — counters reset. Total: 0
0, Auto: 0
[2026-06-14 12:27:53] [QUOTA] New day — counters reset. Total: 0
0, Auto: 0
[2026-06-14 12:57:57] [QUOTA] New day — counters reset. Total: 0
0, Auto: 0
[2026-06-14 13:28:02] [QUOTA] New day — counters reset. Total: 0
0, Auto: 0
[2026-06-14 13:58:06] [QUOTA] New day — counters reset. Total: 0
0, Auto: 0
[2026-06-14 14:28:11] [QUOTA] New day — counters reset. Total: 0
0, Auto: 0
[2026-06-14 14:58:16] [QUOTA] New day — counters reset. Total: 0
0, Auto: 0
[2026-06-14 15:28:21] [QUOTA] New day — counters reset. Total: 0
0, Auto: 0
[2026-06-14 15:58:26] [QUOTA] New day — counters reset. Total: 0
0, Auto: 0
[2026-06-14 16:28:31] [QUOTA] New day — counters reset. Total: 0
0, Auto: 0
[2026-06-14 17:28:32] [QUOTA] New day — counters reset. Total: 0
0, Auto: 0
[2026-06-14 17:58:33] [QUOTA] New day — counters reset. Total: 0
0, Auto: 0
[2026-06-14 18:28:35] [QUOTA] New day — counters reset. Total: 0
0, Auto: 0
[2026-06-14 18:58:36] [QUOTA] New day — counters reset. Total: 0
0, Auto: 0
[2026-06-14 19:28:37] [QUOTA] New day — counters reset. Total: 0
0, Auto: 0
[2026-06-14 19:58:38] [QUOTA] New day — counters reset. Total: 0
0, Auto: 0
[2026-06-14 20:28:39] [QUOTA] New day — counters reset. Total: 0
0, Auto: 0
[2026-06-14 20:58:40] [QUOTA] New day — counters reset. Total: 0
0, Auto: 0
[2026-06-14 21:28:42] [QUOTA] New day — counters reset. Total: 0
0, Auto: 0
[2026-06-14 21:58:43] [QUOTA] New day — counters reset. Total: 0
0, Auto: 0
[2026-06-14 22:28:44] [QUOTA] New day — counters reset. Total: 0
0, Auto: 0
[2026-06-14 22:58:46] [QUOTA] New day — counters reset. Total: 0
0, Auto: 0
[2026-06-14 23:28:47] [QUOTA] New day — counters reset. Total: 0
0, Auto: 0
[2026-06-14 23:58:49] [QUOTA] New day — counters reset. Total: 0
0, Auto: 0
[2026-06-15 00:28:50] [QUOTA] New day — counters reset. Total: 0
0, Auto: 0
[2026-06-15 00:58:51] [QUOTA] New day — counters reset. Total: 0
0, Auto: 0
[2026-06-15 01:28:52] [QUOTA] New day — counters reset. Total: 0
0, Auto: 0
[2026-06-15 01:58:53] [QUOTA] New day — counters reset. Total: 0
0, Auto: 0
[2026-06-15 02:28:55] [QUOTA] New day — counters reset. Total: 0
0, Auto: 0
[2026-06-15 02:58:56] [QUOTA] New day — counters reset. Total: 0
0, Auto: 0
[2026-06-15 03:28:57] [QUOTA] New day — counters reset. Total: 0
0, Auto: 0
[2026-06-15 03:58:58] [QUOTA] New day — counters reset. Total: 0
0, Auto: 0
[2026-06-15 04:28:59] [QUOTA] New day — counters reset. Total: 0
0, Auto: 0
[2026-06-15 04:59:00] [QUOTA] New day — counters reset. Total: 0
0, Auto: 0
[2026-06-15 05:29:02] [QUOTA] New day — counters reset. Total: 0
0, Auto: 0
[2026-06-15 05:59:03] [QUOTA] New day — counters reset. Total: 0
0, Auto: 0
[2026-06-15 06:29:04] [QUOTA] New day — counters reset. Total: 0
0, Auto: 0
[2026-06-15 06:59:05] [QUOTA] New day — counters reset. Total: 0
0, Auto: 0
[2026-06-15 07:29:06] [QUOTA] New day — counters reset. Total: 0
0, Auto: 0
[2026-06-15 07:59:07] [QUOTA] New day — counters reset. Total: 0
0, Auto: 0
[2026-06-15 08:29:09] [QUOTA] New day — counters reset. Total: 0
0, Auto: 0
[2026-06-15 08:59:10] [QUOTA] New day — counters reset. Total: 0
0, Auto: 0
[2026-06-15 09:29:11] [QUOTA] New day — counters reset. Total: 0
0, Auto: 0
[2026-06-15 09:59:13] [QUOTA] New day — counters reset. Total: 0
0, Auto: 0
[2026-06-15 10:29:14] [QUOTA] New day — counters reset. Total: 0
0, Auto: 0
[2026-06-15 10:59:15] [QUOTA] New day — counters reset. Total: 0
0, Auto: 0
[2026-06-15 11:29:17] [QUOTA] New day — counters reset. Total: 0
0, Auto: 0
[2026-06-15 11:59:18] [QUOTA] New day — counters reset. Total: 0
0, Auto: 0
[2026-06-15 12:29:20] [QUOTA] New day — counters reset. Total: 0
0, Auto: 0
[2026-06-15 12:59:21] [QUOTA] New day — counters reset. Total: 0
0, Auto: 0
[2026-06-15 13:29:22] [QUOTA] New day — counters reset. Total: 0
0, Auto: 0
[2026-06-15 13:59:24] [QUOTA] New day — counters reset. Total: 0
0, Auto: 0
[2026-06-15 14:29:25] [QUOTA] New day — counters reset. Total: 0
0, Auto: 0
[2026-06-15 14:59:26] [QUOTA] New day — counters reset. Total: 0
0, Auto: 0
[2026-06-15 15:29:27] [QUOTA] New day — counters reset. Total: 0
0, Auto: 0
[2026-06-15 15:59:29] [QUOTA] New day — counters reset. Total: 0
0, Auto: 0
[2026-06-15 16:29:30] [QUOTA] New day — counters reset. Total: 0
0, Auto: 0
[2026-06-15 16:59:32] [QUOTA] New day — counters reset. Total: 0
0, Auto: 0
[2026-06-15 17:29:33] [QUOTA] New day — counters reset. Total: 0
0, Auto: 0
[2026-06-15 17:59:34] [QUOTA] New day — counters reset. Total: 0
0, Auto: 0
[2026-06-15 18:29:35] [QUOTA] New day — counters reset. Total: 0
0, Auto: 0
[2026-06-15 18:59:37] [QUOTA] New day — counters reset. Total: 0
0, Auto: 0
[2026-06-15 19:29:38] [QUOTA] New day — counters reset. Total: 0
0, Auto: 0
[2026-06-15 19:59:39] [QUOTA] New day — counters reset. Total: 0
0, Auto: 0
[2026-06-15 20:29:41] [QUOTA] New day — counters reset. Total: 0
0, Auto: 0
[2026-06-15 20:59:42] [QUOTA] New day — counters reset. Total: 0
0, Auto: 0
[2026-06-15 21:29:43] [QUOTA] New day — counters reset. Total: 0
0, Auto: 0
[2026-06-15 21:59:45] [QUOTA] New day — counters reset. Total: 0
0, Auto: 0
[2026-06-15 22:29:46] [QUOTA] New day — counters reset. Total: 0
0, Auto: 0
[2026-06-15 22:59:47] [QUOTA] New day — counters reset. Total: 0
0, Auto: 0
[2026-06-15 23:29:49] [QUOTA] New day — counters reset. Total: 0
0, Auto: 0
[2026-06-15 23:59:50] [QUOTA] New day — counters reset. Total: 0
0, Auto: 0
[2026-06-16 00:29:51] [QUOTA] New day — counters reset. Total: 0
0, Auto: 0
[2026-06-16 00:59:52] [QUOTA] New day — counters reset. Total: 0
0, Auto: 0
[2026-06-16 01:29:54] [QUOTA] New day — counters reset. Total: 0
0, Auto: 0
[2026-06-16 01:59:55] [QUOTA] New day — counters reset. Total: 0
0, Auto: 0
[2026-06-16 02:29:56] [QUOTA] New day — counters reset. Total: 0
0, Auto: 0
[2026-06-16 02:59:57] [QUOTA] New day — counters reset. Total: 0
0, Auto: 0
[2026-06-16 03:29:58] [QUOTA] New day — counters reset. Total: 0
0, Auto: 0
[2026-06-16 03:59:59] [QUOTA] New day — counters reset. Total: 0
0, Auto: 0
[2026-06-16 04:30:00] [QUOTA] New day — counters reset. Total: 0
0, Auto: 0
[2026-06-16 05:00:01] [QUOTA] New day — counters reset. Total: 0
0, Auto: 0
[2026-06-16 05:30:02] [QUOTA] New day — counters reset. Total: 0
0, Auto: 0
[2026-06-16 06:00:03] [QUOTA] New day — counters reset. Total: 0
0, Auto: 0
[2026-06-16 06:30:04] [QUOTA] New day — counters reset. Total: 0
0, Auto: 0
[2026-06-16 07:00:05] [QUOTA] New day — counters reset. Total: 0
0, Auto: 0
[2026-06-16 07:30:06] [QUOTA] New day — counters reset. Total: 0
0, Auto: 0
[2026-06-16 08:00:07] [QUOTA] New day — counters reset. Total: 0
0, Auto: 0
[2026-06-16 08:30:08] [QUOTA] New day — counters reset. Total: 0
0, Auto: 0
[2026-06-16 09:00:09] [QUOTA] New day — counters reset. Total: 0
0, Auto: 0
[2026-06-16 09:30:11] [QUOTA] New day — counters reset. Total: 0
0, Auto: 0
[2026-06-16 10:00:12] [QUOTA] New day — counters reset. Total: 0
0, Auto: 0
[2026-06-16 10:30:13] [QUOTA] New day — counters reset. Total: 0
0, Auto: 0
[2026-06-16 11:00:14] [QUOTA] New day — counters reset. Total: 0
0, Auto: 0
[2026-06-16 11:30:15] [QUOTA] New day — counters reset. Total: 0
0, Auto: 0
[2026-06-16 12:00:17] [QUOTA] New day — counters reset. Total: 0
0, Auto: 0
[2026-06-16 12:30:18] [QUOTA] New day — counters reset. Total: 0
0, Auto: 0
[2026-06-16 13:00:19] [QUOTA] New day — counters reset. Total: 0
0, Auto: 0
[2026-06-16 13:30:20] [QUOTA] New day — counters reset. Total: 0
0, Auto: 0
[2026-06-16 14:00:21] [QUOTA] New day — counters reset. Total: 0
0, Auto: 0
[2026-06-16 14:30:22] [QUOTA] New day — counters reset. Total: 0
0, Auto: 0
[2026-06-16 15:00:24] [QUOTA] New day — counters reset. Total: 0
0, Auto: 0
[2026-06-16 15:30:25] [QUOTA] New day — counters reset. Total: 0
0, Auto: 0
[2026-06-16 16:00:26] [QUOTA] New day — counters reset. Total: 0
0, Auto: 0
[2026-06-16 16:30:28] [QUOTA] New day — counters reset. Total: 0
0, Auto: 0
[2026-06-16 17:00:29] [QUOTA] New day — counters reset. Total: 0
0, Auto: 0
[2026-06-16 17:30:30] [QUOTA] New day — counters reset. Total: 0
0, Auto: 0
[2026-06-16 18:00:31] [QUOTA] New day — counters reset. Total: 0
0, Auto: 0
[2026-06-16 18:30:32] [QUOTA] New day — counters reset. Total: 0
0, Auto: 0
[2026-06-16 19:00:42] [QUOTA] New day — counters reset. Total: 0
0, Auto: 0
[2026-06-16 19:30:43] [QUOTA] New day — counters reset. Total: 0
0, Auto: 0
[2026-06-16 20:00:46] [QUOTA] New day — counters reset. Total: 0
0, Auto: 0
[2026-06-16 20:30:47] [QUOTA] New day — counters reset. Total: 0
0, Auto: 0
[2026-06-16 21:00:48] [QUOTA] New day — counters reset. Total: 0
0, Auto: 0
[2026-06-16 21:30:49] [QUOTA] New day — counters reset. Total: 0
0, Auto: 0
[2026-06-16 22:00:51] [QUOTA] New day — counters reset. Total: 0
0, Auto: 0
[2026-06-16 23:33:15] [QUOTA] New day — counters reset. Total: 0
0, Auto: 0
[2026-06-17 00:03:16] [QUOTA] New day — counters reset. Total: 0, Auto: 0
[2026-06-17 00:33:17] [QUOTA] Total: 0
0/100, Auto: 0/30
[2026-06-17 01:03:18] [QUOTA] Total: 0
0/100, Auto: 0/30
[2026-06-17 01:33:19] [QUOTA] Total: 0
0/100, Auto: 0/30
[2026-06-17 02:03:20] [QUOTA] Total: 0
0/100, Auto: 0/30
[2026-06-17 02:33:21] [QUOTA] Total: 0
0/100, Auto: 0/30
[2026-06-17 03:03:22] [QUOTA] Total: 0
0/100, Auto: 0/30
[2026-06-17 03:33:23] [QUOTA] Total: 0
0/100, Auto: 0/30
[2026-06-17 04:03:24] [QUOTA] Total: 0
0/100, Auto: 0/30
[2026-06-17 04:33:26] [QUOTA] Total: 0
0/100, Auto: 0/30
[2026-06-17 05:03:28] [QUOTA] Total: 0
0/100, Auto: 0/30
[2026-06-17 05:33:29] [QUOTA] Total: 0
0/100, Auto: 0/30
[2026-06-17 06:03:30] [QUOTA] Total: 0
0/100, Auto: 0/30
[2026-06-17 06:33:31] [QUOTA] Total: 0
0/100, Auto: 0/30
[2026-06-17 07:03:33] [QUOTA] Total: 0
0/100, Auto: 0/30
[2026-06-17 07:33:34] [QUOTA] Total: 0
0/100, Auto: 0/30
[2026-06-17 08:03:35] [QUOTA] Total: 0
0/100, Auto: 0/30
[2026-06-17 08:33:36] [QUOTA] Total: 0
0/100, Auto: 0/30
[2026-06-17 09:03:37] [QUOTA] Total: 0
0/100, Auto: 0/30
[2026-06-17 09:33:38] [QUOTA] Total: 0
0/100, Auto: 0/30
[2026-06-17 10:03:39] [QUOTA] Total: 0
0/100, Auto: 0/30
[2026-06-17 10:33:41] [QUOTA] Total: 0
0/100, Auto: 0/30
[2026-06-17 11:03:43] [QUOTA] Total: 0
0/100, Auto: 0/30
[2026-06-17 11:33:44] [QUOTA] Total: 0
0/100, Auto: 0/30
[2026-06-17 12:03:45] [QUOTA] Total: 0
0/100, Auto: 0/30
[2026-06-17 12:33:46] [QUOTA] Total: 0
0/100, Auto: 0/30
[2026-06-17 13:03:48] [QUOTA] Total: 0
0/100, Auto: 0/30
[2026-06-17 13:33:49] [QUOTA] Total: 0
0/100, Auto: 0/30
[2026-06-17 14:03:50] [QUOTA] Total: 0
0/100, Auto: 0/30
[2026-06-17 14:33:52] [QUOTA] Total: 0
0/100, Auto: 0/30
[2026-06-17 15:03:53] [QUOTA] Total: 0
0/100, Auto: 0/30
[2026-06-17 15:33:54] [QUOTA] Total: 0
0/100, Auto: 0/30
[2026-06-17 16:03:55] [QUOTA] Total: 0
0/100, Auto: 0/30
[2026-06-17 16:33:56] [QUOTA] Total: 0
0/100, Auto: 0/30
[2026-06-17 17:03:58] [QUOTA] Total: 0
0/100, Auto: 0/30
[2026-06-17 17:33:59] [QUOTA] Total: 0
0/100, Auto: 0/30
[2026-06-17 18:04:00] [QUOTA] Total: 0
0/100, Auto: 0/30
[2026-06-17 18:34:01] [QUOTA] Total: 0
0/100, Auto: 0/30
[2026-06-17 19:04:03] [QUOTA] Total: 0
0/100, Auto: 0/30
[2026-06-17 19:34:04] [QUOTA] Total: 0
0/100, Auto: 0/30
[2026-06-17 20:04:05] [QUOTA] Total: 0
0/100, Auto: 0/30
[2026-06-17 20:34:06] [QUOTA] Total: 0
0/100, Auto: 0/30
[2026-06-17 21:04:08] [QUOTA] Total: 0
0/100, Auto: 0/30
[2026-06-17 21:34:09] [QUOTA] Total: 0
0/100, Auto: 0/30
[2026-06-17 22:04:10] [QUOTA] Total: 0
0/100, Auto: 0/30
[2026-06-17 22:34:11] [QUOTA] Total: 0
0/100, Auto: 0/30
[2026-06-17 23:04:13] [QUOTA] Total: 0
0/100, Auto: 0/30
[2026-06-17 23:34:14] [QUOTA] Total: 0
0/100, Auto: 0/30
[2026-06-18 00:04:15] [QUOTA] New day — counters reset. Total: 0, Auto: 0
[2026-06-18 00:34:16] [QUOTA] Total: 0
0/100, Auto: 0/30
[2026-06-18 01:37:46] [QUOTA] Total: 0
0/100, Auto: 0/30
[2026-06-18 02:07:47] [QUOTA] Total: 0
0/100, Auto: 0/30
[2026-06-18 02:37:50] [QUOTA] Total: 0
0/100, Auto: 0/30
[2026-06-18 03:07:51] [QUOTA] Total: 0
0/100, Auto: 0/30
[2026-06-18 03:37:52] [QUOTA] Total: 0
0/100, Auto: 0/30
[2026-06-18 04:07:53] [QUOTA] Total: 0
0/100, Auto: 0/30
[2026-06-18 04:37:54] [QUOTA] Total: 0
0/100, Auto: 0/30
[2026-06-18 05:07:55] [QUOTA] Total: 0
0/100, Auto: 0/30
[2026-06-18 05:37:56] [QUOTA] Total: 0
0/100, Auto: 0/30
[2026-06-18 06:07:57] [QUOTA] Total: 0
0/100, Auto: 0/30
[2026-06-18 06:37:58] [QUOTA] Total: 0
0/100, Auto: 0/30
[2026-06-18 07:08:00] [QUOTA] Total: 0
0/100, Auto: 0/30
[2026-06-18 07:38:01] [QUOTA] Total: 0
0/100, Auto: 0/30
[2026-06-18 08:08:02] [QUOTA] Total: 0
0/100, Auto: 0/30
[2026-06-18 08:38:03] [QUOTA] Total: 0
0/100, Auto: 0/30
[2026-06-18 09:08:04] [QUOTA] Total: 0
0/100, Auto: 0/30
[2026-06-18 09:38:06] [QUOTA] Total: 0
0/100, Auto: 0/30
[2026-06-18 10:08:07] [QUOTA] Total: 0
0/100, Auto: 0/30
[2026-06-18 10:38:08] [QUOTA] Total: 0
0/100, Auto: 0/30
[2026-06-18 11:08:10] [QUOTA] Total: 0
0/100, Auto: 0/30
[2026-06-18 11:38:11] [QUOTA] Total: 0
0/100, Auto: 0/30
[2026-06-18 12:08:12] [QUOTA] Total: 0
0/100, Auto: 0/30
[2026-06-18 12:38:22] [QUOTA] Total: 2/100, Auto: 2/30
[2026-06-18 13:08:33] [QUOTA] Total: 2/100, Auto: 2/30
[2026-06-18 13:38:43] [QUOTA] Total: 2/100, Auto: 2/30
[2026-06-18 15:09:29] [QUOTA] Total: 2/100, Auto: 2/30
[2026-06-18 15:39:43] [QUOTA] Total: 2/100, Auto: 2/30
[2026-06-19 10:45:59] [QUOTA] New day — counters reset. Total: 8, Auto: 8
[2026-06-19 11:16:18] [QUOTA] Total: 8/100, Auto: 8/30
[2026-06-19 11:46:44] [QUOTA] Total: 8/100, Auto: 8/30
[2026-06-19 12:17:01] [QUOTA] Total: 8/100, Auto: 8/30
[2026-06-19 12:47:23] [QUOTA] Total: 8/100, Auto: 8/30
[2026-06-19 13:17:43] [QUOTA] Total: 8/100, Auto: 8/30
[2026-06-19 13:48:02] [QUOTA] Total: 8/100, Auto: 8/30
[2026-06-19 14:18:22] [QUOTA] Total: 8/100, Auto: 8/30
[2026-06-19 14:48:48] [QUOTA] Total: 8/100, Auto: 8/30
[2026-06-19 15:48:56] [QUOTA] Total: 8/100, Auto: 8/30
[2026-06-19 16:19:02] [QUOTA] Total: 8/100, Auto: 8/30
[2026-06-19 16:49:08] [QUOTA] Total: 8/100, Auto: 8/30
[2026-06-19 17:19:14] [QUOTA] Total: 8/100, Auto: 8/30
[2026-06-19 17:49:19] [QUOTA] Total: 8/100, Auto: 8/30
[2026-06-19 18:19:25] [QUOTA] Total: 8/100, Auto: 8/30
[2026-06-19 18:49:30] [QUOTA] Total: 8/100, Auto: 8/30
[2026-06-19 19:19:35] [QUOTA] Total: 8/100, Auto: 8/30
[2026-06-19 19:49:40] [QUOTA] Total: 8/100, Auto: 8/30
[2026-06-19 20:19:46] [QUOTA] Total: 8/100, Auto: 8/30
[2026-06-19 20:49:52] [QUOTA] Total: 8/100, Auto: 8/30
[2026-06-19 21:19:58] [QUOTA] Total: 8/100, Auto: 8/30
[2026-06-19 21:50:05] [QUOTA] Total: 8/100, Auto: 8/30
[2026-06-19 22:20:11] [QUOTA] Total: 8/100, Auto: 8/30
[2026-06-19 22:50:17] [QUOTA] Total: 8/100, Auto: 8/30
[2026-06-19 23:20:23] [QUOTA] Total: 8/100, Auto: 8/30
[2026-06-19 23:50:29] [QUOTA] Total: 8/100, Auto: 8/30
[2026-06-20 00:20:43] [QUOTA] New day — counters reset. Total: 0
0, Auto: 0
[2026-06-20 00:50:51] [QUOTA] New day — counters reset. Total: 0
0, Auto: 0
[2026-06-20 01:20:57] [QUOTA] New day — counters reset. Total: 0
0, Auto: 0
[2026-06-20 01:51:03] [QUOTA] New day — counters reset. Total: 0
0, Auto: 0
[2026-06-20 02:21:08] [QUOTA] New day — counters reset. Total: 0
0, Auto: 0
[2026-06-20 02:51:14] [QUOTA] New day — counters reset. Total: 0
0, Auto: 0
[2026-06-20 03:21:20] [QUOTA] New day — counters reset. Total: 0
0, Auto: 0
[2026-06-20 03:51:25] [QUOTA] New day — counters reset. Total: 0
0, Auto: 0
[2026-06-20 04:21:31] [QUOTA] New day — counters reset. Total: 0
0, Auto: 0
[2026-06-20 04:51:37] [QUOTA] New day — counters reset. Total: 0
0, Auto: 0
[2026-06-20 05:21:42] [QUOTA] New day — counters reset. Total: 0
0, Auto: 0
[2026-06-20 05:51:48] [QUOTA] New day — counters reset. Total: 0
0, Auto: 0
[2026-06-20 06:21:53] [QUOTA] New day — counters reset. Total: 0
0, Auto: 0
[2026-06-20 06:51:59] [QUOTA] New day — counters reset. Total: 0
0, Auto: 0
[2026-06-20 07:22:05] [QUOTA] New day — counters reset. Total: 0
0, Auto: 0
[2026-06-20 07:52:11] [QUOTA] New day — counters reset. Total: 0
0, Auto: 0
[2026-06-20 08:22:17] [QUOTA] New day — counters reset. Total: 0
0, Auto: 0
[2026-06-20 08:52:22] [QUOTA] New day — counters reset. Total: 0
0, Auto: 0
[2026-06-20 09:22:28] [QUOTA] New day — counters reset. Total: 0
0, Auto: 0
[2026-06-20 09:52:33] [QUOTA] New day — counters reset. Total: 0
0, Auto: 0
[2026-06-20 10:22:39] [QUOTA] New day — counters reset. Total: 0
0, Auto: 0
[2026-06-20 10:52:45] [QUOTA] New day — counters reset. Total: 0
0, Auto: 0
[2026-06-20 11:22:52] [QUOTA] New day — counters reset. Total: 0
0, Auto: 0
[2026-06-20 11:52:58] [QUOTA] New day — counters reset. Total: 0
0, Auto: 0
[2026-06-20 12:23:03] [QUOTA] New day — counters reset. Total: 0
0, Auto: 0
[2026-06-20 12:53:10] [QUOTA] New day — counters reset. Total: 0
0, Auto: 0
[2026-06-20 13:23:16] [QUOTA] New day — counters reset. Total: 0
0, Auto: 0
[2026-06-20 13:53:22] [QUOTA] New day — counters reset. Total: 0
0, Auto: 0
[2026-06-20 14:23:28] [QUOTA] New day — counters reset. Total: 0
0, Auto: 0
[2026-06-20 14:53:35] [QUOTA] New day — counters reset. Total: 0
0, Auto: 0
[2026-06-20 15:23:41] [QUOTA] New day — counters reset. Total: 0
0, Auto: 0
[2026-06-20 15:53:47] [QUOTA] New day — counters reset. Total: 0
0, Auto: 0
[2026-06-20 16:23:53] [QUOTA] New day — counters reset. Total: 0
0, Auto: 0
[2026-06-20 16:53:58] [QUOTA] New day — counters reset. Total: 0
0, Auto: 0
[2026-06-20 17:24:04] [QUOTA] New day — counters reset. Total: 0
0, Auto: 0
[2026-06-20 17:54:10] [QUOTA] New day — counters reset. Total: 0
0, Auto: 0
[2026-06-20 18:24:16] [QUOTA] New day — counters reset. Total: 0
0, Auto: 0
[2026-06-20 18:54:22] [QUOTA] New day — counters reset. Total: 0
0, Auto: 0
[2026-06-20 19:24:28] [QUOTA] New day — counters reset. Total: 0
0, Auto: 0
[2026-06-20 19:54:34] [QUOTA] New day — counters reset. Total: 0
0, Auto: 0
[2026-06-20 20:43:20] [QUOTA] New day — counters reset. Total: 0
0, Auto: 0
[2026-06-20 21:13:23] [QUOTA] New day — counters reset. Total: 0
0, Auto: 0
[2026-06-20 21:43:25] [QUOTA] New day — counters reset. Total: 0
0, Auto: 0
[2026-06-20 22:13:27] [QUOTA] New day — counters reset. Total: 0
0, Auto: 0
[2026-06-20 22:43:30] [QUOTA] New day — counters reset. Total: 0
0, Auto: 0
[2026-06-20 23:13:32] [QUOTA] New day — counters reset. Total: 0
0, Auto: 0
[2026-06-20 23:43:35] [QUOTA] New day — counters reset. Total: 0
0, Auto: 0
[2026-06-21 00:13:38] [QUOTA] New day — counters reset. Total: 0
0, Auto: 0
[2026-06-21 00:43:40] [QUOTA] New day — counters reset. Total: 0
0, Auto: 0
[2026-06-21 01:13:42] [QUOTA] New day — counters reset. Total: 0
0, Auto: 0
[2026-06-21 01:43:46] [QUOTA] New day — counters reset. Total: 0
0, Auto: 0
[2026-06-21 02:13:48] [QUOTA] New day — counters reset. Total: 0
0, Auto: 0
[2026-06-21 02:43:50] [QUOTA] New day — counters reset. Total: 0
0, Auto: 0
[2026-06-21 03:13:52] [QUOTA] New day — counters reset. Total: 0
0, Auto: 0
