[2026-06-04 15:51:48 UTC] Stall detector: OK — no stale tasks
[2026-06-04 15:57:57 UTC] Stall detector: reset 1 task(s)
  RESET task-stall-test-001: STALENESS TEST — should be auto-reset — stale 45 min
[2026-06-04 16:04:58 UTC] Stall detector: OK — no stale tasks
[2026-06-04 16:15:27 UTC] Stall detector: OK — no stale tasks
[2026-06-04 17:00:17 UTC] Stall detector: OK — no stale tasks
[2026-06-04 17:15:34 UTC] Stall detector: OK — no stale tasks
[2026-06-05 18:01:33 UTC] Stall detector: OK — no stale tasks
[2026-06-05 18:02:10 UTC] Stall detector: OK — no stale tasks
[2026-06-06 20:42:54 UTC] Stall detector: OK — no stale tasks
[2026-06-06 21:12:56 UTC] Stall detector: OK — no stale tasks
[2026-06-06 21:42:58 UTC] Stall detector: OK — no stale tasks
[2026-06-06 22:13:00 UTC] Stall detector: OK — no stale tasks
[2026-06-06 22:43:02 UTC] Stall detector: OK — no stale tasks
[2026-06-06 23:13:04 UTC] Stall detector: reset 4 task(s)
  RESET task-split-framework-001: Split FRAMEWORK.md into docs/ folder structure — stale 32 min
  RESET task-be03dff8: Runbook Evolution — stale 32 min
  RESET task-browser-auto-001: Browser automation testing — stale 32 min
  RESET task-inc-filters-001: Make Incidents page filters clickable — stale 32 min
[2026-06-06 23:43:05 UTC] Stall detector: OK — no stale tasks
[2026-06-07 00:13:07 UTC] Stall detector: OK — no stale tasks
[2026-06-07 00:43:08 UTC] Stall detector: OK — no stale tasks
[2026-06-07 01:13:10 UTC] Stall detector: OK — no stale tasks
[2026-06-07 01:43:12 UTC] Stall detector: OK — no stale tasks
[2026-06-07 02:13:13 UTC] Stall detector: OK — no stale tasks
[2026-06-07 02:43:15 UTC] Stall detector: OK — no stale tasks
[2026-06-07 03:13:16 UTC] Stall detector: OK — no stale tasks
[2026-06-07 03:43:18 UTC] Stall detector: OK — no stale tasks
[2026-06-07 04:13:19 UTC] Stall detector: OK — no stale tasks
[2026-06-07 04:43:21 UTC] Stall detector: OK — no stale tasks
[2026-06-07 05:13:23 UTC] Stall detector: OK — no stale tasks
[2026-06-07 05:43:24 UTC] Stall detector: OK — no stale tasks
[2026-06-07 06:13:26 UTC] Stall detector: OK — no stale tasks
[2026-06-07 06:48:42 UTC] Stall detector: OK — no stale tasks
[2026-06-07 06:59:43 UTC] Stall detector: OK — no stale tasks
[2026-06-07 07:13:28 UTC] Stall detector: OK — no stale tasks
[2026-06-07 07:43:28 UTC] Stall detector: OK — no stale tasks
[2026-06-07 08:13:28 UTC] Stall detector: OK — no stale tasks
[2026-06-07 08:43:29 UTC] Stall detector: OK — no stale tasks
[2026-06-07 09:13:29 UTC] Stall detector: OK — no stale tasks
[2026-06-07 09:43:29 UTC] Stall detector: OK — no stale tasks
[2026-06-07 10:13:30 UTC] Stall detector: OK — no stale tasks
[2026-06-07 10:43:30 UTC] Stall detector: OK — no stale tasks
[2026-06-07 11:13:30 UTC] Stall detector: OK — no stale tasks
[2026-06-07 11:43:31 UTC] Stall detector: OK — no stale tasks
[2026-06-07 11:47:28 UTC] Stall detector: OK — no stale tasks
[2026-06-07 12:23:49 UTC] Stall detector: OK — no stale tasks
[2026-06-07 12:27:52 UTC] Stall detector: OK — no stale tasks
[2026-06-07 12:43:31 UTC] Stall detector: OK — no stale tasks
[2026-06-07 13:13:33 UTC] Stall detector: OK — no stale tasks
[2026-06-07 13:43:33 UTC] Stall detector: OK — no stale tasks
[2026-06-07 14:13:34 UTC] Stall detector: OK — no stale tasks
[2026-06-07 14:43:34 UTC] Stall detector: OK — no stale tasks
[2026-06-07 15:13:34 UTC] Stall detector: OK — no stale tasks
[2026-06-07 15:43:35 UTC] Stall detector: OK — no stale tasks
[2026-06-07 16:13:35 UTC] Stall detector: OK — no stale tasks
[2026-06-07 16:43:36 UTC] Stall detector: OK — no stale tasks
[2026-06-07 17:13:36 UTC] Stall detector: OK — no stale tasks
[2026-06-07 17:43:36 UTC] Stall detector: OK — no stale tasks
[2026-06-07 18:13:37 UTC] Stall detector: OK — no stale tasks
[2026-06-07 18:43:37 UTC] Stall detector: OK — no stale tasks
[2026-06-07 19:13:40 UTC] Stall detector: OK — no stale tasks
[2026-06-07 19:43:42 UTC] Stall detector: OK — no stale tasks
[2026-06-07 20:13:45 UTC] Stall detector: OK — no stale tasks
[2026-06-07 20:43:47 UTC] Stall detector: OK — no stale tasks
[2026-06-07 21:13:49 UTC] Stall detector: OK — no stale tasks
[2026-06-07 21:43:51 UTC] Stall detector: OK — no stale tasks
[2026-06-07 22:13:53 UTC] Stall detector: OK — no stale tasks
[2026-06-07 22:43:56 UTC] Stall detector: OK — no stale tasks
[2026-06-07 23:13:57 UTC] Stall detector: OK — no stale tasks
[2026-06-07 23:43:59 UTC] Stall detector: OK — no stale tasks
[2026-06-08 00:14:01 UTC] Stall detector: OK — no stale tasks
[2026-06-08 00:44:03 UTC] Stall detector: OK — no stale tasks
[2026-06-08 01:14:05 UTC] Stall detector: OK — no stale tasks
[2026-06-08 01:44:08 UTC] Stall detector: OK — no stale tasks
[2026-06-08 02:14:10 UTC] Stall detector: OK — no stale tasks
[2026-06-08 02:44:12 UTC] Stall detector: OK — no stale tasks
[2026-06-08 03:14:14 UTC] Stall detector: OK — no stale tasks
[2026-06-08 03:44:16 UTC] Stall detector: OK — no stale tasks
[2026-06-08 04:14:18 UTC] Stall detector: OK — no stale tasks
[2026-06-08 04:44:21 UTC] Stall detector: OK — no stale tasks
[2026-06-08 05:14:23 UTC] Stall detector: OK — no stale tasks
[2026-06-08 05:44:25 UTC] Stall detector: OK — no stale tasks
[2026-06-08 06:14:28 UTC] Stall detector: OK — no stale tasks
[2026-06-08 06:44:30 UTC] Stall detector: OK — no stale tasks
[2026-06-08 07:14:32 UTC] Stall detector: OK — no stale tasks
[2026-06-08 07:44:36 UTC] Stall detector: OK — no stale tasks
[2026-06-08 08:14:38 UTC] Stall detector: OK — no stale tasks
[2026-06-08 08:44:40 UTC] Stall detector: OK — no stale tasks
[2026-06-08 09:14:42 UTC] Stall detector: OK — no stale tasks
[2026-06-08 09:44:45 UTC] Stall detector: OK — no stale tasks
[2026-06-08 10:14:47 UTC] Stall detector: OK — no stale tasks
[2026-06-08 10:44:49 UTC] Stall detector: OK — no stale tasks
[2026-06-08 11:14:52 UTC] Stall detector: OK — no stale tasks
[2026-06-08 11:44:54 UTC] Stall detector: OK — no stale tasks
[2026-06-08 12:14:57 UTC] Stall detector: OK — no stale tasks
[2026-06-08 12:44:59 UTC] Stall detector: OK — no stale tasks
[2026-06-08 13:15:00 UTC] Stall detector: OK — no stale tasks
[2026-06-08 13:45:02 UTC] Stall detector: OK — no stale tasks
[2026-06-08 14:15:04 UTC] Stall detector: OK — no stale tasks
[2026-06-08 14:45:06 UTC] Stall detector: OK — no stale tasks
[2026-06-08 15:15:08 UTC] Stall detector: OK — no stale tasks
[2026-06-08 15:45:10 UTC] Stall detector: OK — no stale tasks
[2026-06-08 16:15:12 UTC] Stall detector: OK — no stale tasks
[2026-06-08 16:45:15 UTC] Stall detector: OK — no stale tasks
[2026-06-08 17:15:17 UTC] Stall detector: OK — no stale tasks
[2026-06-08 17:45:19 UTC] Stall detector: OK — no stale tasks
[2026-06-08 18:15:21 UTC] Stall detector: OK — no stale tasks
[2026-06-08 18:45:24 UTC] Stall detector: OK — no stale tasks
[2026-06-08 19:15:26 UTC] Stall detector: reset 2 task(s)
  RESET task-INC-104-act-929626: [Dispatch] Verify resolution — stale 99999 min
  RESET task-INC-104-act-732910: [Dispatch] Apply fix — stale 99999 min
[2026-06-08 19:45:27 UTC] Stall detector: cleared 2 task(s)
  CLEARED task-INC-104-act-929626: stalledAt removed after 30 min in backlog
  CLEARED task-INC-104-act-732910: stalledAt removed after 30 min in backlog
[2026-06-08 20:15:30 UTC] Stall detector: cleared 1 task(s)
  CLEARED task-be03dff8: stalledAt removed after 32 min in backlog
[2026-06-08 20:45:32 UTC] Stall detector: OK — no stale tasks
[2026-06-08 21:15:34 UTC] Stall detector: OK — no stale tasks
[2026-06-08 21:45:36 UTC] Stall detector: OK — no stale tasks
[2026-06-08 22:15:38 UTC] Stall detector: OK — no stale tasks
[2026-06-08 22:45:40 UTC] Stall detector: OK — no stale tasks
[2026-06-08 23:15:42 UTC] Stall detector: OK — no stale tasks
[2026-06-08 23:45:44 UTC] Stall detector: OK — no stale tasks
[2026-06-09 00:15:47 UTC] Stall detector: OK — no stale tasks
[2026-06-09 00:45:49 UTC] Stall detector: OK — no stale tasks
[2026-06-09 01:15:51 UTC] Stall detector: OK — no stale tasks
[2026-06-09 01:45:53 UTC] Stall detector: OK — no stale tasks
[2026-06-09 02:15:55 UTC] Stall detector: OK — no stale tasks
[2026-06-09 02:45:57 UTC] Stall detector: OK — no stale tasks
[2026-06-09 03:15:59 UTC] Stall detector: OK — no stale tasks
[2026-06-09 03:46:00 UTC] Stall detector: OK — no stale tasks
[2026-06-09 04:16:02 UTC] Stall detector: OK — no stale tasks
[2026-06-09 04:46:05 UTC] Stall detector: OK — no stale tasks
[2026-06-09 05:16:07 UTC] Stall detector: OK — no stale tasks
[2026-06-09 05:46:09 UTC] Stall detector: OK — no stale tasks
[2026-06-09 06:16:10 UTC] Stall detector: OK — no stale tasks
[2026-06-09 06:46:11 UTC] Stall detector: OK — no stale tasks
[2026-06-09 07:16:11 UTC] Stall detector: OK — no stale tasks
[2026-06-09 07:46:11 UTC] Stall detector: OK — no stale tasks
[2026-06-09 08:16:12 UTC] Stall detector: cleared 1 task(s)
  CLEARED task-be03dff8: stalledAt removed after 50 min in backlog
[2026-06-09 08:46:12 UTC] Stall detector: OK — no stale tasks
[2026-06-09 09:16:12 UTC] Stall detector: OK — no stale tasks
[2026-06-09 09:46:13 UTC] Stall detector: OK — no stale tasks
[2026-06-09 10:16:13 UTC] Stall detector: OK — no stale tasks
[2026-06-09 10:46:14 UTC] Stall detector: OK — no stale tasks
[2026-06-09 11:16:14 UTC] Stall detector: OK — no stale tasks
[2026-06-09 11:46:14 UTC] Stall detector: OK — no stale tasks
[2026-06-09 12:16:15 UTC] Stall detector: OK — no stale tasks
[2026-06-09 12:46:15 UTC] Stall detector: OK — no stale tasks
[2026-06-09 13:16:15 UTC] Stall detector: OK — no stale tasks
[2026-06-09 13:46:16 UTC] Stall detector: OK — no stale tasks
[2026-06-09 14:16:16 UTC] Stall detector: OK — no stale tasks
[2026-06-09 14:46:16 UTC] Stall detector: OK — no stale tasks
[2026-06-09 15:16:17 UTC] Stall detector: OK — no stale tasks
[2026-06-09 15:46:17 UTC] Stall detector: OK — no stale tasks
[2026-06-09 16:16:18 UTC] Stall detector: OK — no stale tasks
[2026-06-09 16:46:18 UTC] Stall detector: OK — no stale tasks
[2026-06-09 17:16:18 UTC] Stall detector: OK — no stale tasks
[2026-06-09 17:46:19 UTC] Stall detector: OK — no stale tasks
[2026-06-09 18:16:27 UTC] Stall detector: OK — no stale tasks
[2026-06-09 18:46:28 UTC] Stall detector: OK — no stale tasks
[2026-06-09 19:16:28 UTC] Stall detector: OK — no stale tasks
[2026-06-09 19:46:29 UTC] Stall detector: OK — no stale tasks
[2026-06-09 20:16:29 UTC] Stall detector: OK — no stale tasks
[2026-06-09 20:46:29 UTC] Stall detector: OK — no stale tasks
[2026-06-09 21:16:30 UTC] Stall detector: OK — no stale tasks
[2026-06-09 21:46:30 UTC] Stall detector: OK — no stale tasks
[2026-06-09 22:16:30 UTC] Stall detector: OK — no stale tasks
[2026-06-09 22:46:31 UTC] Stall detector: OK — no stale tasks
[2026-06-09 23:16:31 UTC] Stall detector: OK — no stale tasks
[2026-06-09 23:46:31 UTC] Stall detector: OK — no stale tasks
[2026-06-10 00:16:32 UTC] Stall detector: OK — no stale tasks
[2026-06-10 00:46:32 UTC] Stall detector: OK — no stale tasks
[2026-06-10 01:16:32 UTC] Stall detector: OK — no stale tasks
[2026-06-10 01:46:33 UTC] Stall detector: OK — no stale tasks
[2026-06-10 02:16:33 UTC] Stall detector: OK — no stale tasks
[2026-06-10 02:46:33 UTC] Stall detector: OK — no stale tasks
[2026-06-10 03:16:34 UTC] Stall detector: OK — no stale tasks
[2026-06-10 03:46:34 UTC] Stall detector: OK — no stale tasks
[2026-06-10 04:16:35 UTC] Stall detector: OK — no stale tasks
[2026-06-10 04:46:35 UTC] Stall detector: OK — no stale tasks
[2026-06-10 05:16:35 UTC] Stall detector: OK — no stale tasks
[2026-06-10 05:46:36 UTC] Stall detector: OK — no stale tasks
[2026-06-10 06:16:36 UTC] Stall detector: OK — no stale tasks
[2026-06-10 06:46:37 UTC] Stall detector: OK — no stale tasks
[2026-06-10 07:16:37 UTC] Stall detector: OK — no stale tasks
[2026-06-10 07:46:37 UTC] Stall detector: OK — no stale tasks
[2026-06-10 08:16:38 UTC] Stall detector: OK — no stale tasks
[2026-06-10 08:46:38 UTC] Stall detector: OK — no stale tasks
[2026-06-10 09:16:39 UTC] Stall detector: OK — no stale tasks
[2026-06-10 09:46:39 UTC] Stall detector: OK — no stale tasks
[2026-06-10 10:16:39 UTC] Stall detector: OK — no stale tasks
[2026-06-10 10:46:40 UTC] Stall detector: OK — no stale tasks
[2026-06-10 11:16:40 UTC] Stall detector: OK — no stale tasks
[2026-06-10 11:46:41 UTC] Stall detector: OK — no stale tasks
[2026-06-10 12:16:41 UTC] Stall detector: OK — no stale tasks
[2026-06-10 12:46:42 UTC] Stall detector: OK — no stale tasks
[2026-06-10 13:16:42 UTC] Stall detector: OK — no stale tasks
[2026-06-10 13:46:43 UTC] Stall detector: OK — no stale tasks
[2026-06-10 14:16:43 UTC] Stall detector: OK — no stale tasks
[2026-06-10 14:46:43 UTC] Stall detector: OK — no stale tasks
[2026-06-10 15:16:44 UTC] Stall detector: OK — no stale tasks
[2026-06-10 15:46:44 UTC] Stall detector: OK — no stale tasks
[2026-06-10 16:16:44 UTC] Stall detector: OK — no stale tasks
[2026-06-10 16:46:45 UTC] Stall detector: OK — no stale tasks
[2026-06-10 17:16:45 UTC] Stall detector: OK — no stale tasks
[2026-06-10 17:46:45 UTC] Stall detector: OK — no stale tasks
[2026-06-10 18:16:45 UTC] Stall detector: OK — no stale tasks
[2026-06-10 18:46:46 UTC] Stall detector: OK — no stale tasks
[2026-06-10 19:16:46 UTC] Stall detector: OK — no stale tasks
[2026-06-10 19:46:47 UTC] Stall detector: OK — no stale tasks
[2026-06-10 20:16:47 UTC] Stall detector: OK — no stale tasks
[2026-06-10 20:46:47 UTC] Stall detector: OK — no stale tasks
[2026-06-10 21:16:48 UTC] Stall detector: OK — no stale tasks
[2026-06-10 21:46:48 UTC] Stall detector: OK — no stale tasks
[2026-06-10 22:16:48 UTC] Stall detector: OK — no stale tasks
[2026-06-10 22:46:49 UTC] Stall detector: OK — no stale tasks
[2026-06-10 23:16:49 UTC] Stall detector: OK — no stale tasks
[2026-06-10 23:46:49 UTC] Stall detector: OK — no stale tasks
[2026-06-11 00:16:50 UTC] Stall detector: OK — no stale tasks
[2026-06-11 00:46:50 UTC] Stall detector: OK — no stale tasks
[2026-06-11 01:16:50 UTC] Stall detector: OK — no stale tasks
[2026-06-11 01:46:51 UTC] Stall detector: OK — no stale tasks
[2026-06-11 02:16:51 UTC] Stall detector: OK — no stale tasks
[2026-06-11 02:46:51 UTC] Stall detector: OK — no stale tasks
[2026-06-11 03:16:52 UTC] Stall detector: OK — no stale tasks
[2026-06-11 03:46:52 UTC] Stall detector: OK — no stale tasks
[2026-06-11 04:16:53 UTC] Stall detector: OK — no stale tasks
[2026-06-11 04:46:53 UTC] Stall detector: OK — no stale tasks
[2026-06-11 05:16:53 UTC] Stall detector: OK — no stale tasks
[2026-06-11 05:46:53 UTC] Stall detector: OK — no stale tasks
[2026-06-11 06:16:54 UTC] Stall detector: OK — no stale tasks
[2026-06-11 06:46:54 UTC] Stall detector: OK — no stale tasks
[2026-06-11 07:16:55 UTC] Stall detector: OK — no stale tasks
[2026-06-11 07:46:55 UTC] Stall detector: OK — no stale tasks
[2026-06-11 08:16:55 UTC] Stall detector: OK — no stale tasks
[2026-06-11 08:46:56 UTC] Stall detector: OK — no stale tasks
[2026-06-11 09:16:56 UTC] Stall detector: OK — no stale tasks
[2026-06-11 09:46:57 UTC] Stall detector: OK — no stale tasks
[2026-06-11 10:16:57 UTC] Stall detector: OK — no stale tasks
[2026-06-11 10:46:57 UTC] Stall detector: OK — no stale tasks
[2026-06-11 11:16:58 UTC] Stall detector: OK — no stale tasks
[2026-06-11 11:46:58 UTC] Stall detector: OK — no stale tasks
[2026-06-11 12:16:59 UTC] Stall detector: OK — no stale tasks
[2026-06-11 12:46:59 UTC] Stall detector: OK — no stale tasks
[2026-06-11 13:16:59 UTC] Stall detector: OK — no stale tasks
[2026-06-11 13:47:00 UTC] Stall detector: OK — no stale tasks
[2026-06-11 14:17:00 UTC] Stall detector: OK — no stale tasks
[2026-06-11 14:47:01 UTC] Stall detector: OK — no stale tasks
[2026-06-11 15:17:01 UTC] Stall detector: OK — no stale tasks
[2026-06-11 15:47:02 UTC] Stall detector: OK — no stale tasks
[2026-06-11 16:17:02 UTC] Stall detector: OK — no stale tasks
[2026-06-11 16:47:03 UTC] Stall detector: OK — no stale tasks
[2026-06-11 17:17:03 UTC] Stall detector: OK — no stale tasks
[2026-06-11 17:47:04 UTC] Stall detector: OK — no stale tasks
[2026-06-11 18:17:04 UTC] Stall detector: OK — no stale tasks
[2026-06-11 18:47:04 UTC] Stall detector: OK — no stale tasks
[2026-06-11 19:17:05 UTC] Stall detector: OK — no stale tasks
[2026-06-11 19:47:05 UTC] Stall detector: OK — no stale tasks
[2026-06-11 20:17:06 UTC] Stall detector: OK — no stale tasks
[2026-06-11 20:47:06 UTC] Stall detector: OK — no stale tasks
[2026-06-11 21:17:06 UTC] Stall detector: OK — no stale tasks
[2026-06-11 21:47:07 UTC] Stall detector: OK — no stale tasks
[2026-06-11 22:17:07 UTC] Stall detector: OK — no stale tasks
[2026-06-11 22:47:08 UTC] Stall detector: OK — no stale tasks
[2026-06-11 23:17:08 UTC] Stall detector: OK — no stale tasks
[2026-06-12 00:17:21 UTC] Stall detector: OK — no stale tasks
[2026-06-12 00:47:22 UTC] Stall detector: OK — no stale tasks
[2026-06-12 01:17:22 UTC] Stall detector: OK — no stale tasks
[2026-06-12 01:47:23 UTC] Stall detector: OK — no stale tasks
[2026-06-12 02:17:23 UTC] Stall detector: OK — no stale tasks
[2026-06-12 02:47:23 UTC] Stall detector: OK — no stale tasks
[2026-06-12 03:17:24 UTC] Stall detector: OK — no stale tasks
[2026-06-12 03:47:24 UTC] Stall detector: OK — no stale tasks
[2026-06-12 04:17:24 UTC] Stall detector: OK — no stale tasks
[2026-06-12 04:47:25 UTC] Stall detector: OK — no stale tasks
[2026-06-12 05:17:25 UTC] Stall detector: OK — no stale tasks
[2026-06-12 05:47:26 UTC] Stall detector: OK — no stale tasks
[2026-06-12 06:17:26 UTC] Stall detector: OK — no stale tasks
[2026-06-12 06:47:27 UTC] Stall detector: OK — no stale tasks
[2026-06-12 07:17:30 UTC] Stall detector: cleared 2 task(s)
  CLEARED task-be03dff8: stalledAt removed after 34 min in backlog
  CLEARED task-wb-migration-001: stalledAt removed after 34 min in backlog
[2026-06-12 07:47:34 UTC] Stall detector: OK — no stale tasks
[2026-06-12 08:17:36 UTC] Stall detector: OK — no stale tasks
[2026-06-12 08:47:39 UTC] Stall detector: OK — no stale tasks
[2026-06-12 09:17:41 UTC] Stall detector: OK — no stale tasks
[2026-06-12 09:47:44 UTC] Stall detector: OK — no stale tasks
[2026-06-12 10:17:47 UTC] Stall detector: OK — no stale tasks
[2026-06-12 10:47:50 UTC] Stall detector: OK — no stale tasks
[2026-06-12 11:17:53 UTC] Stall detector: OK — no stale tasks
[2026-06-12 11:47:57 UTC] Stall detector: OK — no stale tasks
[2026-06-12 12:47:41 UTC] Stall detector: OK — no stale tasks
[2026-06-12 13:17:44 UTC] Stall detector: OK — no stale tasks
